[ 2016-12-21T14:28:07+08:00 ] ::1 /nuotuan/index.php/Admin/Public/login.html
INFO: [ app_init ] --START--
INFO: Run Behavior\BuildLiteBehavior [ RunTime:0.000018s ]
INFO: [ app_init ] --END-- [ RunTime:0.000535s ]
INFO: [ app_begin ] --START--
INFO: Run Behavior\ReadHtmlCacheBehavior [ RunTime:0.000534s ]
INFO: [ app_begin ] --END-- [ RunTime:0.000598s ]
INFO: [ view_parse ] --START--
INFO: [ template_filter ] --START--
INFO: Run Behavior\ContentReplaceBehavior [ RunTime:0.000065s ]
INFO: [ template_filter ] --END-- [ RunTime:0.000140s ]
INFO: Run Behavior\ParseTemplateBehavior [ RunTime:0.014635s ]
INFO: [ view_parse ] --END-- [ RunTime:0.014699s ]
INFO: [ view_filter ] --START--
INFO: Run Behavior\WriteHtmlCacheBehavior [ RunTime:0.000431s ]
INFO: [ view_filter ] --END-- [ RunTime:0.000475s ]
INFO: [ app_end ] --START--
INFO: Run Behavior\ShowPageTraceBehavior [ RunTime:0.000524s ]
INFO: [ app_end ] --END-- [ RunTime:0.000571s ]

[ 2016-12-21T14:28:10+08:00 ] ::1 /nuotuan/index.php/Admin/Public/login.html
INFO: [ app_init ] --START--
INFO: Run Behavior\BuildLiteBehavior [ RunTime:0.000021s ]
INFO: [ app_init ] --END-- [ RunTime:0.000331s ]
INFO: [ app_begin ] --START--
INFO: Run Behavior\ReadHtmlCacheBehavior [ RunTime:0.000446s ]
INFO: [ app_begin ] --END-- [ RunTime:0.000510s ]
SQL: SHOW COLUMNS FROM `admin_user` [ RunTime:0.0081s ]
SQL: SELECT * FROM `admin_user` WHERE `username` = 'admin' AND `password` = 'e10adc3949ba59abbe56e057f20f883e' LIMIT 1   [ RunTime:0.0005s ]

[ 2016-12-21T14:28:10+08:00 ] ::1 /nuotuan/index.php/Admin/Index/index.html
INFO: [ app_init ] --START--
INFO: Run Behavior\BuildLiteBehavior [ RunTime:0.000017s ]
INFO: [ app_init ] --END-- [ RunTime:0.000361s ]
INFO: [ app_begin ] --START--
INFO: Run Behavior\ReadHtmlCacheBehavior [ RunTime:0.000470s ]
INFO: [ app_begin ] --END-- [ RunTime:0.000535s ]
INFO: [ view_parse ] --START--
INFO: [ template_filter ] --START--
INFO: Run Behavior\ContentReplaceBehavior [ RunTime:0.000062s ]
INFO: [ template_filter ] --END-- [ RunTime:0.000130s ]
INFO: Run Behavior\ParseTemplateBehavior [ RunTime:0.015014s ]
INFO: [ view_parse ] --END-- [ RunTime:0.015116s ]
INFO: [ view_filter ] --START--
INFO: Run Behavior\WriteHtmlCacheBehavior [ RunTime:0.000532s ]
INFO: [ view_filter ] --END-- [ RunTime:0.000601s ]
INFO: [ app_end ] --START--
INFO: Run Behavior\ShowPageTraceBehavior [ RunTime:0.000492s ]
INFO: [ app_end ] --END-- [ RunTime:0.000548s ]

[ 2016-12-21T14:28:11+08:00 ] ::1 /nuotuan/index.php/Admin/GroupDate/glist.html
INFO: [ app_init ] --START--
INFO: Run Behavior\BuildLiteBehavior [ RunTime:0.000015s ]
INFO: [ app_init ] --END-- [ RunTime:0.000303s ]
INFO: [ app_begin ] --START--
INFO: Run Behavior\ReadHtmlCacheBehavior [ RunTime:0.000394s ]
INFO: [ app_begin ] --END-- [ RunTime:0.000447s ]
SQL: SHOW COLUMNS FROM `group` [ RunTime:0.0065s ]
SQL: SELECT * FROM `group`  [ RunTime:0.0005s ]
INFO: [ view_parse ] --START--
INFO: [ template_filter ] --START--
INFO: Run Behavior\ContentReplaceBehavior [ RunTime:0.000062s ]
INFO: [ template_filter ] --END-- [ RunTime:0.000123s ]
NOTIC: [8] Undefined index: id C:\WWW\nuotuan\Application\Runtime\Cache\Admin\d0c8ceec33d1c56a28b911b2db9cf4b3.php 第 105 行.
NOTIC: [8] Undefined index: id C:\WWW\nuotuan\Application\Runtime\Cache\Admin\d0c8ceec33d1c56a28b911b2db9cf4b3.php 第 105 行.
NOTIC: [8] Undefined index: id C:\WWW\nuotuan\Application\Runtime\Cache\Admin\d0c8ceec33d1c56a28b911b2db9cf4b3.php 第 105 行.
NOTIC: [8] Undefined index: id C:\WWW\nuotuan\Application\Runtime\Cache\Admin\d0c8ceec33d1c56a28b911b2db9cf4b3.php 第 105 行.
NOTIC: [8] Undefined index: id C:\WWW\nuotuan\Application\Runtime\Cache\Admin\d0c8ceec33d1c56a28b911b2db9cf4b3.php 第 105 行.
NOTIC: [8] Undefined index: id C:\WWW\nuotuan\Application\Runtime\Cache\Admin\d0c8ceec33d1c56a28b911b2db9cf4b3.php 第 105 行.
INFO: Run Behavior\ParseTemplateBehavior [ RunTime:0.009726s ]
INFO: [ view_parse ] --END-- [ RunTime:0.009783s ]
INFO: [ view_filter ] --START--
INFO: Run Behavior\WriteHtmlCacheBehavior [ RunTime:0.000397s ]
INFO: [ view_filter ] --END-- [ RunTime:0.000533s ]
INFO: [ app_end ] --START--
INFO: Run Behavior\ShowPageTraceBehavior [ RunTime:0.000607s ]
INFO: [ app_end ] --END-- [ RunTime:0.000669s ]

[ 2016-12-21T14:31:47+08:00 ] ::1 /nuotuan/index.php/Admin/GroupDate/glist.html
INFO: [ app_init ] --START--
INFO: Run Behavior\BuildLiteBehavior [ RunTime:0.000032s ]
INFO: [ app_init ] --END-- [ RunTime:0.000646s ]
INFO: [ app_begin ] --START--
INFO: Run Behavior\ReadHtmlCacheBehavior [ RunTime:0.000882s ]
INFO: [ app_begin ] --END-- [ RunTime:0.000997s ]
SQL: SHOW COLUMNS FROM `group` [ RunTime:0.0039s ]
SQL: SELECT * FROM `group`  [ RunTime:0.0005s ]
INFO: [ view_parse ] --START--
INFO: [ template_filter ] --START--
INFO: Run Behavior\ContentReplaceBehavior [ RunTime:0.000100s ]
INFO: [ template_filter ] --END-- [ RunTime:0.000194s ]
NOTIC: [8] Undefined index: id C:\WWW\nuotuan\Application\Runtime\Cache\Admin\d0c8ceec33d1c56a28b911b2db9cf4b3.php 第 107 行.
NOTIC: [8] Undefined index: id C:\WWW\nuotuan\Application\Runtime\Cache\Admin\d0c8ceec33d1c56a28b911b2db9cf4b3.php 第 107 行.
NOTIC: [8] Undefined index: id C:\WWW\nuotuan\Application\Runtime\Cache\Admin\d0c8ceec33d1c56a28b911b2db9cf4b3.php 第 107 行.
NOTIC: [8] Undefined index: id C:\WWW\nuotuan\Application\Runtime\Cache\Admin\d0c8ceec33d1c56a28b911b2db9cf4b3.php 第 107 行.
NOTIC: [8] Undefined index: id C:\WWW\nuotuan\Application\Runtime\Cache\Admin\d0c8ceec33d1c56a28b911b2db9cf4b3.php 第 107 行.
NOTIC: [8] Undefined index: id C:\WWW\nuotuan\Application\Runtime\Cache\Admin\d0c8ceec33d1c56a28b911b2db9cf4b3.php 第 107 行.
INFO: Run Behavior\ParseTemplateBehavior [ RunTime:0.015550s ]
INFO: [ view_parse ] --END-- [ RunTime:0.015626s ]
INFO: [ view_filter ] --START--
INFO: Run Behavior\WriteHtmlCacheBehavior [ RunTime:0.000343s ]
INFO: [ view_filter ] --END-- [ RunTime:0.000394s ]
INFO: [ app_end ] --START--
INFO: Run Behavior\ShowPageTraceBehavior [ RunTime:0.000688s ]
INFO: [ app_end ] --END-- [ RunTime:0.000754s ]

[ 2016-12-21T14:31:49+08:00 ] ::1 /nuotuan/index.php/Admin/News/nlist.html
INFO: [ app_init ] --START--
INFO: Run Behavior\BuildLiteBehavior [ RunTime:0.000026s ]
INFO: [ app_init ] --END-- [ RunTime:0.000519s ]
INFO: [ app_begin ] --START--
INFO: Run Behavior\ReadHtmlCacheBehavior [ RunTime:0.000652s ]
INFO: [ app_begin ] --END-- [ RunTime:0.000747s ]
SQL: SHOW COLUMNS FROM `user` [ RunTime:0.0102s ]
ERR: 1054:Unknown column 'id' in 'order clause'
 [ SQL语句 ] : SELECT * FROM `user` ORDER BY id desc 
ERR: 1054:Unknown column 'id' in 'order clause'
 [ SQL语句 ] : SELECT * FROM `user` ORDER BY id desc 

[ 2016-12-21T14:32:08+08:00 ] ::1 /nuotuan/index.php/Admin/News/nlist.html
INFO: [ app_init ] --START--
INFO: Run Behavior\BuildLiteBehavior [ RunTime:0.000018s ]
INFO: [ app_init ] --END-- [ RunTime:0.000360s ]
INFO: [ app_begin ] --START--
INFO: Run Behavior\ReadHtmlCacheBehavior [ RunTime:0.000506s ]
INFO: [ app_begin ] --END-- [ RunTime:0.000587s ]
SQL: SHOW COLUMNS FROM `user` [ RunTime:0.0106s ]
SQL: SELECT * FROM `user` ORDER BY Uid desc  [ RunTime:0.0005s ]
INFO: [ view_parse ] --START--
INFO: [ template_filter ] --START--
INFO: Run Behavior\ContentReplaceBehavior [ RunTime:0.000073s ]
INFO: [ template_filter ] --END-- [ RunTime:0.000152s ]
NOTIC: [8] Undefined index: id C:\WWW\nuotuan\Application\Runtime\Cache\Admin\6d8b4cb951f749bfa50ea313480bcd3a.php 第 103 行.
NOTIC: [8] Undefined index: id C:\WWW\nuotuan\Application\Runtime\Cache\Admin\6d8b4cb951f749bfa50ea313480bcd3a.php 第 103 行.
NOTIC: [8] Undefined index: id C:\WWW\nuotuan\Application\Runtime\Cache\Admin\6d8b4cb951f749bfa50ea313480bcd3a.php 第 103 行.
NOTIC: [8] Undefined index: id C:\WWW\nuotuan\Application\Runtime\Cache\Admin\6d8b4cb951f749bfa50ea313480bcd3a.php 第 103 行.
NOTIC: [8] Undefined index: id C:\WWW\nuotuan\Application\Runtime\Cache\Admin\6d8b4cb951f749bfa50ea313480bcd3a.php 第 103 行.
NOTIC: [8] Undefined index: id C:\WWW\nuotuan\Application\Runtime\Cache\Admin\6d8b4cb951f749bfa50ea313480bcd3a.php 第 103 行.
NOTIC: [8] Undefined index: id C:\WWW\nuotuan\Application\Runtime\Cache\Admin\6d8b4cb951f749bfa50ea313480bcd3a.php 第 103 行.
NOTIC: [8] Undefined index: id C:\WWW\nuotuan\Application\Runtime\Cache\Admin\6d8b4cb951f749bfa50ea313480bcd3a.php 第 103 行.
NOTIC: [8] Undefined index: id C:\WWW\nuotuan\Application\Runtime\Cache\Admin\6d8b4cb951f749bfa50ea313480bcd3a.php 第 103 行.
NOTIC: [8] Undefined index: id C:\WWW\nuotuan\Application\Runtime\Cache\Admin\6d8b4cb951f749bfa50ea313480bcd3a.php 第 103 行.
NOTIC: [8] Undefined index: id C:\WWW\nuotuan\Application\Runtime\Cache\Admin\6d8b4cb951f749bfa50ea313480bcd3a.php 第 103 行.
INFO: Run Behavior\ParseTemplateBehavior [ RunTime:0.013801s ]
INFO: [ view_parse ] --END-- [ RunTime:0.013886s ]
INFO: [ view_filter ] --START--
INFO: Run Behavior\WriteHtmlCacheBehavior [ RunTime:0.000329s ]
INFO: [ view_filter ] --END-- [ RunTime:0.000400s ]
INFO: [ app_end ] --START--
INFO: Run Behavior\ShowPageTraceBehavior [ RunTime:0.000691s ]
INFO: [ app_end ] --END-- [ RunTime:0.000783s ]

[ 2016-12-21T14:32:33+08:00 ] ::1 /nuotuan/index.php/Admin/News/nlist.html
INFO: [ app_init ] --START--
INFO: Run Behavior\BuildLiteBehavior [ RunTime:0.000027s ]
INFO: [ app_init ] --END-- [ RunTime:0.000555s ]
INFO: [ app_begin ] --START--
INFO: Run Behavior\ReadHtmlCacheBehavior [ RunTime:0.000621s ]
INFO: [ app_begin ] --END-- [ RunTime:0.000710s ]
SQL: SHOW COLUMNS FROM `user` [ RunTime:0.0103s ]
SQL: SELECT * FROM `user` ORDER BY Uid desc  [ RunTime:0.0005s ]
INFO: [ view_parse ] --START--
INFO: [ template_filter ] --START--
INFO: Run Behavior\ContentReplaceBehavior [ RunTime:0.000071s ]
INFO: [ template_filter ] --END-- [ RunTime:0.000150s ]
NOTIC: [8] Undefined index: id C:\WWW\nuotuan\Application\Runtime\Cache\Admin\6d8b4cb951f749bfa50ea313480bcd3a.php 第 102 行.
NOTIC: [8] Undefined index: id C:\WWW\nuotuan\Application\Runtime\Cache\Admin\6d8b4cb951f749bfa50ea313480bcd3a.php 第 102 行.
NOTIC: [8] Undefined index: id C:\WWW\nuotuan\Application\Runtime\Cache\Admin\6d8b4cb951f749bfa50ea313480bcd3a.php 第 102 行.
NOTIC: [8] Undefined index: id C:\WWW\nuotuan\Application\Runtime\Cache\Admin\6d8b4cb951f749bfa50ea313480bcd3a.php 第 102 行.
NOTIC: [8] Undefined index: id C:\WWW\nuotuan\Application\Runtime\Cache\Admin\6d8b4cb951f749bfa50ea313480bcd3a.php 第 102 行.
NOTIC: [8] Undefined index: id C:\WWW\nuotuan\Application\Runtime\Cache\Admin\6d8b4cb951f749bfa50ea313480bcd3a.php 第 102 行.
NOTIC: [8] Undefined index: id C:\WWW\nuotuan\Application\Runtime\Cache\Admin\6d8b4cb951f749bfa50ea313480bcd3a.php 第 102 行.
NOTIC: [8] Undefined index: id C:\WWW\nuotuan\Application\Runtime\Cache\Admin\6d8b4cb951f749bfa50ea313480bcd3a.php 第 102 行.
NOTIC: [8] Undefined index: id C:\WWW\nuotuan\Application\Runtime\Cache\Admin\6d8b4cb951f749bfa50ea313480bcd3a.php 第 102 行.
NOTIC: [8] Undefined index: id C:\WWW\nuotuan\Application\Runtime\Cache\Admin\6d8b4cb951f749bfa50ea313480bcd3a.php 第 102 行.
NOTIC: [8] Undefined index: id C:\WWW\nuotuan\Application\Runtime\Cache\Admin\6d8b4cb951f749bfa50ea313480bcd3a.php 第 102 行.
INFO: Run Behavior\ParseTemplateBehavior [ RunTime:0.012181s ]
INFO: [ view_parse ] --END-- [ RunTime:0.012271s ]
INFO: [ view_filter ] --START--
INFO: Run Behavior\WriteHtmlCacheBehavior [ RunTime:0.000384s ]
INFO: [ view_filter ] --END-- [ RunTime:0.000457s ]
INFO: [ app_end ] --START--
INFO: Run Behavior\ShowPageTraceBehavior [ RunTime:0.000947s ]
INFO: [ app_end ] --END-- [ RunTime:0.001077s ]

[ 2016-12-21T14:32:37+08:00 ] ::1 /nuotuan/index.php/Admin/News/nlist.html
INFO: [ app_init ] --START--
INFO: Run Behavior\BuildLiteBehavior [ RunTime:0.000017s ]
INFO: [ app_init ] --END-- [ RunTime:0.000340s ]
INFO: [ app_begin ] --START--
INFO: Run Behavior\ReadHtmlCacheBehavior [ RunTime:0.000523s ]
INFO: [ app_begin ] --END-- [ RunTime:0.000590s ]
SQL: SHOW COLUMNS FROM `user` [ RunTime:0.0109s ]
SQL: SELECT * FROM `user` ORDER BY Uid desc  [ RunTime:0.0005s ]
INFO: [ view_parse ] --START--
INFO: [ template_filter ] --START--
INFO: Run Behavior\ContentReplaceBehavior [ RunTime:0.000159s ]
INFO: [ template_filter ] --END-- [ RunTime:0.000384s ]
NOTIC: [8] Undefined index: id C:\WWW\nuotuan\Application\Runtime\Cache\Admin\6d8b4cb951f749bfa50ea313480bcd3a.php 第 102 行.
NOTIC: [8] Undefined index: id C:\WWW\nuotuan\Application\Runtime\Cache\Admin\6d8b4cb951f749bfa50ea313480bcd3a.php 第 102 行.
NOTIC: [8] Undefined index: id C:\WWW\nuotuan\Application\Runtime\Cache\Admin\6d8b4cb951f749bfa50ea313480bcd3a.php 第 102 行.
NOTIC: [8] Undefined index: id C:\WWW\nuotuan\Application\Runtime\Cache\Admin\6d8b4cb951f749bfa50ea313480bcd3a.php 第 102 行.
NOTIC: [8] Undefined index: id C:\WWW\nuotuan\Application\Runtime\Cache\Admin\6d8b4cb951f749bfa50ea313480bcd3a.php 第 102 行.
NOTIC: [8] Undefined index: id C:\WWW\nuotuan\Application\Runtime\Cache\Admin\6d8b4cb951f749bfa50ea313480bcd3a.php 第 102 行.
NOTIC: [8] Undefined index: id C:\WWW\nuotuan\Application\Runtime\Cache\Admin\6d8b4cb951f749bfa50ea313480bcd3a.php 第 102 行.
NOTIC: [8] Undefined index: id C:\WWW\nuotuan\Application\Runtime\Cache\Admin\6d8b4cb951f749bfa50ea313480bcd3a.php 第 102 行.
NOTIC: [8] Undefined index: id C:\WWW\nuotuan\Application\Runtime\Cache\Admin\6d8b4cb951f749bfa50ea313480bcd3a.php 第 102 行.
NOTIC: [8] Undefined index: id C:\WWW\nuotuan\Application\Runtime\Cache\Admin\6d8b4cb951f749bfa50ea313480bcd3a.php 第 102 行.
NOTIC: [8] Undefined index: id C:\WWW\nuotuan\Application\Runtime\Cache\Admin\6d8b4cb951f749bfa50ea313480bcd3a.php 第 102 行.
INFO: Run Behavior\ParseTemplateBehavior [ RunTime:0.011834s ]
INFO: [ view_parse ] --END-- [ RunTime:0.011908s ]
INFO: [ view_filter ] --START--
INFO: Run Behavior\WriteHtmlCacheBehavior [ RunTime:0.000358s ]
INFO: [ view_filter ] --END-- [ RunTime:0.000422s ]
INFO: [ app_end ] --START--
INFO: Run Behavior\ShowPageTraceBehavior [ RunTime:0.000767s ]
INFO: [ app_end ] --END-- [ RunTime:0.000856s ]

[ 2016-12-21T14:33:43+08:00 ] ::1 /nuotuan/index.php/Admin/News/nlist.html
INFO: [ app_init ] --START--
INFO: Run Behavior\BuildLiteBehavior [ RunTime:0.000018s ]
INFO: [ app_init ] --END-- [ RunTime:0.000387s ]
INFO: [ app_begin ] --START--
INFO: Run Behavior\ReadHtmlCacheBehavior [ RunTime:0.000451s ]
INFO: [ app_begin ] --END-- [ RunTime:0.000513s ]
SQL: SHOW COLUMNS FROM `user` [ RunTime:0.0099s ]
SQL: SELECT * FROM `user` ORDER BY Uid desc  [ RunTime:0.0004s ]
INFO: [ view_parse ] --START--
INFO: [ template_filter ] --START--
INFO: Run Behavior\ContentReplaceBehavior [ RunTime:0.000076s ]
INFO: [ template_filter ] --END-- [ RunTime:0.000154s ]
NOTIC: [8] Undefined index: id C:\WWW\nuotuan\Application\Runtime\Cache\Admin\6d8b4cb951f749bfa50ea313480bcd3a.php 第 102 行.
NOTIC: [8] Undefined index: id C:\WWW\nuotuan\Application\Runtime\Cache\Admin\6d8b4cb951f749bfa50ea313480bcd3a.php 第 102 行.
NOTIC: [8] Undefined index: id C:\WWW\nuotuan\Application\Runtime\Cache\Admin\6d8b4cb951f749bfa50ea313480bcd3a.php 第 102 行.
NOTIC: [8] Undefined index: id C:\WWW\nuotuan\Application\Runtime\Cache\Admin\6d8b4cb951f749bfa50ea313480bcd3a.php 第 102 行.
NOTIC: [8] Undefined index: id C:\WWW\nuotuan\Application\Runtime\Cache\Admin\6d8b4cb951f749bfa50ea313480bcd3a.php 第 102 行.
NOTIC: [8] Undefined index: id C:\WWW\nuotuan\Application\Runtime\Cache\Admin\6d8b4cb951f749bfa50ea313480bcd3a.php 第 102 行.
NOTIC: [8] Undefined index: id C:\WWW\nuotuan\Application\Runtime\Cache\Admin\6d8b4cb951f749bfa50ea313480bcd3a.php 第 102 行.
NOTIC: [8] Undefined index: id C:\WWW\nuotuan\Application\Runtime\Cache\Admin\6d8b4cb951f749bfa50ea313480bcd3a.php 第 102 行.
NOTIC: [8] Undefined index: id C:\WWW\nuotuan\Application\Runtime\Cache\Admin\6d8b4cb951f749bfa50ea313480bcd3a.php 第 102 行.
NOTIC: [8] Undefined index: id C:\WWW\nuotuan\Application\Runtime\Cache\Admin\6d8b4cb951f749bfa50ea313480bcd3a.php 第 102 行.
NOTIC: [8] Undefined index: id C:\WWW\nuotuan\Application\Runtime\Cache\Admin\6d8b4cb951f749bfa50ea313480bcd3a.php 第 102 行.
INFO: Run Behavior\ParseTemplateBehavior [ RunTime:0.010466s ]
INFO: [ view_parse ] --END-- [ RunTime:0.010527s ]
INFO: [ view_filter ] --START--
INFO: Run Behavior\WriteHtmlCacheBehavior [ RunTime:0.000291s ]
INFO: [ view_filter ] --END-- [ RunTime:0.000339s ]
INFO: [ app_end ] --START--
INFO: Run Behavior\ShowPageTraceBehavior [ RunTime:0.000784s ]
INFO: [ app_end ] --END-- [ RunTime:0.000847s ]

