[ 2016-10-26T16:13:26+08:00 ] ::1 /nuotuan/index.php?lat=102.860436&lng=24.831008
INFO: [ app_init ] --START--
INFO: Run Behavior\BuildLiteBehavior [ RunTime:0.000017s ]
INFO: [ app_init ] --END-- [ RunTime:0.000492s ]
INFO: [ app_begin ] --START--
INFO: Run Behavior\ReadHtmlCacheBehavior [ RunTime:0.000779s ]
INFO: [ app_begin ] --END-- [ RunTime:0.000842s ]
SQL: SHOW COLUMNS FROM `group` [ RunTime:0.0063s ]
SQL: SELECT * FROM `group` WHERE ( lng<24.931008 AND lng>24.731008 AND lat<102.960436 AND lat>102.760436 )  [ RunTime:0.0005s ]
NOTIC: [8] Undefined variable: url C:\WWW\nuotuan\Application\Home\Controller\IndexController.class.php 第 16 行.

[ 2016-10-26T21:40:46+08:00 ] ::1 /nuotuan/index.php?nuotuan/index.php/Home/Reg/Reg.html
INFO: [ app_init ] --START--
INFO: Run Behavior\BuildLiteBehavior [ RunTime:0.000016s ]
INFO: [ app_init ] --END-- [ RunTime:0.000464s ]
INFO: [ app_begin ] --START--
INFO: Run Behavior\ReadHtmlCacheBehavior [ RunTime:0.001217s ]
INFO: [ app_begin ] --END-- [ RunTime:0.001332s ]
NOTIC: [8] Undefined index: lng C:\WWW\nuotuan\Application\Home\Controller\IndexController.class.php 第 6 行.
NOTIC: [8] Undefined index: lat C:\WWW\nuotuan\Application\Home\Controller\IndexController.class.php 第 7 行.
SQL: SHOW COLUMNS FROM `group` [ RunTime:0.0054s ]
SQL: SELECT * FROM `group` WHERE ( lng<0.1 AND lng>-0.1 AND lat<0.1 AND lat>-0.1 )  [ RunTime:0.0018s ]
NOTIC: [8] Undefined variable: url C:\WWW\nuotuan\Application\Home\Controller\IndexController.class.php 第 16 行.

[ 2016-10-26T21:42:27+08:00 ] ::1 /nuotuan/index.php/Home/Reg/Reg.html
INFO: [ app_init ] --START--
INFO: Run Behavior\BuildLiteBehavior [ RunTime:0.000017s ]
INFO: [ app_init ] --END-- [ RunTime:0.000438s ]
INFO: [ app_begin ] --START--
INFO: Run Behavior\ReadHtmlCacheBehavior [ RunTime:0.000939s ]
INFO: [ app_begin ] --END-- [ RunTime:0.001014s ]
NOTIC: [8] Undefined index: name C:\WWW\nuotuan\Application\Home\Controller\RegController.class.php 第 6 行.

[ 2016-10-26T21:51:55+08:00 ] 192.168.1.102 /nuotuan/index.php/Home/Reg/Reg.html
INFO: [ app_init ] --START--
INFO: Run Behavior\BuildLiteBehavior [ RunTime:0.000016s ]
INFO: [ app_init ] --END-- [ RunTime:0.000374s ]
INFO: [ app_begin ] --START--
INFO: Run Behavior\ReadHtmlCacheBehavior [ RunTime:0.000805s ]
INFO: [ app_begin ] --END-- [ RunTime:0.000883s ]
NOTIC: [8] Undefined index: password C:\WWW\nuotuan\Application\Home\Controller\RegController.class.php 第 6 行.

[ 2016-10-26T21:52:03+08:00 ] 192.168.1.102 /nuotuan/index.php/Home/Reg/Reg.html
INFO: [ app_init ] --START--
INFO: Run Behavior\BuildLiteBehavior [ RunTime:0.000078s ]
INFO: [ app_init ] --END-- [ RunTime:0.002072s ]
INFO: [ app_begin ] --START--
INFO: Run Behavior\ReadHtmlCacheBehavior [ RunTime:0.003593s ]
INFO: [ app_begin ] --END-- [ RunTime:0.003853s ]
NOTIC: [8] Undefined index: password C:\WWW\nuotuan\Application\Home\Controller\RegController.class.php 第 6 行.

[ 2016-10-26T21:52:04+08:00 ] 192.168.1.102 /nuotuan/index.php/Home/Reg/Reg.html
INFO: [ app_init ] --START--
INFO: Run Behavior\BuildLiteBehavior [ RunTime:0.000015s ]
INFO: [ app_init ] --END-- [ RunTime:0.000389s ]
INFO: [ app_begin ] --START--
INFO: Run Behavior\ReadHtmlCacheBehavior [ RunTime:0.000930s ]
INFO: [ app_begin ] --END-- [ RunTime:0.001018s ]
NOTIC: [8] Undefined index: password C:\WWW\nuotuan\Application\Home\Controller\RegController.class.php 第 6 行.

[ 2016-10-26T21:52:05+08:00 ] 192.168.1.102 /nuotuan/index.php/Home/Reg/Reg.html
INFO: [ app_init ] --START--
INFO: Run Behavior\BuildLiteBehavior [ RunTime:0.000052s ]
INFO: [ app_init ] --END-- [ RunTime:0.001253s ]
INFO: [ app_begin ] --START--
INFO: Run Behavior\ReadHtmlCacheBehavior [ RunTime:0.003072s ]
INFO: [ app_begin ] --END-- [ RunTime:0.003310s ]
NOTIC: [8] Undefined index: password C:\WWW\nuotuan\Application\Home\Controller\RegController.class.php 第 6 行.

[ 2016-10-26T21:52:05+08:00 ] 192.168.1.102 /nuotuan/index.php/Home/Reg/Reg.html
INFO: [ app_init ] --START--
INFO: Run Behavior\BuildLiteBehavior [ RunTime:0.000024s ]
INFO: [ app_init ] --END-- [ RunTime:0.000638s ]
INFO: [ app_begin ] --START--
INFO: Run Behavior\ReadHtmlCacheBehavior [ RunTime:0.001405s ]
INFO: [ app_begin ] --END-- [ RunTime:0.001512s ]
NOTIC: [8] Undefined index: password C:\WWW\nuotuan\Application\Home\Controller\RegController.class.php 第 6 行.

[ 2016-10-26T21:53:45+08:00 ] 192.168.1.102 /nuotuan/index.php/Home/Reg/Reg.html
INFO: [ app_init ] --START--
INFO: Run Behavior\BuildLiteBehavior [ RunTime:0.000024s ]
INFO: [ app_init ] --END-- [ RunTime:0.000631s ]
INFO: [ app_begin ] --START--
INFO: Run Behavior\ReadHtmlCacheBehavior [ RunTime:0.000974s ]
INFO: [ app_begin ] --END-- [ RunTime:0.001052s ]
SQL: SHOW COLUMNS FROM `user` [ RunTime:0.0052s ]
SQL: INSERT INTO `user` (`username`,`password`,`email`,`phone`) VALUES ('魂少','','4@qq.com','15687777122') [ RunTime:0.0011s ]

[ 2016-10-26T22:00:57+08:00 ] 192.168.1.102 /nuotuan/index.php/Home/Reg/Reg.html
INFO: [ app_init ] --START--
INFO: Run Behavior\BuildLiteBehavior [ RunTime:0.000033s ]
INFO: [ app_init ] --END-- [ RunTime:0.000878s ]
INFO: [ app_begin ] --START--
INFO: Run Behavior\ReadHtmlCacheBehavior [ RunTime:0.001428s ]
INFO: [ app_begin ] --END-- [ RunTime:0.001573s ]
SQL: SHOW COLUMNS FROM `user` [ RunTime:0.0054s ]
SQL: SELECT * FROM `user` WHERE ( phone =15687777122 ) LIMIT 1   [ RunTime:0.0006s ]
SQL: INSERT INTO `user` (`username`,`password`,`email`,`phone`) VALUES ('kanoyami','e10adc3949ba59abbe56e057f20f883e','274@qq.com','15687777122') [ RunTime:0.0003s ]

[ 2016-10-26T22:05:45+08:00 ] ::1 /nuotuan/index.php/Home/Login/login.html
INFO: [ app_init ] --START--
INFO: Run Behavior\BuildLiteBehavior [ RunTime:0.000026s ]
INFO: [ app_init ] --END-- [ RunTime:0.000411s ]
INFO: [ app_begin ] --START--
INFO: Run Behavior\ReadHtmlCacheBehavior [ RunTime:0.001256s ]
INFO: [ app_begin ] --END-- [ RunTime:0.001523s ]
SQL: SHOW COLUMNS FROM `user` [ RunTime:0.0104s ]
SQL: SELECT * FROM `user` WHERE ( password ='e10adc3949ba59abbe56e057f20f883e' AND username ='kanoyami' ) LIMIT 1   [ RunTime:0.0004s ]

[ 2016-10-26T22:06:39+08:00 ] 192.168.1.102 /nuotuan/index.php/Home/Login/login.html
INFO: [ app_init ] --START--
INFO: Run Behavior\BuildLiteBehavior [ RunTime:0.000017s ]
INFO: [ app_init ] --END-- [ RunTime:0.000401s ]
INFO: [ app_begin ] --START--
INFO: Run Behavior\ReadHtmlCacheBehavior [ RunTime:0.000881s ]
INFO: [ app_begin ] --END-- [ RunTime:0.000960s ]
SQL: SHOW COLUMNS FROM `user` [ RunTime:0.0104s ]
SQL: SELECT * FROM `user` WHERE ( password ='e10adc3949ba59abbe56e057f20f883e' AND username ='kanoyami' ) LIMIT 1   [ RunTime:0.0004s ]

[ 2016-10-26T22:24:49+08:00 ] 192.168.1.102 /nuotuan/index.php/Home/Login/login.html
INFO: [ app_init ] --START--
INFO: Run Behavior\BuildLiteBehavior [ RunTime:0.000029s ]
INFO: [ app_init ] --END-- [ RunTime:0.000710s ]
INFO: [ app_begin ] --START--
INFO: Run Behavior\ReadHtmlCacheBehavior [ RunTime:0.001997s ]
INFO: [ app_begin ] --END-- [ RunTime:0.002246s ]
NOTIC: [8] Undefined variable: result C:\WWW\nuotuan\Application\Home\Controller\LoginController.class.php 第 11 行.

[ 2016-10-26T22:24:54+08:00 ] 192.168.1.102 /nuotuan/index.php/Home/Login/login.html
INFO: [ app_init ] --START--
INFO: Run Behavior\BuildLiteBehavior [ RunTime:0.000018s ]
INFO: [ app_init ] --END-- [ RunTime:0.000434s ]
INFO: [ app_begin ] --START--
INFO: Run Behavior\ReadHtmlCacheBehavior [ RunTime:0.001013s ]
INFO: [ app_begin ] --END-- [ RunTime:0.001088s ]
NOTIC: [8] Undefined variable: result C:\WWW\nuotuan\Application\Home\Controller\LoginController.class.php 第 11 行.

[ 2016-10-26T22:24:56+08:00 ] 192.168.1.102 /nuotuan/index.php/Home/Login/login.html
INFO: [ app_init ] --START--
INFO: Run Behavior\BuildLiteBehavior [ RunTime:0.000018s ]
INFO: [ app_init ] --END-- [ RunTime:0.000520s ]
INFO: [ app_begin ] --START--
INFO: Run Behavior\ReadHtmlCacheBehavior [ RunTime:0.000887s ]
INFO: [ app_begin ] --END-- [ RunTime:0.000956s ]
NOTIC: [8] Undefined variable: result C:\WWW\nuotuan\Application\Home\Controller\LoginController.class.php 第 11 行.

[ 2016-10-26T22:24:57+08:00 ] 192.168.1.102 /nuotuan/index.php/Home/Login/login.html
INFO: [ app_init ] --START--
INFO: Run Behavior\BuildLiteBehavior [ RunTime:0.000048s ]
INFO: [ app_init ] --END-- [ RunTime:0.001304s ]
INFO: [ app_begin ] --START--
INFO: Run Behavior\ReadHtmlCacheBehavior [ RunTime:0.003550s ]
INFO: [ app_begin ] --END-- [ RunTime:0.003881s ]
NOTIC: [8] Undefined variable: result C:\WWW\nuotuan\Application\Home\Controller\LoginController.class.php 第 11 行.

[ 2016-10-26T22:25:17+08:00 ] 192.168.1.102 /nuotuan/index.php/Home/Login/login.html
INFO: [ app_init ] --START--
INFO: Run Behavior\BuildLiteBehavior [ RunTime:0.000073s ]
INFO: [ app_init ] --END-- [ RunTime:0.001881s ]
INFO: [ app_begin ] --START--
INFO: Run Behavior\ReadHtmlCacheBehavior [ RunTime:0.003766s ]
INFO: [ app_begin ] --END-- [ RunTime:0.004473s ]
NOTIC: [8] Undefined variable: result C:\WWW\nuotuan\Application\Home\Controller\LoginController.class.php 第 11 行.

[ 2016-10-26T22:25:23+08:00 ] 192.168.1.102 /nuotuan/index.php/Home/Login/login.html
INFO: [ app_init ] --START--
INFO: Run Behavior\BuildLiteBehavior [ RunTime:0.000026s ]
INFO: [ app_init ] --END-- [ RunTime:0.000609s ]
INFO: [ app_begin ] --START--
INFO: Run Behavior\ReadHtmlCacheBehavior [ RunTime:0.001389s ]
INFO: [ app_begin ] --END-- [ RunTime:0.001501s ]
NOTIC: [8] Undefined variable: result C:\WWW\nuotuan\Application\Home\Controller\LoginController.class.php 第 11 行.

[ 2016-10-26T22:25:57+08:00 ] 192.168.1.102 /nuotuan/index.php/Home/Login/login.html
INFO: [ app_init ] --START--
INFO: Run Behavior\BuildLiteBehavior [ RunTime:0.000059s ]
INFO: [ app_init ] --END-- [ RunTime:0.001463s ]
INFO: [ app_begin ] --START--
INFO: Run Behavior\ReadHtmlCacheBehavior [ RunTime:0.001366s ]
INFO: [ app_begin ] --END-- [ RunTime:0.001478s ]
NOTIC: [8] Undefined variable: result C:\WWW\nuotuan\Application\Home\Controller\LoginController.class.php 第 11 行.

[ 2016-10-26T22:26:10+08:00 ] 192.168.1.102 /nuotuan/index.php/Home/Login/login.html
INFO: [ app_init ] --START--
INFO: Run Behavior\BuildLiteBehavior [ RunTime:0.000028s ]
INFO: [ app_init ] --END-- [ RunTime:0.000698s ]
INFO: [ app_begin ] --START--
INFO: Run Behavior\ReadHtmlCacheBehavior [ RunTime:0.001518s ]
INFO: [ app_begin ] --END-- [ RunTime:0.001637s ]
NOTIC: [8] Undefined variable: result C:\WWW\nuotuan\Application\Home\Controller\LoginController.class.php 第 11 行.

[ 2016-10-26T22:26:28+08:00 ] 192.168.1.102 /nuotuan/index.php/Home/Login/login.html
INFO: [ app_init ] --START--
INFO: Run Behavior\BuildLiteBehavior [ RunTime:0.000032s ]
INFO: [ app_init ] --END-- [ RunTime:0.000725s ]
INFO: [ app_begin ] --START--
INFO: Run Behavior\ReadHtmlCacheBehavior [ RunTime:0.001413s ]
INFO: [ app_begin ] --END-- [ RunTime:0.001531s ]
SQL: SHOW COLUMNS FROM `user` [ RunTime:0.0114s ]
SQL: SELECT * FROM `user` WHERE ( password ='e10adc3949ba59abbe56e057f20f883e' AND username ='kanoyami' ) LIMIT 1   [ RunTime:0.0004s ]

[ 2016-10-26T22:27:03+08:00 ] 192.168.1.102 /nuotuan/index.php/Home/Login/login.html
INFO: [ app_init ] --START--
INFO: Run Behavior\BuildLiteBehavior [ RunTime:0.000015s ]
INFO: [ app_init ] --END-- [ RunTime:0.000387s ]
INFO: [ app_begin ] --START--
INFO: Run Behavior\ReadHtmlCacheBehavior [ RunTime:0.000762s ]
INFO: [ app_begin ] --END-- [ RunTime:0.000833s ]
SQL: SHOW COLUMNS FROM `user` [ RunTime:0.0143s ]
SQL: SELECT * FROM `user` WHERE ( password ='e10adc3949ba59abbe56e057f20f883e' AND username ='kanoyami' ) LIMIT 1   [ RunTime:0.0003s ]

[ 2016-10-26T22:28:29+08:00 ] 192.168.1.102 /nuotuan/index.php/Home/Login/login.html
INFO: [ app_init ] --START--
INFO: Run Behavior\BuildLiteBehavior [ RunTime:0.000015s ]
INFO: [ app_init ] --END-- [ RunTime:0.000397s ]
INFO: [ app_begin ] --START--
INFO: Run Behavior\ReadHtmlCacheBehavior [ RunTime:0.000783s ]
INFO: [ app_begin ] --END-- [ RunTime:0.000841s ]
SQL: SHOW COLUMNS FROM `user` [ RunTime:0.0106s ]
SQL: SELECT * FROM `user` WHERE ( password ='e10adc3949ba59abbe56e057f20f883e' AND username ='kanoyami' ) LIMIT 1   [ RunTime:0.0003s ]

[ 2016-10-26T22:29:32+08:00 ] 192.168.1.102 /nuotuan/index.php/Home/Login/login.html
INFO: [ app_init ] --START--
INFO: Run Behavior\BuildLiteBehavior [ RunTime:0.000026s ]
INFO: [ app_init ] --END-- [ RunTime:0.000582s ]
INFO: [ app_begin ] --START--
INFO: Run Behavior\ReadHtmlCacheBehavior [ RunTime:0.000858s ]
INFO: [ app_begin ] --END-- [ RunTime:0.000934s ]
SQL: SHOW COLUMNS FROM `user` [ RunTime:0.0107s ]
SQL: SELECT * FROM `user` WHERE ( password ='f9d77dbcc42c85f1c4657327bce52ff0' AND username ='kanoyami' ) LIMIT 1   [ RunTime:0.0004s ]

[ 2016-10-26T22:29:37+08:00 ] 192.168.1.102 /nuotuan/index.php/Home/Login/login.html
INFO: [ app_init ] --START--
INFO: Run Behavior\BuildLiteBehavior [ RunTime:0.000018s ]
INFO: [ app_init ] --END-- [ RunTime:0.000401s ]
INFO: [ app_begin ] --START--
INFO: Run Behavior\ReadHtmlCacheBehavior [ RunTime:0.000849s ]
INFO: [ app_begin ] --END-- [ RunTime:0.000928s ]
SQL: SHOW COLUMNS FROM `user` [ RunTime:0.0107s ]
SQL: SELECT * FROM `user` WHERE ( password ='e10adc3949ba59abbe56e057f20f883e' AND username ='kanoyami' ) LIMIT 1   [ RunTime:0.0003s ]

[ 2016-10-26T22:34:28+08:00 ] 192.168.1.102 /nuotuan/index.php/Home/Login/login.html
INFO: [ app_init ] --START--
INFO: Run Behavior\BuildLiteBehavior [ RunTime:0.000061s ]
INFO: [ app_init ] --END-- [ RunTime:0.001448s ]
INFO: [ app_begin ] --START--
INFO: Run Behavior\ReadHtmlCacheBehavior [ RunTime:0.003433s ]
INFO: [ app_begin ] --END-- [ RunTime:0.003728s ]
SQL: SHOW COLUMNS FROM `user` [ RunTime:0.0181s ]
SQL: SELECT * FROM `user` WHERE ( password ='f9d77dbcc42c85f1c4657327bce52ff0' AND username ='kanoyami' ) LIMIT 1   [ RunTime:0.0011s ]

[ 2016-10-26T22:34:33+08:00 ] 192.168.1.102 /nuotuan/index.php/Home/Login/login.html
INFO: [ app_init ] --START--
INFO: Run Behavior\BuildLiteBehavior [ RunTime:0.000085s ]
INFO: [ app_init ] --END-- [ RunTime:0.002290s ]
INFO: [ app_begin ] --START--
INFO: Run Behavior\ReadHtmlCacheBehavior [ RunTime:0.002822s ]
INFO: [ app_begin ] --END-- [ RunTime:0.003114s ]
SQL: SHOW COLUMNS FROM `user` [ RunTime:0.0048s ]
SQL: SELECT * FROM `user` WHERE ( password ='e10adc3949ba59abbe56e057f20f883e' AND username ='kanoyami' ) LIMIT 1   [ RunTime:0.0004s ]

[ 2016-10-26T22:36:41+08:00 ] 192.168.1.102 /nuotuan/index.php/Home/Reg/Reg.html
INFO: [ app_init ] --START--
INFO: Run Behavior\BuildLiteBehavior [ RunTime:0.000018s ]
INFO: [ app_init ] --END-- [ RunTime:0.000454s ]
INFO: [ app_begin ] --START--
INFO: Run Behavior\ReadHtmlCacheBehavior [ RunTime:0.001272s ]
INFO: [ app_begin ] --END-- [ RunTime:0.001449s ]
SQL: SHOW COLUMNS FROM `user` [ RunTime:0.0106s ]
SQL: SELECT * FROM `user` WHERE ( phone =15687777122 ) LIMIT 1   [ RunTime:0.0003s ]

[ 2016-10-26T22:37:06+08:00 ] 192.168.1.102 /nuotuan/index.php/Home/Reg/Reg.html
INFO: [ app_init ] --START--
INFO: Run Behavior\BuildLiteBehavior [ RunTime:0.000026s ]
INFO: [ app_init ] --END-- [ RunTime:0.000672s ]
INFO: [ app_begin ] --START--
INFO: Run Behavior\ReadHtmlCacheBehavior [ RunTime:0.001353s ]
INFO: [ app_begin ] --END-- [ RunTime:0.001474s ]

[ 2016-10-26T22:37:47+08:00 ] 192.168.1.102 /nuotuan/index.php/Home/Reg/Reg.html
INFO: [ app_init ] --START--
INFO: Run Behavior\BuildLiteBehavior [ RunTime:0.000018s ]
INFO: [ app_init ] --END-- [ RunTime:0.000420s ]
INFO: [ app_begin ] --START--
INFO: Run Behavior\ReadHtmlCacheBehavior [ RunTime:0.000933s ]
INFO: [ app_begin ] --END-- [ RunTime:0.001007s ]
SQL: SHOW COLUMNS FROM `user` [ RunTime:0.0104s ]
SQL: SELECT * FROM `user` WHERE ( phone =15687777122 ) LIMIT 1   [ RunTime:0.0004s ]

[ 2016-10-26T22:38:07+08:00 ] 192.168.1.102 /nuotuan/index.php/Home/Reg/Reg.html
INFO: [ app_init ] --START--
INFO: Run Behavior\BuildLiteBehavior [ RunTime:0.000058s ]
INFO: [ app_init ] --END-- [ RunTime:0.003873s ]
INFO: [ app_begin ] --START--
INFO: Run Behavior\ReadHtmlCacheBehavior [ RunTime:0.001508s ]
INFO: [ app_begin ] --END-- [ RunTime:0.001643s ]
SQL: SHOW COLUMNS FROM `user` [ RunTime:0.0102s ]
SQL: SELECT * FROM `user` WHERE ( phone =15687777123 ) LIMIT 1   [ RunTime:0.0003s ]
SQL: INSERT INTO `user` (`username`,`password`,`email`,`phone`,`token`) VALUES ('123456','e10adc3949ba59abbe56e057f20f883e','12@163.com','15687777123','001') [ RunTime:0.0003s ]

[ 2016-10-26T22:39:10+08:00 ] 192.168.1.102 /nuotuan/index.php/Home/Login/login.html
INFO: [ app_init ] --START--
INFO: Run Behavior\BuildLiteBehavior [ RunTime:0.000025s ]
INFO: [ app_init ] --END-- [ RunTime:0.000671s ]
INFO: [ app_begin ] --START--
INFO: Run Behavior\ReadHtmlCacheBehavior [ RunTime:0.001373s ]
INFO: [ app_begin ] --END-- [ RunTime:0.001532s ]
SQL: SHOW COLUMNS FROM `user` [ RunTime:0.0122s ]
SQL: SELECT * FROM `user` WHERE ( password ='e10adc3949ba59abbe56e057f20f883e' AND username ='15687777122' ) LIMIT 1   [ RunTime:0.0005s ]

[ 2016-10-26T22:39:16+08:00 ] 192.168.1.102 /nuotuan/index.php/Home/Login/login.html
INFO: [ app_init ] --START--
INFO: Run Behavior\BuildLiteBehavior [ RunTime:0.000088s ]
INFO: [ app_init ] --END-- [ RunTime:0.002645s ]
INFO: [ app_begin ] --START--
INFO: Run Behavior\ReadHtmlCacheBehavior [ RunTime:0.004803s ]
INFO: [ app_begin ] --END-- [ RunTime:0.005137s ]
SQL: SHOW COLUMNS FROM `user` [ RunTime:0.0130s ]
SQL: SELECT * FROM `user` WHERE ( password ='e10adc3949ba59abbe56e057f20f883e' AND username ='15687777122' ) LIMIT 1   [ RunTime:0.0006s ]

[ 2016-10-26T22:39:28+08:00 ] 192.168.1.102 /nuotuan/index.php/Home/Login/login.html
INFO: [ app_init ] --START--
INFO: Run Behavior\BuildLiteBehavior [ RunTime:0.000061s ]
INFO: [ app_init ] --END-- [ RunTime:0.002008s ]
INFO: [ app_begin ] --START--
INFO: Run Behavior\ReadHtmlCacheBehavior [ RunTime:0.001912s ]
INFO: [ app_begin ] --END-- [ RunTime:0.002086s ]
SQL: SHOW COLUMNS FROM `user` [ RunTime:0.0100s ]
SQL: SELECT * FROM `user` WHERE ( password ='e10adc3949ba59abbe56e057f20f883e' AND username ='kanoyami' ) LIMIT 1   [ RunTime:0.0003s ]

[ 2016-10-26T22:42:06+08:00 ] 192.168.1.102 /nuotuan/index.php/Home/Login/login.html
INFO: [ app_init ] --START--
INFO: Run Behavior\BuildLiteBehavior [ RunTime:0.000026s ]
INFO: [ app_init ] --END-- [ RunTime:0.000612s ]
INFO: [ app_begin ] --START--
INFO: Run Behavior\ReadHtmlCacheBehavior [ RunTime:0.001628s ]
INFO: [ app_begin ] --END-- [ RunTime:0.001767s ]
SQL: SHOW COLUMNS FROM `user` [ RunTime:0.0113s ]
SQL: SELECT * FROM `user` WHERE ( password ='e10adc3949ba59abbe56e057f20f883e' AND username ='kanoyami' ) LIMIT 1   [ RunTime:0.0005s ]

[ 2016-10-26T22:46:31+08:00 ] 192.168.1.102 /nuotuan/index.php/Home/Login/login.html
INFO: [ app_init ] --START--
INFO: Run Behavior\BuildLiteBehavior [ RunTime:0.000039s ]
INFO: [ app_init ] --END-- [ RunTime:0.001032s ]
INFO: [ app_begin ] --START--
INFO: Run Behavior\ReadHtmlCacheBehavior [ RunTime:0.002276s ]
INFO: [ app_begin ] --END-- [ RunTime:0.002456s ]
SQL: SHOW COLUMNS FROM `user` [ RunTime:0.0109s ]
SQL: SELECT * FROM `user` WHERE ( password ='f9d77dbcc42c85f1c4657327bce52ff0' AND username ='kanoyami' ) LIMIT 1   [ RunTime:0.0003s ]

[ 2016-10-26T22:46:36+08:00 ] 192.168.1.102 /nuotuan/index.php/Home/Login/login.html
INFO: [ app_init ] --START--
INFO: Run Behavior\BuildLiteBehavior [ RunTime:0.000049s ]
INFO: [ app_init ] --END-- [ RunTime:0.001204s ]
INFO: [ app_begin ] --START--
INFO: Run Behavior\ReadHtmlCacheBehavior [ RunTime:0.002190s ]
INFO: [ app_begin ] --END-- [ RunTime:0.002368s ]
SQL: SHOW COLUMNS FROM `user` [ RunTime:0.0108s ]
SQL: SELECT * FROM `user` WHERE ( password ='e10adc3949ba59abbe56e057f20f883e' AND username ='kanoyami' ) LIMIT 1   [ RunTime:0.0003s ]

[ 2016-10-26T22:47:41+08:00 ] 192.168.1.102 /nuotuan/index.php/Home/Login/login.html
INFO: [ app_init ] --START--
INFO: Run Behavior\BuildLiteBehavior [ RunTime:0.000015s ]
INFO: [ app_init ] --END-- [ RunTime:0.000430s ]
INFO: [ app_begin ] --START--
INFO: Run Behavior\ReadHtmlCacheBehavior [ RunTime:0.000772s ]
INFO: [ app_begin ] --END-- [ RunTime:0.000832s ]
SQL: SHOW COLUMNS FROM `user` [ RunTime:0.0160s ]
SQL: SELECT * FROM `user` WHERE ( password ='e10adc3949ba59abbe56e057f20f883e' AND username ='kanoyami' ) LIMIT 1   [ RunTime:0.0010s ]

[ 2016-10-26T23:29:15+08:00 ] 192.168.1.102 /nuotuan/index.php/Home/Login/login.html
INFO: [ app_init ] --START--
INFO: Run Behavior\BuildLiteBehavior [ RunTime:0.000017s ]
INFO: [ app_init ] --END-- [ RunTime:0.000543s ]
INFO: [ app_begin ] --START--
INFO: Run Behavior\ReadHtmlCacheBehavior [ RunTime:0.000818s ]
INFO: [ app_begin ] --END-- [ RunTime:0.000879s ]
SQL: SHOW COLUMNS FROM `user` [ RunTime:0.0124s ]
SQL: SELECT * FROM `user` WHERE ( password ='f9d77dbcc42c85f1c4657327bce52ff0' AND username ='kanoyami' ) LIMIT 1   [ RunTime:0.0004s ]

[ 2016-10-26T23:29:20+08:00 ] 192.168.1.102 /nuotuan/index.php/Home/Login/login.html
INFO: [ app_init ] --START--
INFO: Run Behavior\BuildLiteBehavior [ RunTime:0.000026s ]
INFO: [ app_init ] --END-- [ RunTime:0.000624s ]
INFO: [ app_begin ] --START--
INFO: Run Behavior\ReadHtmlCacheBehavior [ RunTime:0.001281s ]
INFO: [ app_begin ] --END-- [ RunTime:0.001386s ]
SQL: SHOW COLUMNS FROM `user` [ RunTime:0.0156s ]
SQL: SELECT * FROM `user` WHERE ( password ='e10adc3949ba59abbe56e057f20f883e' AND username ='kanoyami' ) LIMIT 1   [ RunTime:0.0007s ]

[ 2016-10-26T23:29:40+08:00 ] 192.168.1.102 /nuotuan/index.php/Home/Login/login.html
INFO: [ app_init ] --START--
INFO: Run Behavior\BuildLiteBehavior [ RunTime:0.000053s ]
INFO: [ app_init ] --END-- [ RunTime:0.001552s ]
INFO: [ app_begin ] --START--
INFO: Run Behavior\ReadHtmlCacheBehavior [ RunTime:0.003084s ]
INFO: [ app_begin ] --END-- [ RunTime:0.003349s ]
SQL: SHOW COLUMNS FROM `user` [ RunTime:0.0110s ]
SQL: SELECT * FROM `user` WHERE ( password ='e10adc3949ba59abbe56e057f20f883e' AND username ='kanoyami' ) LIMIT 1   [ RunTime:0.0004s ]

[ 2016-10-26T23:31:28+08:00 ] 192.168.1.102 /nuotuan/index.php/Home/Login/login.html
INFO: [ app_init ] --START--
INFO: Run Behavior\BuildLiteBehavior [ RunTime:0.000021s ]
INFO: [ app_init ] --END-- [ RunTime:0.000538s ]
INFO: [ app_begin ] --START--
INFO: Run Behavior\ReadHtmlCacheBehavior [ RunTime:0.001445s ]
INFO: [ app_begin ] --END-- [ RunTime:0.001565s ]
SQL: SHOW COLUMNS FROM `user` [ RunTime:0.0108s ]
SQL: SELECT * FROM `user` WHERE ( password ='e10adc3949ba59abbe56e057f20f883e' AND username ='kanoyami' ) LIMIT 1   [ RunTime:0.0004s ]

[ 2016-10-26T23:32:54+08:00 ] 192.168.1.102 /nuotuan/index.php/Home/Login/login.html
INFO: [ app_init ] --START--
INFO: Run Behavior\BuildLiteBehavior [ RunTime:0.000037s ]
INFO: [ app_init ] --END-- [ RunTime:0.000642s ]
INFO: [ app_begin ] --START--
INFO: Run Behavior\ReadHtmlCacheBehavior [ RunTime:0.001218s ]
INFO: [ app_begin ] --END-- [ RunTime:0.001305s ]
SQL: SHOW COLUMNS FROM `user` [ RunTime:0.0108s ]
SQL: SELECT * FROM `user` WHERE ( password ='e10adc3949ba59abbe56e057f20f883e' AND username ='kanoyami' ) LIMIT 1   [ RunTime:0.0003s ]

[ 2016-10-26T23:34:59+08:00 ] 192.168.1.102 /nuotuan/index.php/Home/Login/login.html
INFO: [ app_init ] --START--
INFO: Run Behavior\BuildLiteBehavior [ RunTime:0.000068s ]
INFO: [ app_init ] --END-- [ RunTime:0.001558s ]
INFO: [ app_begin ] --START--
INFO: Run Behavior\ReadHtmlCacheBehavior [ RunTime:0.002909s ]
INFO: [ app_begin ] --END-- [ RunTime:0.003143s ]
SQL: SHOW COLUMNS FROM `user` [ RunTime:0.0108s ]
SQL: SELECT * FROM `user` WHERE ( password ='e10adc3949ba59abbe56e057f20f883e' AND username ='kanoyami' ) LIMIT 1   [ RunTime:0.0004s ]

[ 2016-10-26T23:35:31+08:00 ] 192.168.1.102 /nuotuan/index.php/Home/Login/login.html
INFO: [ app_init ] --START--
INFO: Run Behavior\BuildLiteBehavior [ RunTime:0.000016s ]
INFO: [ app_init ] --END-- [ RunTime:0.000421s ]
INFO: [ app_begin ] --START--
INFO: Run Behavior\ReadHtmlCacheBehavior [ RunTime:0.001234s ]
INFO: [ app_begin ] --END-- [ RunTime:0.001329s ]
SQL: SHOW COLUMNS FROM `user` [ RunTime:0.0112s ]
SQL: SELECT * FROM `user` WHERE ( password ='e10adc3949ba59abbe56e057f20f883e' AND username ='kanoyami' ) LIMIT 1   [ RunTime:0.0004s ]

[ 2016-10-26T23:37:30+08:00 ] 192.168.1.102 /nuotuan/index.php/Home/Login/login.html
INFO: [ app_init ] --START--
INFO: Run Behavior\BuildLiteBehavior [ RunTime:0.000021s ]
INFO: [ app_init ] --END-- [ RunTime:0.000501s ]
INFO: [ app_begin ] --START--
INFO: Run Behavior\ReadHtmlCacheBehavior [ RunTime:0.001403s ]
INFO: [ app_begin ] --END-- [ RunTime:0.001532s ]
SQL: SHOW COLUMNS FROM `user` [ RunTime:0.0103s ]
SQL: SELECT * FROM `user` WHERE ( password ='e10adc3949ba59abbe56e057f20f883e' AND username ='kanoyami' ) LIMIT 1   [ RunTime:0.0004s ]

[ 2016-10-26T23:48:14+08:00 ] 192.168.1.102 /nuotuan/index.php/Home/Reg/Reg.html
INFO: [ app_init ] --START--
INFO: Run Behavior\BuildLiteBehavior [ RunTime:0.000038s ]
INFO: [ app_init ] --END-- [ RunTime:0.001026s ]
INFO: [ app_begin ] --START--
INFO: Run Behavior\ReadHtmlCacheBehavior [ RunTime:0.002203s ]
INFO: [ app_begin ] --END-- [ RunTime:0.002384s ]

[ 2016-10-26T23:48:19+08:00 ] 192.168.1.102 /nuotuan/index.php/Home/Reg/Reg.html
INFO: [ app_init ] --START--
INFO: Run Behavior\BuildLiteBehavior [ RunTime:0.000054s ]
INFO: [ app_init ] --END-- [ RunTime:0.001482s ]
INFO: [ app_begin ] --START--
INFO: Run Behavior\ReadHtmlCacheBehavior [ RunTime:0.003330s ]
INFO: [ app_begin ] --END-- [ RunTime:0.003567s ]

[ 2016-10-26T23:48:24+08:00 ] 192.168.1.102 /nuotuan/index.php/Home/Reg/Reg.html
INFO: [ app_init ] --START--
INFO: Run Behavior\BuildLiteBehavior [ RunTime:0.000030s ]
INFO: [ app_init ] --END-- [ RunTime:0.000692s ]
INFO: [ app_begin ] --START--
INFO: Run Behavior\ReadHtmlCacheBehavior [ RunTime:0.001414s ]
INFO: [ app_begin ] --END-- [ RunTime:0.001546s ]

[ 2016-10-26T23:48:27+08:00 ] 192.168.1.102 /nuotuan/index.php/Home/Reg/Reg.html
INFO: [ app_init ] --START--
INFO: Run Behavior\BuildLiteBehavior [ RunTime:0.000066s ]
INFO: [ app_init ] --END-- [ RunTime:0.001391s ]
INFO: [ app_begin ] --START--
INFO: Run Behavior\ReadHtmlCacheBehavior [ RunTime:0.000944s ]
INFO: [ app_begin ] --END-- [ RunTime:0.001028s ]

[ 2016-10-26T23:59:33+08:00 ] 192.168.1.102 /nuotuan/index.php/Home/Reg/Reg.html
INFO: [ app_init ] --START--
INFO: Run Behavior\BuildLiteBehavior [ RunTime:0.000031s ]
INFO: [ app_init ] --END-- [ RunTime:0.000428s ]
INFO: [ app_begin ] --START--
INFO: Run Behavior\ReadHtmlCacheBehavior [ RunTime:0.000921s ]
INFO: [ app_begin ] --END-- [ RunTime:0.001011s ]

