[ 2016-10-27T00:04:34+08:00 ] 192.168.1.102 /nuotuan/index.php/Home/Reg/Reg.html
INFO: [ app_init ] --START--
INFO: Run Behavior\BuildLiteBehavior [ RunTime:0.000018s ]
INFO: [ app_init ] --END-- [ RunTime:0.000457s ]
INFO: [ app_begin ] --START--
INFO: Run Behavior\ReadHtmlCacheBehavior [ RunTime:0.000927s ]
INFO: [ app_begin ] --END-- [ RunTime:0.001007s ]

[ 2016-10-27T00:04:40+08:00 ] 192.168.1.102 /nuotuan/index.php/Home/Reg/Reg.html
INFO: [ app_init ] --START--
INFO: Run Behavior\BuildLiteBehavior [ RunTime:0.000021s ]
INFO: [ app_init ] --END-- [ RunTime:0.000449s ]
INFO: [ app_begin ] --START--
INFO: Run Behavior\ReadHtmlCacheBehavior [ RunTime:0.001224s ]
INFO: [ app_begin ] --END-- [ RunTime:0.001322s ]

[ 2016-10-27T00:06:33+08:00 ] 192.168.1.102 /nuotuan/index.php/Home/Reg/Reg.html
INFO: [ app_init ] --START--
INFO: Run Behavior\BuildLiteBehavior [ RunTime:0.000029s ]
INFO: [ app_init ] --END-- [ RunTime:0.000742s ]
INFO: [ app_begin ] --START--
INFO: Run Behavior\ReadHtmlCacheBehavior [ RunTime:0.001475s ]
INFO: [ app_begin ] --END-- [ RunTime:0.001605s ]

[ 2016-10-27T00:07:27+08:00 ] 192.168.1.102 /nuotuan/index.php/Home/Reg/Reg.html
INFO: [ app_init ] --START--
INFO: Run Behavior\BuildLiteBehavior [ RunTime:0.000017s ]
INFO: [ app_init ] --END-- [ RunTime:0.000414s ]
INFO: [ app_begin ] --START--
INFO: Run Behavior\ReadHtmlCacheBehavior [ RunTime:0.000930s ]
INFO: [ app_begin ] --END-- [ RunTime:0.001004s ]

[ 2016-10-27T00:08:15+08:00 ] 192.168.1.102 /nuotuan/index.php/Home/Reg/Reg.html
INFO: [ app_init ] --START--
INFO: Run Behavior\BuildLiteBehavior [ RunTime:0.000048s ]
INFO: [ app_init ] --END-- [ RunTime:0.001622s ]
INFO: [ app_begin ] --START--
INFO: Run Behavior\ReadHtmlCacheBehavior [ RunTime:0.002547s ]
INFO: [ app_begin ] --END-- [ RunTime:0.002761s ]
SQL: SHOW COLUMNS FROM `user` [ RunTime:0.0083s ]
SQL: SELECT * FROM `user` WHERE ( phone =15687777122 ) LIMIT 1   [ RunTime:0.0007s ]

[ 2016-10-27T00:08:34+08:00 ] 192.168.1.102 /nuotuan/index.php/Home/Reg/Reg.html
INFO: [ app_init ] --START--
INFO: Run Behavior\BuildLiteBehavior [ RunTime:0.000048s ]
INFO: [ app_init ] --END-- [ RunTime:0.001284s ]
INFO: [ app_begin ] --START--
INFO: Run Behavior\ReadHtmlCacheBehavior [ RunTime:0.003016s ]
INFO: [ app_begin ] --END-- [ RunTime:0.003237s ]
SQL: SHOW COLUMNS FROM `user` [ RunTime:0.0151s ]
SQL: SELECT * FROM `user` WHERE ( phone =13111781237 ) LIMIT 1   [ RunTime:0.0007s ]
SQL: INSERT INTO `user` (`username`,`password`,`email`,`phone`,`token`) VALUES ('asa','f9d77dbcc42c85f1c4657327bce52ff0','3@163.com','13111781237','001') [ RunTime:0.0012s ]

[ 2016-10-27T00:08:51+08:00 ] 192.168.1.102 /nuotuan/index.php/Home/Login/login.html
INFO: [ app_init ] --START--
INFO: Run Behavior\BuildLiteBehavior [ RunTime:0.000030s ]
INFO: [ app_init ] --END-- [ RunTime:0.000949s ]
INFO: [ app_begin ] --START--
INFO: Run Behavior\ReadHtmlCacheBehavior [ RunTime:0.001596s ]
INFO: [ app_begin ] --END-- [ RunTime:0.001716s ]
SQL: SHOW COLUMNS FROM `user` [ RunTime:0.0038s ]
SQL: SELECT * FROM `user` WHERE ( password ='e10adc3949ba59abbe56e057f20f883e' AND username ='asa' ) LIMIT 1   [ RunTime:0.0003s ]

[ 2016-10-27T00:08:56+08:00 ] 192.168.1.102 /nuotuan/index.php/Home/Login/login.html
INFO: [ app_init ] --START--
INFO: Run Behavior\BuildLiteBehavior [ RunTime:0.000050s ]
INFO: [ app_init ] --END-- [ RunTime:0.001278s ]
INFO: [ app_begin ] --START--
INFO: Run Behavior\ReadHtmlCacheBehavior [ RunTime:0.004390s ]
INFO: [ app_begin ] --END-- [ RunTime:0.005460s ]
SQL: SHOW COLUMNS FROM `user` [ RunTime:0.0169s ]
SQL: SELECT * FROM `user` WHERE ( password ='f9d77dbcc42c85f1c4657327bce52ff0' AND username ='asa' ) LIMIT 1   [ RunTime:0.0009s ]

[ 2016-10-27T09:08:18+08:00 ] ::1 /nuotuan/
INFO: [ app_init ] --START--
INFO: Run Behavior\BuildLiteBehavior [ RunTime:0.000034s ]
INFO: [ app_init ] --END-- [ RunTime:0.000989s ]
INFO: [ app_begin ] --START--
INFO: Run Behavior\ReadHtmlCacheBehavior [ RunTime:0.001434s ]
INFO: [ app_begin ] --END-- [ RunTime:0.001557s ]

[ 2016-10-27T09:08:52+08:00 ] ::1 /nuotuan/
INFO: [ app_init ] --START--
INFO: Run Behavior\BuildLiteBehavior [ RunTime:0.000019s ]
INFO: [ app_init ] --END-- [ RunTime:0.000501s ]
INFO: [ app_begin ] --START--
INFO: Run Behavior\ReadHtmlCacheBehavior [ RunTime:0.001261s ]
INFO: [ app_begin ] --END-- [ RunTime:0.001373s ]

[ 2016-10-27T09:08:53+08:00 ] ::1 /nuotuan/
INFO: [ app_init ] --START--
INFO: Run Behavior\BuildLiteBehavior [ RunTime:0.000026s ]
INFO: [ app_init ] --END-- [ RunTime:0.000567s ]
INFO: [ app_begin ] --START--
INFO: Run Behavior\ReadHtmlCacheBehavior [ RunTime:0.001059s ]
INFO: [ app_begin ] --END-- [ RunTime:0.001132s ]

[ 2016-10-27T09:08:53+08:00 ] ::1 /nuotuan/
INFO: [ app_init ] --START--
INFO: Run Behavior\BuildLiteBehavior [ RunTime:0.000015s ]
INFO: [ app_init ] --END-- [ RunTime:0.000359s ]
INFO: [ app_begin ] --START--
INFO: Run Behavior\ReadHtmlCacheBehavior [ RunTime:0.000779s ]
INFO: [ app_begin ] --END-- [ RunTime:0.000849s ]

[ 2016-10-27T09:09:38+08:00 ] ::1 /nuotuan/
INFO: [ app_init ] --START--
INFO: Run Behavior\BuildLiteBehavior [ RunTime:0.000016s ]
INFO: [ app_init ] --END-- [ RunTime:0.000365s ]
INFO: [ app_begin ] --START--
INFO: Run Behavior\ReadHtmlCacheBehavior [ RunTime:0.000745s ]
INFO: [ app_begin ] --END-- [ RunTime:0.000808s ]

[ 2016-10-27T09:10:23+08:00 ] ::1 /nuotuan/
INFO: [ app_init ] --START--
INFO: Run Behavior\BuildLiteBehavior [ RunTime:0.000016s ]
INFO: [ app_init ] --END-- [ RunTime:0.000404s ]
INFO: [ app_begin ] --START--
INFO: Run Behavior\ReadHtmlCacheBehavior [ RunTime:0.000805s ]
INFO: [ app_begin ] --END-- [ RunTime:0.000894s ]

[ 2016-10-27T09:10:23+08:00 ] ::1 /nuotuan/
INFO: [ app_init ] --START--
INFO: Run Behavior\BuildLiteBehavior [ RunTime:0.000016s ]
INFO: [ app_init ] --END-- [ RunTime:0.000402s ]
INFO: [ app_begin ] --START--
INFO: Run Behavior\ReadHtmlCacheBehavior [ RunTime:0.000773s ]
INFO: [ app_begin ] --END-- [ RunTime:0.000837s ]

[ 2016-10-27T09:10:23+08:00 ] ::1 /nuotuan/
INFO: [ app_init ] --START--
INFO: Run Behavior\BuildLiteBehavior [ RunTime:0.000016s ]
INFO: [ app_init ] --END-- [ RunTime:0.000376s ]
INFO: [ app_begin ] --START--
INFO: Run Behavior\ReadHtmlCacheBehavior [ RunTime:0.000783s ]
INFO: [ app_begin ] --END-- [ RunTime:0.000879s ]

[ 2016-10-27T09:10:23+08:00 ] ::1 /nuotuan/
INFO: [ app_init ] --START--
INFO: Run Behavior\BuildLiteBehavior [ RunTime:0.000023s ]
INFO: [ app_init ] --END-- [ RunTime:0.000539s ]
INFO: [ app_begin ] --START--
INFO: Run Behavior\ReadHtmlCacheBehavior [ RunTime:0.000812s ]
INFO: [ app_begin ] --END-- [ RunTime:0.000884s ]

[ 2016-10-27T09:10:24+08:00 ] ::1 /nuotuan/
INFO: [ app_init ] --START--
INFO: Run Behavior\BuildLiteBehavior [ RunTime:0.000017s ]
INFO: [ app_init ] --END-- [ RunTime:0.000387s ]
INFO: [ app_begin ] --START--
INFO: Run Behavior\ReadHtmlCacheBehavior [ RunTime:0.000737s ]
INFO: [ app_begin ] --END-- [ RunTime:0.000800s ]

[ 2016-10-27T09:11:05+08:00 ] ::1 /nuotuan/
INFO: [ app_init ] --START--
INFO: Run Behavior\BuildLiteBehavior [ RunTime:0.000019s ]
INFO: [ app_init ] --END-- [ RunTime:0.000506s ]
INFO: [ app_begin ] --START--
INFO: Run Behavior\ReadHtmlCacheBehavior [ RunTime:0.000789s ]
INFO: [ app_begin ] --END-- [ RunTime:0.000858s ]

[ 2016-10-27T09:11:05+08:00 ] ::1 /nuotuan/
INFO: [ app_init ] --START--
INFO: Run Behavior\BuildLiteBehavior [ RunTime:0.000015s ]
INFO: [ app_init ] --END-- [ RunTime:0.000355s ]
INFO: [ app_begin ] --START--
INFO: Run Behavior\ReadHtmlCacheBehavior [ RunTime:0.000709s ]
INFO: [ app_begin ] --END-- [ RunTime:0.000783s ]

[ 2016-10-27T09:11:05+08:00 ] ::1 /nuotuan/
INFO: [ app_init ] --START--
INFO: Run Behavior\BuildLiteBehavior [ RunTime:0.000018s ]
INFO: [ app_init ] --END-- [ RunTime:0.000399s ]
INFO: [ app_begin ] --START--
INFO: Run Behavior\ReadHtmlCacheBehavior [ RunTime:0.000726s ]
INFO: [ app_begin ] --END-- [ RunTime:0.000817s ]

[ 2016-10-27T09:11:05+08:00 ] ::1 /nuotuan/
INFO: [ app_init ] --START--
INFO: Run Behavior\BuildLiteBehavior [ RunTime:0.000026s ]
INFO: [ app_init ] --END-- [ RunTime:0.000600s ]
INFO: [ app_begin ] --START--
INFO: Run Behavior\ReadHtmlCacheBehavior [ RunTime:0.000856s ]
INFO: [ app_begin ] --END-- [ RunTime:0.000944s ]

[ 2016-10-27T09:11:06+08:00 ] ::1 /nuotuan/
INFO: [ app_init ] --START--
INFO: Run Behavior\BuildLiteBehavior [ RunTime:0.000027s ]
INFO: [ app_init ] --END-- [ RunTime:0.000565s ]
INFO: [ app_begin ] --START--
INFO: Run Behavior\ReadHtmlCacheBehavior [ RunTime:0.000843s ]
INFO: [ app_begin ] --END-- [ RunTime:0.000918s ]

[ 2016-10-27T09:11:06+08:00 ] ::1 /nuotuan/
INFO: [ app_init ] --START--
INFO: Run Behavior\BuildLiteBehavior [ RunTime:0.000019s ]
INFO: [ app_init ] --END-- [ RunTime:0.000451s ]
INFO: [ app_begin ] --START--
INFO: Run Behavior\ReadHtmlCacheBehavior [ RunTime:0.000834s ]
INFO: [ app_begin ] --END-- [ RunTime:0.000911s ]

[ 2016-10-27T09:11:06+08:00 ] ::1 /nuotuan/
INFO: [ app_init ] --START--
INFO: Run Behavior\BuildLiteBehavior [ RunTime:0.000028s ]
INFO: [ app_init ] --END-- [ RunTime:0.000547s ]
INFO: [ app_begin ] --START--
INFO: Run Behavior\ReadHtmlCacheBehavior [ RunTime:0.000879s ]
INFO: [ app_begin ] --END-- [ RunTime:0.000962s ]

[ 2016-10-27T09:12:11+08:00 ] ::1 /nuotuan/
INFO: [ app_init ] --START--
INFO: Run Behavior\BuildLiteBehavior [ RunTime:0.000015s ]
INFO: [ app_init ] --END-- [ RunTime:0.000354s ]
INFO: [ app_begin ] --START--
INFO: Run Behavior\ReadHtmlCacheBehavior [ RunTime:0.000741s ]
INFO: [ app_begin ] --END-- [ RunTime:0.000803s ]

[ 2016-10-27T09:12:12+08:00 ] ::1 /nuotuan/
INFO: [ app_init ] --START--
INFO: Run Behavior\BuildLiteBehavior [ RunTime:0.000025s ]
INFO: [ app_init ] --END-- [ RunTime:0.000436s ]
INFO: [ app_begin ] --START--
INFO: Run Behavior\ReadHtmlCacheBehavior [ RunTime:0.000776s ]
INFO: [ app_begin ] --END-- [ RunTime:0.000843s ]

[ 2016-10-27T09:12:12+08:00 ] ::1 /nuotuan/
INFO: [ app_init ] --START--
INFO: Run Behavior\BuildLiteBehavior [ RunTime:0.000019s ]
INFO: [ app_init ] --END-- [ RunTime:0.000423s ]
INFO: [ app_begin ] --START--
INFO: Run Behavior\ReadHtmlCacheBehavior [ RunTime:0.001171s ]
INFO: [ app_begin ] --END-- [ RunTime:0.001279s ]

[ 2016-10-27T09:12:12+08:00 ] ::1 /nuotuan/
INFO: [ app_init ] --START--
INFO: Run Behavior\BuildLiteBehavior [ RunTime:0.000015s ]
INFO: [ app_init ] --END-- [ RunTime:0.000392s ]
INFO: [ app_begin ] --START--
INFO: Run Behavior\ReadHtmlCacheBehavior [ RunTime:0.000716s ]
INFO: [ app_begin ] --END-- [ RunTime:0.000780s ]

[ 2016-10-27T09:12:12+08:00 ] ::1 /nuotuan/
INFO: [ app_init ] --START--
INFO: Run Behavior\BuildLiteBehavior [ RunTime:0.000015s ]
INFO: [ app_init ] --END-- [ RunTime:0.000359s ]
INFO: [ app_begin ] --START--
INFO: Run Behavior\ReadHtmlCacheBehavior [ RunTime:0.000956s ]
INFO: [ app_begin ] --END-- [ RunTime:0.001022s ]

[ 2016-10-27T09:12:12+08:00 ] ::1 /nuotuan/
INFO: [ app_init ] --START--
INFO: Run Behavior\BuildLiteBehavior [ RunTime:0.000015s ]
INFO: [ app_init ] --END-- [ RunTime:0.000357s ]
INFO: [ app_begin ] --START--
INFO: Run Behavior\ReadHtmlCacheBehavior [ RunTime:0.000799s ]
INFO: [ app_begin ] --END-- [ RunTime:0.000866s ]

[ 2016-10-27T09:13:15+08:00 ] ::1 /nuotuan/
INFO: [ app_init ] --START--
INFO: Run Behavior\BuildLiteBehavior [ RunTime:0.000018s ]
INFO: [ app_init ] --END-- [ RunTime:0.000457s ]
INFO: [ app_begin ] --START--
INFO: Run Behavior\ReadHtmlCacheBehavior [ RunTime:0.000890s ]
INFO: [ app_begin ] --END-- [ RunTime:0.000974s ]

[ 2016-10-27T09:13:17+08:00 ] ::1 /nuotuan/
INFO: [ app_init ] --START--
INFO: Run Behavior\BuildLiteBehavior [ RunTime:0.000022s ]
INFO: [ app_init ] --END-- [ RunTime:0.000469s ]
INFO: [ app_begin ] --START--
INFO: Run Behavior\ReadHtmlCacheBehavior [ RunTime:0.000876s ]
INFO: [ app_begin ] --END-- [ RunTime:0.000956s ]

[ 2016-10-27T09:13:18+08:00 ] ::1 /nuotuan/
INFO: [ app_init ] --START--
INFO: Run Behavior\BuildLiteBehavior [ RunTime:0.000015s ]
INFO: [ app_init ] --END-- [ RunTime:0.000381s ]
INFO: [ app_begin ] --START--
INFO: Run Behavior\ReadHtmlCacheBehavior [ RunTime:0.000747s ]
INFO: [ app_begin ] --END-- [ RunTime:0.000808s ]

[ 2016-10-27T09:13:25+08:00 ] ::1 /nuotuan/
INFO: [ app_init ] --START--
INFO: Run Behavior\BuildLiteBehavior [ RunTime:0.000015s ]
INFO: [ app_init ] --END-- [ RunTime:0.000359s ]
INFO: [ app_begin ] --START--
INFO: Run Behavior\ReadHtmlCacheBehavior [ RunTime:0.000740s ]
INFO: [ app_begin ] --END-- [ RunTime:0.000803s ]

[ 2016-10-27T09:13:45+08:00 ] ::1 /nuotuan/
INFO: [ app_init ] --START--
INFO: Run Behavior\BuildLiteBehavior [ RunTime:0.000016s ]
INFO: [ app_init ] --END-- [ RunTime:0.000358s ]
INFO: [ app_begin ] --START--
INFO: Run Behavior\ReadHtmlCacheBehavior [ RunTime:0.000818s ]
INFO: [ app_begin ] --END-- [ RunTime:0.000882s ]

[ 2016-10-27T09:13:46+08:00 ] ::1 /nuotuan/
INFO: [ app_init ] --START--
INFO: Run Behavior\BuildLiteBehavior [ RunTime:0.000015s ]
INFO: [ app_init ] --END-- [ RunTime:0.000363s ]
INFO: [ app_begin ] --START--
INFO: Run Behavior\ReadHtmlCacheBehavior [ RunTime:0.000733s ]
INFO: [ app_begin ] --END-- [ RunTime:0.000819s ]

[ 2016-10-27T09:13:46+08:00 ] ::1 /nuotuan/
INFO: [ app_init ] --START--
INFO: Run Behavior\BuildLiteBehavior [ RunTime:0.000020s ]
INFO: [ app_init ] --END-- [ RunTime:0.000483s ]
INFO: [ app_begin ] --START--
INFO: Run Behavior\ReadHtmlCacheBehavior [ RunTime:0.000855s ]
INFO: [ app_begin ] --END-- [ RunTime:0.000929s ]

[ 2016-10-27T09:14:25+08:00 ] ::1 /nuotuan/index.php?lat=102.860436&lng=24.831008
INFO: [ app_init ] --START--
INFO: Run Behavior\BuildLiteBehavior [ RunTime:0.000034s ]
INFO: [ app_init ] --END-- [ RunTime:0.000409s ]
INFO: [ app_begin ] --START--
INFO: Run Behavior\ReadHtmlCacheBehavior [ RunTime:0.000895s ]
INFO: [ app_begin ] --END-- [ RunTime:0.000975s ]

[ 2016-10-27T09:14:27+08:00 ] ::1 /nuotuan/index.php?lat=102.860436&lng=24.831008
INFO: [ app_init ] --START--
INFO: Run Behavior\BuildLiteBehavior [ RunTime:0.000019s ]
INFO: [ app_init ] --END-- [ RunTime:0.000425s ]
INFO: [ app_begin ] --START--
INFO: Run Behavior\ReadHtmlCacheBehavior [ RunTime:0.000877s ]
INFO: [ app_begin ] --END-- [ RunTime:0.000953s ]

[ 2016-10-27T09:14:27+08:00 ] ::1 /nuotuan/index.php?lat=102.860436&lng=24.831008
INFO: [ app_init ] --START--
INFO: Run Behavior\BuildLiteBehavior [ RunTime:0.000014s ]
INFO: [ app_init ] --END-- [ RunTime:0.000376s ]
INFO: [ app_begin ] --START--
INFO: Run Behavior\ReadHtmlCacheBehavior [ RunTime:0.000738s ]
INFO: [ app_begin ] --END-- [ RunTime:0.000798s ]

[ 2016-10-27T09:14:27+08:00 ] ::1 /nuotuan/index.php?lat=102.860436&lng=24.831008
INFO: [ app_init ] --START--
INFO: Run Behavior\BuildLiteBehavior [ RunTime:0.000015s ]
INFO: [ app_init ] --END-- [ RunTime:0.000393s ]
INFO: [ app_begin ] --START--
INFO: Run Behavior\ReadHtmlCacheBehavior [ RunTime:0.000971s ]
INFO: [ app_begin ] --END-- [ RunTime:0.001131s ]

[ 2016-10-27T09:14:28+08:00 ] ::1 /nuotuan/index.php?lat=102.860436&lng=24.831008
INFO: [ app_init ] --START--
INFO: Run Behavior\BuildLiteBehavior [ RunTime:0.000016s ]
INFO: [ app_init ] --END-- [ RunTime:0.000380s ]
INFO: [ app_begin ] --START--
INFO: Run Behavior\ReadHtmlCacheBehavior [ RunTime:0.000713s ]
INFO: [ app_begin ] --END-- [ RunTime:0.000776s ]

[ 2016-10-27T09:14:28+08:00 ] ::1 /nuotuan/index.php?lat=102.860436&lng=24.831008
INFO: [ app_init ] --START--
INFO: Run Behavior\BuildLiteBehavior [ RunTime:0.000015s ]
INFO: [ app_init ] --END-- [ RunTime:0.000359s ]
INFO: [ app_begin ] --START--
INFO: Run Behavior\ReadHtmlCacheBehavior [ RunTime:0.000714s ]
INFO: [ app_begin ] --END-- [ RunTime:0.000778s ]

[ 2016-10-27T09:14:28+08:00 ] ::1 /nuotuan/index.php?lat=102.860436&lng=24.831008
INFO: [ app_init ] --START--
INFO: Run Behavior\BuildLiteBehavior [ RunTime:0.000022s ]
INFO: [ app_init ] --END-- [ RunTime:0.000555s ]
INFO: [ app_begin ] --START--
INFO: Run Behavior\ReadHtmlCacheBehavior [ RunTime:0.000886s ]
INFO: [ app_begin ] --END-- [ RunTime:0.000963s ]

[ 2016-10-27T09:14:28+08:00 ] ::1 /nuotuan/index.php?lat=102.860436&lng=24.831008
INFO: [ app_init ] --START--
INFO: Run Behavior\BuildLiteBehavior [ RunTime:0.000028s ]
INFO: [ app_init ] --END-- [ RunTime:0.000488s ]
INFO: [ app_begin ] --START--
INFO: Run Behavior\ReadHtmlCacheBehavior [ RunTime:0.000864s ]
INFO: [ app_begin ] --END-- [ RunTime:0.000941s ]

[ 2016-10-27T09:14:28+08:00 ] ::1 /nuotuan/index.php?lat=102.860436&lng=24.831008
INFO: [ app_init ] --START--
INFO: Run Behavior\BuildLiteBehavior [ RunTime:0.000015s ]
INFO: [ app_init ] --END-- [ RunTime:0.000396s ]
INFO: [ app_begin ] --START--
INFO: Run Behavior\ReadHtmlCacheBehavior [ RunTime:0.001191s ]
INFO: [ app_begin ] --END-- [ RunTime:0.001283s ]

[ 2016-10-27T09:14:29+08:00 ] ::1 /nuotuan/index.php?lat=102.860436&lng=24.831008
INFO: [ app_init ] --START--
INFO: Run Behavior\BuildLiteBehavior [ RunTime:0.000018s ]
INFO: [ app_init ] --END-- [ RunTime:0.000416s ]
INFO: [ app_begin ] --START--
INFO: Run Behavior\ReadHtmlCacheBehavior [ RunTime:0.001160s ]
INFO: [ app_begin ] --END-- [ RunTime:0.001270s ]

[ 2016-10-27T09:14:29+08:00 ] ::1 /nuotuan/index.php?lat=102.860436&lng=24.831008
INFO: [ app_init ] --START--
INFO: Run Behavior\BuildLiteBehavior [ RunTime:0.000017s ]
INFO: [ app_init ] --END-- [ RunTime:0.000422s ]
INFO: [ app_begin ] --START--
INFO: Run Behavior\ReadHtmlCacheBehavior [ RunTime:0.000825s ]
INFO: [ app_begin ] --END-- [ RunTime:0.000898s ]

[ 2016-10-27T09:14:29+08:00 ] ::1 /nuotuan/index.php?lat=102.860436&lng=24.831008
INFO: [ app_init ] --START--
INFO: Run Behavior\BuildLiteBehavior [ RunTime:0.000017s ]
INFO: [ app_init ] --END-- [ RunTime:0.000427s ]
INFO: [ app_begin ] --START--
INFO: Run Behavior\ReadHtmlCacheBehavior [ RunTime:0.001215s ]
INFO: [ app_begin ] --END-- [ RunTime:0.001312s ]

[ 2016-10-27T09:14:30+08:00 ] ::1 /nuotuan/index.php?lat=102.860436&lng=24.831008
INFO: [ app_init ] --START--
INFO: Run Behavior\BuildLiteBehavior [ RunTime:0.000017s ]
INFO: [ app_init ] --END-- [ RunTime:0.000368s ]
INFO: [ app_begin ] --START--
INFO: Run Behavior\ReadHtmlCacheBehavior [ RunTime:0.000710s ]
INFO: [ app_begin ] --END-- [ RunTime:0.000771s ]

[ 2016-10-27T09:14:30+08:00 ] ::1 /nuotuan/index.php?lat=102.860436&lng=24.831008
INFO: [ app_init ] --START--
INFO: Run Behavior\BuildLiteBehavior [ RunTime:0.000018s ]
INFO: [ app_init ] --END-- [ RunTime:0.000436s ]
INFO: [ app_begin ] --START--
INFO: Run Behavior\ReadHtmlCacheBehavior [ RunTime:0.001094s ]
INFO: [ app_begin ] --END-- [ RunTime:0.001203s ]

[ 2016-10-27T09:14:31+08:00 ] ::1 /nuotuan/index.php?lat=102.860436&lng=24.831008
INFO: [ app_init ] --START--
INFO: Run Behavior\BuildLiteBehavior [ RunTime:0.000017s ]
INFO: [ app_init ] --END-- [ RunTime:0.000541s ]
INFO: [ app_begin ] --START--
INFO: Run Behavior\ReadHtmlCacheBehavior [ RunTime:0.000786s ]
INFO: [ app_begin ] --END-- [ RunTime:0.000850s ]

[ 2016-10-27T09:14:31+08:00 ] ::1 /nuotuan/index.php?lat=102.860436&lng=24.831008
INFO: [ app_init ] --START--
INFO: Run Behavior\BuildLiteBehavior [ RunTime:0.000019s ]
INFO: [ app_init ] --END-- [ RunTime:0.000442s ]
INFO: [ app_begin ] --START--
INFO: Run Behavior\ReadHtmlCacheBehavior [ RunTime:0.000884s ]
INFO: [ app_begin ] --END-- [ RunTime:0.000983s ]

[ 2016-10-27T09:14:31+08:00 ] ::1 /nuotuan/index.php?lat=102.860436&lng=24.831008
INFO: [ app_init ] --START--
INFO: Run Behavior\BuildLiteBehavior [ RunTime:0.000018s ]
INFO: [ app_init ] --END-- [ RunTime:0.000435s ]
INFO: [ app_begin ] --START--
INFO: Run Behavior\ReadHtmlCacheBehavior [ RunTime:0.000884s ]
INFO: [ app_begin ] --END-- [ RunTime:0.000959s ]

[ 2016-10-27T09:14:31+08:00 ] ::1 /nuotuan/index.php?lat=102.860436&lng=24.831008
INFO: [ app_init ] --START--
INFO: Run Behavior\BuildLiteBehavior [ RunTime:0.000016s ]
INFO: [ app_init ] --END-- [ RunTime:0.000386s ]
INFO: [ app_begin ] --START--
INFO: Run Behavior\ReadHtmlCacheBehavior [ RunTime:0.000740s ]
INFO: [ app_begin ] --END-- [ RunTime:0.000801s ]

[ 2016-10-27T09:14:44+08:00 ] ::1 /nuotuan/index.php?lat=102.860436&lng=24.831008
INFO: [ app_init ] --START--
INFO: Run Behavior\BuildLiteBehavior [ RunTime:0.000026s ]
INFO: [ app_init ] --END-- [ RunTime:0.000599s ]
INFO: [ app_begin ] --START--
INFO: Run Behavior\ReadHtmlCacheBehavior [ RunTime:0.001070s ]
INFO: [ app_begin ] --END-- [ RunTime:0.001161s ]

[ 2016-10-27T09:14:44+08:00 ] ::1 /nuotuan/index.php?lat=102.860436&lng=24.831008
INFO: [ app_init ] --START--
INFO: Run Behavior\BuildLiteBehavior [ RunTime:0.000016s ]
INFO: [ app_init ] --END-- [ RunTime:0.000412s ]
INFO: [ app_begin ] --START--
INFO: Run Behavior\ReadHtmlCacheBehavior [ RunTime:0.001099s ]
INFO: [ app_begin ] --END-- [ RunTime:0.001199s ]

[ 2016-10-27T09:14:45+08:00 ] ::1 /nuotuan/index.php?lat=102.860436&lng=24.831008
INFO: [ app_init ] --START--
INFO: Run Behavior\BuildLiteBehavior [ RunTime:0.000015s ]
INFO: [ app_init ] --END-- [ RunTime:0.000361s ]
INFO: [ app_begin ] --START--
INFO: Run Behavior\ReadHtmlCacheBehavior [ RunTime:0.000827s ]
INFO: [ app_begin ] --END-- [ RunTime:0.000891s ]

[ 2016-10-27T09:14:45+08:00 ] ::1 /nuotuan/index.php?lat=102.860436&lng=24.831008
INFO: [ app_init ] --START--
INFO: Run Behavior\BuildLiteBehavior [ RunTime:0.000015s ]
INFO: [ app_init ] --END-- [ RunTime:0.000380s ]
INFO: [ app_begin ] --START--
INFO: Run Behavior\ReadHtmlCacheBehavior [ RunTime:0.000706s ]
INFO: [ app_begin ] --END-- [ RunTime:0.000769s ]

[ 2016-10-27T09:14:45+08:00 ] ::1 /nuotuan/index.php?lat=102.860436&lng=24.831008
INFO: [ app_init ] --START--
INFO: Run Behavior\BuildLiteBehavior [ RunTime:0.000018s ]
INFO: [ app_init ] --END-- [ RunTime:0.000449s ]
INFO: [ app_begin ] --START--
INFO: Run Behavior\ReadHtmlCacheBehavior [ RunTime:0.000868s ]
INFO: [ app_begin ] --END-- [ RunTime:0.000947s ]

[ 2016-10-27T09:14:45+08:00 ] ::1 /nuotuan/index.php?lat=102.860436&lng=24.831008
INFO: [ app_init ] --START--
INFO: Run Behavior\BuildLiteBehavior [ RunTime:0.000023s ]
INFO: [ app_init ] --END-- [ RunTime:0.000523s ]
INFO: [ app_begin ] --START--
INFO: Run Behavior\ReadHtmlCacheBehavior [ RunTime:0.000765s ]
INFO: [ app_begin ] --END-- [ RunTime:0.000830s ]

[ 2016-10-27T09:14:45+08:00 ] ::1 /nuotuan/index.php?lat=102.860436&lng=24.831008
INFO: [ app_init ] --START--
INFO: Run Behavior\BuildLiteBehavior [ RunTime:0.000015s ]
INFO: [ app_init ] --END-- [ RunTime:0.000405s ]
INFO: [ app_begin ] --START--
INFO: Run Behavior\ReadHtmlCacheBehavior [ RunTime:0.000786s ]
INFO: [ app_begin ] --END-- [ RunTime:0.000857s ]

[ 2016-10-27T09:14:46+08:00 ] ::1 /nuotuan/index.php?lat=102.860436&lng=24.831008
INFO: [ app_init ] --START--
INFO: Run Behavior\BuildLiteBehavior [ RunTime:0.000023s ]
INFO: [ app_init ] --END-- [ RunTime:0.000565s ]
INFO: [ app_begin ] --START--
INFO: Run Behavior\ReadHtmlCacheBehavior [ RunTime:0.000759s ]
INFO: [ app_begin ] --END-- [ RunTime:0.000825s ]

[ 2016-10-27T09:14:46+08:00 ] ::1 /nuotuan/index.php?lat=102.860436&lng=24.831008
INFO: [ app_init ] --START--
INFO: Run Behavior\BuildLiteBehavior [ RunTime:0.000015s ]
INFO: [ app_init ] --END-- [ RunTime:0.000362s ]
INFO: [ app_begin ] --START--
INFO: Run Behavior\ReadHtmlCacheBehavior [ RunTime:0.000818s ]
INFO: [ app_begin ] --END-- [ RunTime:0.000881s ]

[ 2016-10-27T09:14:46+08:00 ] ::1 /nuotuan/index.php?lat=102.860436&lng=24.831008
INFO: [ app_init ] --START--
INFO: Run Behavior\BuildLiteBehavior [ RunTime:0.000015s ]
INFO: [ app_init ] --END-- [ RunTime:0.000358s ]
INFO: [ app_begin ] --START--
INFO: Run Behavior\ReadHtmlCacheBehavior [ RunTime:0.000707s ]
INFO: [ app_begin ] --END-- [ RunTime:0.000781s ]

[ 2016-10-27T09:14:46+08:00 ] ::1 /nuotuan/index.php?lat=102.860436&lng=24.831008
INFO: [ app_init ] --START--
INFO: Run Behavior\BuildLiteBehavior [ RunTime:0.000017s ]
INFO: [ app_init ] --END-- [ RunTime:0.000417s ]
INFO: [ app_begin ] --START--
INFO: Run Behavior\ReadHtmlCacheBehavior [ RunTime:0.000837s ]
INFO: [ app_begin ] --END-- [ RunTime:0.000934s ]

[ 2016-10-27T09:14:46+08:00 ] ::1 /nuotuan/index.php?lat=102.860436&lng=24.831008
INFO: [ app_init ] --START--
INFO: Run Behavior\BuildLiteBehavior [ RunTime:0.000018s ]
INFO: [ app_init ] --END-- [ RunTime:0.000431s ]
INFO: [ app_begin ] --START--
INFO: Run Behavior\ReadHtmlCacheBehavior [ RunTime:0.000837s ]
INFO: [ app_begin ] --END-- [ RunTime:0.000916s ]

[ 2016-10-27T09:15:58+08:00 ] ::1 /nuotuan/index.php?lat=102.860436&lng=24.831008
INFO: [ app_init ] --START--
INFO: Run Behavior\BuildLiteBehavior [ RunTime:0.000015s ]
INFO: [ app_init ] --END-- [ RunTime:0.000360s ]
INFO: [ app_begin ] --START--
INFO: Run Behavior\ReadHtmlCacheBehavior [ RunTime:0.000916s ]
INFO: [ app_begin ] --END-- [ RunTime:0.000988s ]

[ 2016-10-27T09:15:58+08:00 ] ::1 /nuotuan/index.php?lat=102.860436&lng=24.831008
INFO: [ app_init ] --START--
INFO: Run Behavior\BuildLiteBehavior [ RunTime:0.000017s ]
INFO: [ app_init ] --END-- [ RunTime:0.000436s ]
INFO: [ app_begin ] --START--
INFO: Run Behavior\ReadHtmlCacheBehavior [ RunTime:0.000722s ]
INFO: [ app_begin ] --END-- [ RunTime:0.000787s ]

[ 2016-10-27T09:15:59+08:00 ] ::1 /nuotuan/index.php?lat=102.860436&lng=24.831008
INFO: [ app_init ] --START--
INFO: Run Behavior\BuildLiteBehavior [ RunTime:0.000015s ]
INFO: [ app_init ] --END-- [ RunTime:0.000356s ]
INFO: [ app_begin ] --START--
INFO: Run Behavior\ReadHtmlCacheBehavior [ RunTime:0.000954s ]
INFO: [ app_begin ] --END-- [ RunTime:0.001053s ]

[ 2016-10-27T09:15:59+08:00 ] ::1 /nuotuan/index.php?lat=102.860436&lng=24.831008
INFO: [ app_init ] --START--
INFO: Run Behavior\BuildLiteBehavior [ RunTime:0.000014s ]
INFO: [ app_init ] --END-- [ RunTime:0.000354s ]
INFO: [ app_begin ] --START--
INFO: Run Behavior\ReadHtmlCacheBehavior [ RunTime:0.000783s ]
INFO: [ app_begin ] --END-- [ RunTime:0.000853s ]

[ 2016-10-27T09:15:59+08:00 ] ::1 /nuotuan/index.php?lat=102.860436&lng=24.831008
INFO: [ app_init ] --START--
INFO: Run Behavior\BuildLiteBehavior [ RunTime:0.000020s ]
INFO: [ app_init ] --END-- [ RunTime:0.000393s ]
INFO: [ app_begin ] --START--
INFO: Run Behavior\ReadHtmlCacheBehavior [ RunTime:0.000907s ]
INFO: [ app_begin ] --END-- [ RunTime:0.000981s ]

[ 2016-10-27T09:15:59+08:00 ] ::1 /nuotuan/index.php?lat=102.860436&lng=24.831008
INFO: [ app_init ] --START--
INFO: Run Behavior\BuildLiteBehavior [ RunTime:0.000018s ]
INFO: [ app_init ] --END-- [ RunTime:0.000420s ]
INFO: [ app_begin ] --START--
INFO: Run Behavior\ReadHtmlCacheBehavior [ RunTime:0.000840s ]
INFO: [ app_begin ] --END-- [ RunTime:0.000931s ]

[ 2016-10-27T09:16:00+08:00 ] ::1 /nuotuan/index.php?lat=102.860436&lng=24.831008
INFO: [ app_init ] --START--
INFO: Run Behavior\BuildLiteBehavior [ RunTime:0.000016s ]
INFO: [ app_init ] --END-- [ RunTime:0.000360s ]
INFO: [ app_begin ] --START--
INFO: Run Behavior\ReadHtmlCacheBehavior [ RunTime:0.000740s ]
INFO: [ app_begin ] --END-- [ RunTime:0.000801s ]

[ 2016-10-27T09:16:00+08:00 ] ::1 /nuotuan/index.php?lat=102.860436&lng=24.831008
INFO: [ app_init ] --START--
INFO: Run Behavior\BuildLiteBehavior [ RunTime:0.000017s ]
INFO: [ app_init ] --END-- [ RunTime:0.000383s ]
INFO: [ app_begin ] --START--
INFO: Run Behavior\ReadHtmlCacheBehavior [ RunTime:0.000710s ]
INFO: [ app_begin ] --END-- [ RunTime:0.000771s ]

[ 2016-10-27T09:16:00+08:00 ] ::1 /nuotuan/index.php?lat=102.860436&lng=24.831008
INFO: [ app_init ] --START--
INFO: Run Behavior\BuildLiteBehavior [ RunTime:0.000017s ]
INFO: [ app_init ] --END-- [ RunTime:0.000419s ]
INFO: [ app_begin ] --START--
INFO: Run Behavior\ReadHtmlCacheBehavior [ RunTime:0.001037s ]
INFO: [ app_begin ] --END-- [ RunTime:0.001130s ]

[ 2016-10-27T09:16:00+08:00 ] ::1 /nuotuan/index.php?lat=102.860436&lng=24.831008
INFO: [ app_init ] --START--
INFO: Run Behavior\BuildLiteBehavior [ RunTime:0.000015s ]
INFO: [ app_init ] --END-- [ RunTime:0.000354s ]
INFO: [ app_begin ] --START--
INFO: Run Behavior\ReadHtmlCacheBehavior [ RunTime:0.000979s ]
INFO: [ app_begin ] --END-- [ RunTime:0.001073s ]

[ 2016-10-27T09:16:01+08:00 ] ::1 /nuotuan/index.php?lat=102.860436&lng=24.831008
INFO: [ app_init ] --START--
INFO: Run Behavior\BuildLiteBehavior [ RunTime:0.000016s ]
INFO: [ app_init ] --END-- [ RunTime:0.000360s ]
INFO: [ app_begin ] --START--
INFO: Run Behavior\ReadHtmlCacheBehavior [ RunTime:0.000773s ]
INFO: [ app_begin ] --END-- [ RunTime:0.000840s ]

[ 2016-10-27T09:16:01+08:00 ] ::1 /nuotuan/index.php?lat=102.860436&lng=24.831008
INFO: [ app_init ] --START--
INFO: Run Behavior\BuildLiteBehavior [ RunTime:0.000016s ]
INFO: [ app_init ] --END-- [ RunTime:0.000400s ]
INFO: [ app_begin ] --START--
INFO: Run Behavior\ReadHtmlCacheBehavior [ RunTime:0.000703s ]
INFO: [ app_begin ] --END-- [ RunTime:0.000806s ]

[ 2016-10-27T09:16:01+08:00 ] ::1 /nuotuan/index.php?lat=102.860436&lng=24.831008
INFO: [ app_init ] --START--
INFO: Run Behavior\BuildLiteBehavior [ RunTime:0.000016s ]
INFO: [ app_init ] --END-- [ RunTime:0.000380s ]
INFO: [ app_begin ] --START--
INFO: Run Behavior\ReadHtmlCacheBehavior [ RunTime:0.000767s ]
INFO: [ app_begin ] --END-- [ RunTime:0.000827s ]

[ 2016-10-27T09:16:02+08:00 ] ::1 /nuotuan/index.php?lat=102.860436&lng=24.831008
INFO: [ app_init ] --START--
INFO: Run Behavior\BuildLiteBehavior [ RunTime:0.000015s ]
INFO: [ app_init ] --END-- [ RunTime:0.000387s ]
INFO: [ app_begin ] --START--
INFO: Run Behavior\ReadHtmlCacheBehavior [ RunTime:0.000709s ]
INFO: [ app_begin ] --END-- [ RunTime:0.000770s ]

[ 2016-10-27T09:16:02+08:00 ] ::1 /nuotuan/index.php?lat=102.860436&lng=24.831008
INFO: [ app_init ] --START--
INFO: Run Behavior\BuildLiteBehavior [ RunTime:0.000018s ]
INFO: [ app_init ] --END-- [ RunTime:0.000441s ]
INFO: [ app_begin ] --START--
INFO: Run Behavior\ReadHtmlCacheBehavior [ RunTime:0.001095s ]
INFO: [ app_begin ] --END-- [ RunTime:0.001196s ]

[ 2016-10-27T09:16:02+08:00 ] ::1 /nuotuan/index.php?lat=102.860436&lng=24.831008
INFO: [ app_init ] --START--
INFO: Run Behavior\BuildLiteBehavior [ RunTime:0.000015s ]
INFO: [ app_init ] --END-- [ RunTime:0.000428s ]
INFO: [ app_begin ] --START--
INFO: Run Behavior\ReadHtmlCacheBehavior [ RunTime:0.000767s ]
INFO: [ app_begin ] --END-- [ RunTime:0.000831s ]

[ 2016-10-27T09:16:02+08:00 ] ::1 /nuotuan/index.php?lat=102.860436&lng=24.831008
INFO: [ app_init ] --START--
INFO: Run Behavior\BuildLiteBehavior [ RunTime:0.000017s ]
INFO: [ app_init ] --END-- [ RunTime:0.000404s ]
INFO: [ app_begin ] --START--
INFO: Run Behavior\ReadHtmlCacheBehavior [ RunTime:0.000878s ]
INFO: [ app_begin ] --END-- [ RunTime:0.000962s ]

[ 2016-10-27T09:16:03+08:00 ] ::1 /nuotuan/index.php?lat=102.860436&lng=24.831008
INFO: [ app_init ] --START--
INFO: Run Behavior\BuildLiteBehavior [ RunTime:0.000018s ]
INFO: [ app_init ] --END-- [ RunTime:0.000419s ]
INFO: [ app_begin ] --START--
INFO: Run Behavior\ReadHtmlCacheBehavior [ RunTime:0.000856s ]
INFO: [ app_begin ] --END-- [ RunTime:0.000938s ]

[ 2016-10-27T09:16:03+08:00 ] ::1 /nuotuan/index.php?lat=102.860436&lng=24.831008
INFO: [ app_init ] --START--
INFO: Run Behavior\BuildLiteBehavior [ RunTime:0.000015s ]
INFO: [ app_init ] --END-- [ RunTime:0.000405s ]
INFO: [ app_begin ] --START--
INFO: Run Behavior\ReadHtmlCacheBehavior [ RunTime:0.000735s ]
INFO: [ app_begin ] --END-- [ RunTime:0.000798s ]

[ 2016-10-27T09:16:03+08:00 ] ::1 /nuotuan/index.php?lat=102.860436&lng=24.831008
INFO: [ app_init ] --START--
INFO: Run Behavior\BuildLiteBehavior [ RunTime:0.000014s ]
INFO: [ app_init ] --END-- [ RunTime:0.000356s ]
INFO: [ app_begin ] --START--
INFO: Run Behavior\ReadHtmlCacheBehavior [ RunTime:0.000708s ]
INFO: [ app_begin ] --END-- [ RunTime:0.000786s ]

[ 2016-10-27T09:16:04+08:00 ] ::1 /nuotuan/index.php?lat=102.860436&lng=24.831008
INFO: [ app_init ] --START--
INFO: Run Behavior\BuildLiteBehavior [ RunTime:0.000015s ]
INFO: [ app_init ] --END-- [ RunTime:0.000356s ]
INFO: [ app_begin ] --START--
INFO: Run Behavior\ReadHtmlCacheBehavior [ RunTime:0.000729s ]
INFO: [ app_begin ] --END-- [ RunTime:0.000791s ]

[ 2016-10-27T09:16:04+08:00 ] ::1 /nuotuan/index.php?lat=102.860436&lng=24.831008
INFO: [ app_init ] --START--
INFO: Run Behavior\BuildLiteBehavior [ RunTime:0.000017s ]
INFO: [ app_init ] --END-- [ RunTime:0.000426s ]
INFO: [ app_begin ] --START--
INFO: Run Behavior\ReadHtmlCacheBehavior [ RunTime:0.000854s ]
INFO: [ app_begin ] --END-- [ RunTime:0.000930s ]

[ 2016-10-27T09:16:04+08:00 ] ::1 /nuotuan/index.php?lat=102.860436&lng=24.831008
INFO: [ app_init ] --START--
INFO: Run Behavior\BuildLiteBehavior [ RunTime:0.000016s ]
INFO: [ app_init ] --END-- [ RunTime:0.000402s ]
INFO: [ app_begin ] --START--
INFO: Run Behavior\ReadHtmlCacheBehavior [ RunTime:0.000791s ]
INFO: [ app_begin ] --END-- [ RunTime:0.000864s ]

[ 2016-10-27T09:16:05+08:00 ] ::1 /nuotuan/index.php?lat=102.860436&lng=24.831008
INFO: [ app_init ] --START--
INFO: Run Behavior\BuildLiteBehavior [ RunTime:0.000015s ]
INFO: [ app_init ] --END-- [ RunTime:0.000356s ]
INFO: [ app_begin ] --START--
INFO: Run Behavior\ReadHtmlCacheBehavior [ RunTime:0.000759s ]
INFO: [ app_begin ] --END-- [ RunTime:0.000824s ]

[ 2016-10-27T09:16:05+08:00 ] ::1 /nuotuan/index.php?lat=102.860436&lng=24.831008
INFO: [ app_init ] --START--
INFO: Run Behavior\BuildLiteBehavior [ RunTime:0.000015s ]
INFO: [ app_init ] --END-- [ RunTime:0.000358s ]
INFO: [ app_begin ] --START--
INFO: Run Behavior\ReadHtmlCacheBehavior [ RunTime:0.000710s ]
INFO: [ app_begin ] --END-- [ RunTime:0.000771s ]

[ 2016-10-27T09:16:05+08:00 ] ::1 /nuotuan/index.php?lat=102.860436&lng=24.831008
INFO: [ app_init ] --START--
INFO: Run Behavior\BuildLiteBehavior [ RunTime:0.000015s ]
INFO: [ app_init ] --END-- [ RunTime:0.000360s ]
INFO: [ app_begin ] --START--
INFO: Run Behavior\ReadHtmlCacheBehavior [ RunTime:0.000716s ]
INFO: [ app_begin ] --END-- [ RunTime:0.000778s ]

[ 2016-10-27T09:16:06+08:00 ] ::1 /nuotuan/index.php?lat=102.860436&lng=24.831008
INFO: [ app_init ] --START--
INFO: Run Behavior\BuildLiteBehavior [ RunTime:0.000017s ]
INFO: [ app_init ] --END-- [ RunTime:0.000400s ]
INFO: [ app_begin ] --START--
INFO: Run Behavior\ReadHtmlCacheBehavior [ RunTime:0.000827s ]
INFO: [ app_begin ] --END-- [ RunTime:0.000900s ]

[ 2016-10-27T09:16:06+08:00 ] ::1 /nuotuan/index.php?lat=102.860436&lng=24.831008
INFO: [ app_init ] --START--
INFO: Run Behavior\BuildLiteBehavior [ RunTime:0.000020s ]
INFO: [ app_init ] --END-- [ RunTime:0.000463s ]
INFO: [ app_begin ] --START--
INFO: Run Behavior\ReadHtmlCacheBehavior [ RunTime:0.000837s ]
INFO: [ app_begin ] --END-- [ RunTime:0.000914s ]

[ 2016-10-27T09:16:07+08:00 ] ::1 /nuotuan/index.php?lat=102.860436&lng=24.831008
INFO: [ app_init ] --START--
INFO: Run Behavior\BuildLiteBehavior [ RunTime:0.000015s ]
INFO: [ app_init ] --END-- [ RunTime:0.000356s ]
INFO: [ app_begin ] --START--
INFO: Run Behavior\ReadHtmlCacheBehavior [ RunTime:0.000721s ]
INFO: [ app_begin ] --END-- [ RunTime:0.000787s ]

[ 2016-10-27T09:16:07+08:00 ] ::1 /nuotuan/index.php?lat=102.860436&lng=24.831008
INFO: [ app_init ] --START--
INFO: Run Behavior\BuildLiteBehavior [ RunTime:0.000016s ]
INFO: [ app_init ] --END-- [ RunTime:0.000424s ]
INFO: [ app_begin ] --START--
INFO: Run Behavior\ReadHtmlCacheBehavior [ RunTime:0.000747s ]
INFO: [ app_begin ] --END-- [ RunTime:0.000811s ]

[ 2016-10-27T09:16:07+08:00 ] ::1 /nuotuan/index.php?lat=102.860436&lng=24.831008
INFO: [ app_init ] --START--
INFO: Run Behavior\BuildLiteBehavior [ RunTime:0.000017s ]
INFO: [ app_init ] --END-- [ RunTime:0.000422s ]
INFO: [ app_begin ] --START--
INFO: Run Behavior\ReadHtmlCacheBehavior [ RunTime:0.000749s ]
INFO: [ app_begin ] --END-- [ RunTime:0.000810s ]

[ 2016-10-27T09:16:07+08:00 ] ::1 /nuotuan/index.php?lat=102.860436&lng=24.831008
INFO: [ app_init ] --START--
INFO: Run Behavior\BuildLiteBehavior [ RunTime:0.000015s ]
INFO: [ app_init ] --END-- [ RunTime:0.000360s ]
INFO: [ app_begin ] --START--
INFO: Run Behavior\ReadHtmlCacheBehavior [ RunTime:0.000792s ]
INFO: [ app_begin ] --END-- [ RunTime:0.000855s ]

[ 2016-10-27T09:16:08+08:00 ] ::1 /nuotuan/index.php?lat=102.860436&lng=24.831008
INFO: [ app_init ] --START--
INFO: Run Behavior\BuildLiteBehavior [ RunTime:0.000015s ]
INFO: [ app_init ] --END-- [ RunTime:0.000389s ]
INFO: [ app_begin ] --START--
INFO: Run Behavior\ReadHtmlCacheBehavior [ RunTime:0.000768s ]
INFO: [ app_begin ] --END-- [ RunTime:0.000833s ]

[ 2016-10-27T09:16:08+08:00 ] ::1 /nuotuan/index.php?lat=102.860436&lng=24.831008
INFO: [ app_init ] --START--
INFO: Run Behavior\BuildLiteBehavior [ RunTime:0.000019s ]
INFO: [ app_init ] --END-- [ RunTime:0.000433s ]
INFO: [ app_begin ] --START--
INFO: Run Behavior\ReadHtmlCacheBehavior [ RunTime:0.000759s ]
INFO: [ app_begin ] --END-- [ RunTime:0.000824s ]

[ 2016-10-27T09:16:08+08:00 ] ::1 /nuotuan/index.php?lat=102.860436&lng=24.831008
INFO: [ app_init ] --START--
INFO: Run Behavior\BuildLiteBehavior [ RunTime:0.000017s ]
INFO: [ app_init ] --END-- [ RunTime:0.000403s ]
INFO: [ app_begin ] --START--
INFO: Run Behavior\ReadHtmlCacheBehavior [ RunTime:0.000845s ]
INFO: [ app_begin ] --END-- [ RunTime:0.000916s ]

[ 2016-10-27T09:16:09+08:00 ] ::1 /nuotuan/index.php?lat=102.860436&lng=24.831008
INFO: [ app_init ] --START--
INFO: Run Behavior\BuildLiteBehavior [ RunTime:0.000015s ]
INFO: [ app_init ] --END-- [ RunTime:0.000359s ]
INFO: [ app_begin ] --START--
INFO: Run Behavior\ReadHtmlCacheBehavior [ RunTime:0.000738s ]
INFO: [ app_begin ] --END-- [ RunTime:0.000809s ]

[ 2016-10-27T09:16:09+08:00 ] ::1 /nuotuan/index.php?lat=102.860436&lng=24.831008
INFO: [ app_init ] --START--
INFO: Run Behavior\BuildLiteBehavior [ RunTime:0.000018s ]
INFO: [ app_init ] --END-- [ RunTime:0.000420s ]
INFO: [ app_begin ] --START--
INFO: Run Behavior\ReadHtmlCacheBehavior [ RunTime:0.000913s ]
INFO: [ app_begin ] --END-- [ RunTime:0.001020s ]

[ 2016-10-27T09:16:09+08:00 ] ::1 /nuotuan/index.php?lat=102.860436&lng=24.831008
INFO: [ app_init ] --START--
INFO: Run Behavior\BuildLiteBehavior [ RunTime:0.000022s ]
INFO: [ app_init ] --END-- [ RunTime:0.000459s ]
INFO: [ app_begin ] --START--
INFO: Run Behavior\ReadHtmlCacheBehavior [ RunTime:0.000736s ]
INFO: [ app_begin ] --END-- [ RunTime:0.000798s ]

[ 2016-10-27T09:16:10+08:00 ] ::1 /nuotuan/index.php?lat=102.860436&lng=24.831008
INFO: [ app_init ] --START--
INFO: Run Behavior\BuildLiteBehavior [ RunTime:0.000016s ]
INFO: [ app_init ] --END-- [ RunTime:0.000389s ]
INFO: [ app_begin ] --START--
INFO: Run Behavior\ReadHtmlCacheBehavior [ RunTime:0.000720s ]
INFO: [ app_begin ] --END-- [ RunTime:0.000807s ]

[ 2016-10-27T09:18:56+08:00 ] ::1 /nuotuan/index.php?lat=102.860436&lng=24.831008
INFO: [ app_init ] --START--
INFO: Run Behavior\BuildLiteBehavior [ RunTime:0.000018s ]
INFO: [ app_init ] --END-- [ RunTime:0.000423s ]
INFO: [ app_begin ] --START--
INFO: Run Behavior\ReadHtmlCacheBehavior [ RunTime:0.000937s ]
INFO: [ app_begin ] --END-- [ RunTime:0.001047s ]
NOTIC: [8] Use of undefined constant ture - assumed 'ture' C:\WWW\nuotuan\Application\Home\Controller\IndexController.class.php 第 121 行.

[ 2016-10-27T09:18:57+08:00 ] ::1 /nuotuan/index.php?lat=102.860436&lng=24.831008
INFO: [ app_init ] --START--
INFO: Run Behavior\BuildLiteBehavior [ RunTime:0.000016s ]
INFO: [ app_init ] --END-- [ RunTime:0.000385s ]
INFO: [ app_begin ] --START--
INFO: Run Behavior\ReadHtmlCacheBehavior [ RunTime:0.000737s ]
INFO: [ app_begin ] --END-- [ RunTime:0.000800s ]
NOTIC: [8] Use of undefined constant ture - assumed 'ture' C:\WWW\nuotuan\Application\Home\Controller\IndexController.class.php 第 121 行.

[ 2016-10-27T09:18:58+08:00 ] ::1 /nuotuan/index.php?lat=102.860436&lng=24.831008
INFO: [ app_init ] --START--
INFO: Run Behavior\BuildLiteBehavior [ RunTime:0.000015s ]
INFO: [ app_init ] --END-- [ RunTime:0.000360s ]
INFO: [ app_begin ] --START--
INFO: Run Behavior\ReadHtmlCacheBehavior [ RunTime:0.000744s ]
INFO: [ app_begin ] --END-- [ RunTime:0.000806s ]
NOTIC: [8] Use of undefined constant ture - assumed 'ture' C:\WWW\nuotuan\Application\Home\Controller\IndexController.class.php 第 121 行.

[ 2016-10-27T09:20:02+08:00 ] ::1 /nuotuan/index.php?lat=102.860436&lng=24.831008
INFO: [ app_init ] --START--
INFO: Run Behavior\BuildLiteBehavior [ RunTime:0.000017s ]
INFO: [ app_init ] --END-- [ RunTime:0.000391s ]
INFO: [ app_begin ] --START--
INFO: Run Behavior\ReadHtmlCacheBehavior [ RunTime:0.000863s ]
INFO: [ app_begin ] --END-- [ RunTime:0.000942s ]

[ 2016-10-27T09:20:03+08:00 ] ::1 /nuotuan/index.php?lat=102.860436&lng=24.831008
INFO: [ app_init ] --START--
INFO: Run Behavior\BuildLiteBehavior [ RunTime:0.000037s ]
INFO: [ app_init ] --END-- [ RunTime:0.000656s ]
INFO: [ app_begin ] --START--
INFO: Run Behavior\ReadHtmlCacheBehavior [ RunTime:0.001196s ]
INFO: [ app_begin ] --END-- [ RunTime:0.001300s ]

[ 2016-10-27T09:20:08+08:00 ] ::1 /nuotuan/index.php?lat=102.860436&lng=24.831008
INFO: [ app_init ] --START--
INFO: Run Behavior\BuildLiteBehavior [ RunTime:0.000015s ]
INFO: [ app_init ] --END-- [ RunTime:0.000361s ]
INFO: [ app_begin ] --START--
INFO: Run Behavior\ReadHtmlCacheBehavior [ RunTime:0.000791s ]
INFO: [ app_begin ] --END-- [ RunTime:0.000862s ]
NOTIC: [8] Use of undefined constant ture - assumed 'ture' C:\WWW\nuotuan\Application\Home\Controller\IndexController.class.php 第 121 行.

[ 2016-10-27T09:21:15+08:00 ] ::1 /nuotuan/index.php?lat=102.860436&lng=24.831008
INFO: [ app_init ] --START--
INFO: Run Behavior\BuildLiteBehavior [ RunTime:0.000016s ]
INFO: [ app_init ] --END-- [ RunTime:0.000372s ]
INFO: [ app_begin ] --START--
INFO: Run Behavior\ReadHtmlCacheBehavior [ RunTime:0.000762s ]
INFO: [ app_begin ] --END-- [ RunTime:0.000846s ]
NOTIC: [8] Use of undefined constant ture - assumed 'ture' C:\WWW\nuotuan\Application\Home\Controller\IndexController.class.php 第 122 行.

[ 2016-10-27T09:21:39+08:00 ] ::1 /nuotuan/index.php?lat=102.860436&lng=24.831008
INFO: [ app_init ] --START--
INFO: Run Behavior\BuildLiteBehavior [ RunTime:0.000016s ]
INFO: [ app_init ] --END-- [ RunTime:0.000367s ]
INFO: [ app_begin ] --START--
INFO: Run Behavior\ReadHtmlCacheBehavior [ RunTime:0.000769s ]
INFO: [ app_begin ] --END-- [ RunTime:0.000832s ]
NOTIC: [8] Use of undefined constant ture - assumed 'ture' C:\WWW\nuotuan\Application\Home\Controller\IndexController.class.php 第 122 行.

[ 2016-10-27T09:22:47+08:00 ] ::1 /nuotuan/index.php?lat=102.860436&lng=24.831008
INFO: [ app_init ] --START--
INFO: Run Behavior\BuildLiteBehavior [ RunTime:0.000018s ]
INFO: [ app_init ] --END-- [ RunTime:0.000438s ]
INFO: [ app_begin ] --START--
INFO: Run Behavior\ReadHtmlCacheBehavior [ RunTime:0.000873s ]
INFO: [ app_begin ] --END-- [ RunTime:0.000963s ]
NOTIC: [8] Use of undefined constant ture - assumed 'ture' C:\WWW\nuotuan\Application\Home\Controller\IndexController.class.php 第 122 行.

[ 2016-10-27T09:24:52+08:00 ] ::1 /nuotuan/index.php?lat=102.860436&lng=24.831008
INFO: [ app_init ] --START--
INFO: Run Behavior\BuildLiteBehavior [ RunTime:0.000015s ]
INFO: [ app_init ] --END-- [ RunTime:0.000373s ]
INFO: [ app_begin ] --START--
INFO: Run Behavior\ReadHtmlCacheBehavior [ RunTime:0.000787s ]
INFO: [ app_begin ] --END-- [ RunTime:0.000850s ]
NOTIC: [8] Use of undefined constant ture - assumed 'ture' C:\WWW\nuotuan\Application\Home\Controller\IndexController.class.php 第 123 行.

[ 2016-10-27T09:25:21+08:00 ] ::1 /nuotuan/index.php?lat=102.860436&lng=24.831008
INFO: [ app_init ] --START--
INFO: Run Behavior\BuildLiteBehavior [ RunTime:0.000018s ]
INFO: [ app_init ] --END-- [ RunTime:0.000421s ]
INFO: [ app_begin ] --START--
INFO: Run Behavior\ReadHtmlCacheBehavior [ RunTime:0.000810s ]
INFO: [ app_begin ] --END-- [ RunTime:0.000881s ]
NOTIC: [8] Use of undefined constant ture - assumed 'ture' C:\WWW\nuotuan\Application\Home\Controller\IndexController.class.php 第 123 行.

[ 2016-10-27T09:28:29+08:00 ] ::1 /nuotuan/index.php?lat=102.860436&lng=24.831008
INFO: [ app_init ] --START--
INFO: Run Behavior\BuildLiteBehavior [ RunTime:0.000016s ]
INFO: [ app_init ] --END-- [ RunTime:0.000363s ]
INFO: [ app_begin ] --START--
INFO: Run Behavior\ReadHtmlCacheBehavior [ RunTime:0.000842s ]
INFO: [ app_begin ] --END-- [ RunTime:0.000906s ]

[ 2016-10-27T09:38:29+08:00 ] ::1 /nuotuan/index.php?lat=102.860436&lng=24.831008
INFO: [ app_init ] --START--
INFO: Run Behavior\BuildLiteBehavior [ RunTime:0.000015s ]
INFO: [ app_init ] --END-- [ RunTime:0.000364s ]
INFO: [ app_begin ] --START--
INFO: Run Behavior\ReadHtmlCacheBehavior [ RunTime:0.000784s ]
INFO: [ app_begin ] --END-- [ RunTime:0.000846s ]

[ 2016-10-27T09:41:01+08:00 ] ::1 /nuotuan/index.php?lat=102.860436&lng=24.831008
INFO: [ app_init ] --START--
INFO: Run Behavior\BuildLiteBehavior [ RunTime:0.000020s ]
INFO: [ app_init ] --END-- [ RunTime:0.000452s ]
INFO: [ app_begin ] --START--
INFO: Run Behavior\ReadHtmlCacheBehavior [ RunTime:0.000916s ]
INFO: [ app_begin ] --END-- [ RunTime:0.000990s ]

[ 2016-10-27T09:41:44+08:00 ] ::1 /nuotuan/index.php?lat=102.860436&lng=24.831008
INFO: [ app_init ] --START--
INFO: Run Behavior\BuildLiteBehavior [ RunTime:0.000014s ]
INFO: [ app_init ] --END-- [ RunTime:0.000442s ]
INFO: [ app_begin ] --START--
INFO: Run Behavior\ReadHtmlCacheBehavior [ RunTime:0.000752s ]
INFO: [ app_begin ] --END-- [ RunTime:0.000814s ]

[ 2016-10-27T09:41:45+08:00 ] ::1 /nuotuan/index.php?lat=102.860436&lng=24.831008
INFO: [ app_init ] --START--
INFO: Run Behavior\BuildLiteBehavior [ RunTime:0.000015s ]
INFO: [ app_init ] --END-- [ RunTime:0.000362s ]
INFO: [ app_begin ] --START--
INFO: Run Behavior\ReadHtmlCacheBehavior [ RunTime:0.000728s ]
INFO: [ app_begin ] --END-- [ RunTime:0.000790s ]

[ 2016-10-27T09:41:45+08:00 ] ::1 /nuotuan/index.php?lat=102.860436&lng=24.831008
INFO: [ app_init ] --START--
INFO: Run Behavior\BuildLiteBehavior [ RunTime:0.000015s ]
INFO: [ app_init ] --END-- [ RunTime:0.000360s ]
INFO: [ app_begin ] --START--
INFO: Run Behavior\ReadHtmlCacheBehavior [ RunTime:0.000726s ]
INFO: [ app_begin ] --END-- [ RunTime:0.000788s ]

[ 2016-10-27T09:41:45+08:00 ] ::1 /nuotuan/index.php?lat=102.860436&lng=24.831008
INFO: [ app_init ] --START--
INFO: Run Behavior\BuildLiteBehavior [ RunTime:0.000016s ]
INFO: [ app_init ] --END-- [ RunTime:0.000368s ]
INFO: [ app_begin ] --START--
INFO: Run Behavior\ReadHtmlCacheBehavior [ RunTime:0.000756s ]
INFO: [ app_begin ] --END-- [ RunTime:0.000819s ]

[ 2016-10-27T09:43:35+08:00 ] ::1 /nuotuan/index.php?lat=102.860436&lng=24.831008
INFO: [ app_init ] --START--
INFO: Run Behavior\BuildLiteBehavior [ RunTime:0.000021s ]
INFO: [ app_init ] --END-- [ RunTime:0.000456s ]
INFO: [ app_begin ] --START--
INFO: Run Behavior\ReadHtmlCacheBehavior [ RunTime:0.001138s ]
INFO: [ app_begin ] --END-- [ RunTime:0.001228s ]

[ 2016-10-27T09:43:35+08:00 ] ::1 /nuotuan/index.php?lat=102.860436&lng=24.831008
INFO: [ app_init ] --START--
INFO: Run Behavior\BuildLiteBehavior [ RunTime:0.000032s ]
INFO: [ app_init ] --END-- [ RunTime:0.000387s ]
INFO: [ app_begin ] --START--
INFO: Run Behavior\ReadHtmlCacheBehavior [ RunTime:0.000857s ]
INFO: [ app_begin ] --END-- [ RunTime:0.000939s ]

[ 2016-10-27T09:43:35+08:00 ] ::1 /nuotuan/index.php?lat=102.860436&lng=24.831008
INFO: [ app_init ] --START--
INFO: Run Behavior\BuildLiteBehavior [ RunTime:0.000015s ]
INFO: [ app_init ] --END-- [ RunTime:0.000359s ]
INFO: [ app_begin ] --START--
INFO: Run Behavior\ReadHtmlCacheBehavior [ RunTime:0.000809s ]
INFO: [ app_begin ] --END-- [ RunTime:0.000876s ]

[ 2016-10-27T09:43:38+08:00 ] ::1 /nuotuan/
INFO: [ app_init ] --START--
INFO: Run Behavior\BuildLiteBehavior [ RunTime:0.000017s ]
INFO: [ app_init ] --END-- [ RunTime:0.000413s ]
INFO: [ app_begin ] --START--
INFO: Run Behavior\ReadHtmlCacheBehavior [ RunTime:0.000853s ]
INFO: [ app_begin ] --END-- [ RunTime:0.000928s ]

[ 2016-10-27T09:43:53+08:00 ] ::1 /nuotuan/
INFO: [ app_init ] --START--
INFO: Run Behavior\BuildLiteBehavior [ RunTime:0.000015s ]
INFO: [ app_init ] --END-- [ RunTime:0.000401s ]
INFO: [ app_begin ] --START--
INFO: Run Behavior\ReadHtmlCacheBehavior [ RunTime:0.000753s ]
INFO: [ app_begin ] --END-- [ RunTime:0.000815s ]

[ 2016-10-27T09:43:55+08:00 ] ::1 /nuotuan/
INFO: [ app_init ] --START--
INFO: Run Behavior\BuildLiteBehavior [ RunTime:0.000020s ]
INFO: [ app_init ] --END-- [ RunTime:0.000488s ]
INFO: [ app_begin ] --START--
INFO: Run Behavior\ReadHtmlCacheBehavior [ RunTime:0.000906s ]
INFO: [ app_begin ] --END-- [ RunTime:0.000996s ]

[ 2016-10-27T09:43:55+08:00 ] ::1 /nuotuan/
INFO: [ app_init ] --START--
INFO: Run Behavior\BuildLiteBehavior [ RunTime:0.000015s ]
INFO: [ app_init ] --END-- [ RunTime:0.000385s ]
INFO: [ app_begin ] --START--
INFO: Run Behavior\ReadHtmlCacheBehavior [ RunTime:0.000998s ]
INFO: [ app_begin ] --END-- [ RunTime:0.001086s ]

[ 2016-10-27T09:43:56+08:00 ] ::1 /nuotuan/
INFO: [ app_init ] --START--
INFO: Run Behavior\BuildLiteBehavior [ RunTime:0.000015s ]
INFO: [ app_init ] --END-- [ RunTime:0.000357s ]
INFO: [ app_begin ] --START--
INFO: Run Behavior\ReadHtmlCacheBehavior [ RunTime:0.000727s ]
INFO: [ app_begin ] --END-- [ RunTime:0.000802s ]

[ 2016-10-27T09:43:56+08:00 ] ::1 /nuotuan/
INFO: [ app_init ] --START--
INFO: Run Behavior\BuildLiteBehavior [ RunTime:0.000015s ]
INFO: [ app_init ] --END-- [ RunTime:0.000362s ]
INFO: [ app_begin ] --START--
INFO: Run Behavior\ReadHtmlCacheBehavior [ RunTime:0.000756s ]
INFO: [ app_begin ] --END-- [ RunTime:0.000820s ]

[ 2016-10-27T09:49:43+08:00 ] ::1 /nuotuan/
INFO: [ app_init ] --START--
INFO: Run Behavior\BuildLiteBehavior [ RunTime:0.000023s ]
INFO: [ app_init ] --END-- [ RunTime:0.000533s ]
INFO: [ app_begin ] --START--
INFO: Run Behavior\ReadHtmlCacheBehavior [ RunTime:0.000906s ]
INFO: [ app_begin ] --END-- [ RunTime:0.001006s ]

[ 2016-10-27T09:49:44+08:00 ] ::1 /nuotuan/
INFO: [ app_init ] --START--
INFO: Run Behavior\BuildLiteBehavior [ RunTime:0.000015s ]
INFO: [ app_init ] --END-- [ RunTime:0.000358s ]
INFO: [ app_begin ] --START--
INFO: Run Behavior\ReadHtmlCacheBehavior [ RunTime:0.000737s ]
INFO: [ app_begin ] --END-- [ RunTime:0.000800s ]

[ 2016-10-27T09:51:08+08:00 ] ::1 /nuotuan/
INFO: [ app_init ] --START--
INFO: Run Behavior\BuildLiteBehavior [ RunTime:0.000019s ]
INFO: [ app_init ] --END-- [ RunTime:0.000541s ]
INFO: [ app_begin ] --START--
INFO: Run Behavior\ReadHtmlCacheBehavior [ RunTime:0.000968s ]
INFO: [ app_begin ] --END-- [ RunTime:0.001070s ]

[ 2016-10-27T09:51:21+08:00 ] ::1 /nuotuan/
INFO: [ app_init ] --START--
INFO: Run Behavior\BuildLiteBehavior [ RunTime:0.000016s ]
INFO: [ app_init ] --END-- [ RunTime:0.000373s ]
INFO: [ app_begin ] --START--
INFO: Run Behavior\ReadHtmlCacheBehavior [ RunTime:0.001034s ]
INFO: [ app_begin ] --END-- [ RunTime:0.001144s ]

[ 2016-10-27T09:51:44+08:00 ] ::1 /nuotuan/
INFO: [ app_init ] --START--
INFO: Run Behavior\BuildLiteBehavior [ RunTime:0.000015s ]
INFO: [ app_init ] --END-- [ RunTime:0.000383s ]
INFO: [ app_begin ] --START--
INFO: Run Behavior\ReadHtmlCacheBehavior [ RunTime:0.000768s ]
INFO: [ app_begin ] --END-- [ RunTime:0.000831s ]

[ 2016-10-27T09:53:28+08:00 ] ::1 /nuotuan/
INFO: [ app_init ] --START--
INFO: Run Behavior\BuildLiteBehavior [ RunTime:0.000018s ]
INFO: [ app_init ] --END-- [ RunTime:0.000434s ]
INFO: [ app_begin ] --START--
INFO: Run Behavior\ReadHtmlCacheBehavior [ RunTime:0.000826s ]
INFO: [ app_begin ] --END-- [ RunTime:0.000900s ]

[ 2016-10-27T09:53:29+08:00 ] ::1 /nuotuan/
INFO: [ app_init ] --START--
INFO: Run Behavior\BuildLiteBehavior [ RunTime:0.000021s ]
INFO: [ app_init ] --END-- [ RunTime:0.000467s ]
INFO: [ app_begin ] --START--
INFO: Run Behavior\ReadHtmlCacheBehavior [ RunTime:0.000948s ]
INFO: [ app_begin ] --END-- [ RunTime:0.001033s ]

[ 2016-10-27T09:53:30+08:00 ] ::1 /nuotuan/
INFO: [ app_init ] --START--
INFO: Run Behavior\BuildLiteBehavior [ RunTime:0.000015s ]
INFO: [ app_init ] --END-- [ RunTime:0.000358s ]
INFO: [ app_begin ] --START--
INFO: Run Behavior\ReadHtmlCacheBehavior [ RunTime:0.000738s ]
INFO: [ app_begin ] --END-- [ RunTime:0.000800s ]

[ 2016-10-27T09:53:39+08:00 ] ::1 /nuotuan/
INFO: [ app_init ] --START--
INFO: Run Behavior\BuildLiteBehavior [ RunTime:0.000029s ]
INFO: [ app_init ] --END-- [ RunTime:0.000611s ]
INFO: [ app_begin ] --START--
INFO: Run Behavior\ReadHtmlCacheBehavior [ RunTime:0.000868s ]
INFO: [ app_begin ] --END-- [ RunTime:0.000954s ]

[ 2016-10-27T09:56:57+08:00 ] ::1 /nuotuan/
INFO: [ app_init ] --START--
INFO: Run Behavior\BuildLiteBehavior [ RunTime:0.000016s ]
INFO: [ app_init ] --END-- [ RunTime:0.000391s ]
INFO: [ app_begin ] --START--
INFO: Run Behavior\ReadHtmlCacheBehavior [ RunTime:0.000857s ]
INFO: [ app_begin ] --END-- [ RunTime:0.000925s ]
SQL: SHOW COLUMNS FROM `decodekey` [ RunTime:0.0103s ]
SQL: SELECT * FROM `decodekey` WHERE ( id = 1 ) LIMIT 1   [ RunTime:0.0003s ]

[ 2016-10-27T09:58:27+08:00 ] ::1 /nuotuan/
INFO: [ app_init ] --START--
INFO: Run Behavior\BuildLiteBehavior [ RunTime:0.000025s ]
INFO: [ app_init ] --END-- [ RunTime:0.000572s ]
INFO: [ app_begin ] --START--
INFO: Run Behavior\ReadHtmlCacheBehavior [ RunTime:0.000935s ]
INFO: [ app_begin ] --END-- [ RunTime:0.001018s ]
SQL: SHOW COLUMNS FROM `decodekey` [ RunTime:0.0098s ]
SQL: SELECT * FROM `decodekey` WHERE ( id = 1 ) LIMIT 1   [ RunTime:0.0003s ]

[ 2016-10-27T09:58:28+08:00 ] ::1 /nuotuan/
INFO: [ app_init ] --START--
INFO: Run Behavior\BuildLiteBehavior [ RunTime:0.000016s ]
INFO: [ app_init ] --END-- [ RunTime:0.000424s ]
INFO: [ app_begin ] --START--
INFO: Run Behavior\ReadHtmlCacheBehavior [ RunTime:0.000768s ]
INFO: [ app_begin ] --END-- [ RunTime:0.000830s ]
SQL: SHOW COLUMNS FROM `decodekey` [ RunTime:0.0102s ]
SQL: SELECT * FROM `decodekey` WHERE ( id = 1 ) LIMIT 1   [ RunTime:0.0003s ]

[ 2016-10-27T09:58:28+08:00 ] ::1 /nuotuan/
INFO: [ app_init ] --START--
INFO: Run Behavior\BuildLiteBehavior [ RunTime:0.000019s ]
INFO: [ app_init ] --END-- [ RunTime:0.000535s ]
INFO: [ app_begin ] --START--
INFO: Run Behavior\ReadHtmlCacheBehavior [ RunTime:0.000869s ]
INFO: [ app_begin ] --END-- [ RunTime:0.000947s ]
SQL: SHOW COLUMNS FROM `decodekey` [ RunTime:0.0104s ]
SQL: SELECT * FROM `decodekey` WHERE ( id = 1 ) LIMIT 1   [ RunTime:0.0003s ]

[ 2016-10-27T09:58:28+08:00 ] ::1 /nuotuan/
INFO: [ app_init ] --START--
INFO: Run Behavior\BuildLiteBehavior [ RunTime:0.000015s ]
INFO: [ app_init ] --END-- [ RunTime:0.000361s ]
INFO: [ app_begin ] --START--
INFO: Run Behavior\ReadHtmlCacheBehavior [ RunTime:0.000760s ]
INFO: [ app_begin ] --END-- [ RunTime:0.000822s ]
SQL: SHOW COLUMNS FROM `decodekey` [ RunTime:0.0100s ]
SQL: SELECT * FROM `decodekey` WHERE ( id = 1 ) LIMIT 1   [ RunTime:0.0003s ]

[ 2016-10-27T09:58:28+08:00 ] ::1 /nuotuan/
INFO: [ app_init ] --START--
INFO: Run Behavior\BuildLiteBehavior [ RunTime:0.000015s ]
INFO: [ app_init ] --END-- [ RunTime:0.000365s ]
INFO: [ app_begin ] --START--
INFO: Run Behavior\ReadHtmlCacheBehavior [ RunTime:0.000755s ]
INFO: [ app_begin ] --END-- [ RunTime:0.000817s ]
SQL: SHOW COLUMNS FROM `decodekey` [ RunTime:0.0102s ]
SQL: SELECT * FROM `decodekey` WHERE ( id = 1 ) LIMIT 1   [ RunTime:0.0003s ]

[ 2016-10-27T09:58:28+08:00 ] ::1 /nuotuan/
INFO: [ app_init ] --START--
INFO: Run Behavior\BuildLiteBehavior [ RunTime:0.000019s ]
INFO: [ app_init ] --END-- [ RunTime:0.000438s ]
INFO: [ app_begin ] --START--
INFO: Run Behavior\ReadHtmlCacheBehavior [ RunTime:0.000851s ]
INFO: [ app_begin ] --END-- [ RunTime:0.000930s ]
SQL: SHOW COLUMNS FROM `decodekey` [ RunTime:0.0106s ]
SQL: SELECT * FROM `decodekey` WHERE ( id = 1 ) LIMIT 1   [ RunTime:0.0003s ]

[ 2016-10-27T09:58:29+08:00 ] ::1 /nuotuan/
INFO: [ app_init ] --START--
INFO: Run Behavior\BuildLiteBehavior [ RunTime:0.000015s ]
INFO: [ app_init ] --END-- [ RunTime:0.000379s ]
INFO: [ app_begin ] --START--
INFO: Run Behavior\ReadHtmlCacheBehavior [ RunTime:0.000975s ]
INFO: [ app_begin ] --END-- [ RunTime:0.001052s ]
SQL: SHOW COLUMNS FROM `decodekey` [ RunTime:0.0103s ]
SQL: SELECT * FROM `decodekey` WHERE ( id = 1 ) LIMIT 1   [ RunTime:0.0003s ]

[ 2016-10-27T09:58:29+08:00 ] ::1 /nuotuan/
INFO: [ app_init ] --START--
INFO: Run Behavior\BuildLiteBehavior [ RunTime:0.000014s ]
INFO: [ app_init ] --END-- [ RunTime:0.000359s ]
INFO: [ app_begin ] --START--
INFO: Run Behavior\ReadHtmlCacheBehavior [ RunTime:0.000751s ]
INFO: [ app_begin ] --END-- [ RunTime:0.000813s ]
SQL: SHOW COLUMNS FROM `decodekey` [ RunTime:0.0101s ]
SQL: SELECT * FROM `decodekey` WHERE ( id = 1 ) LIMIT 1   [ RunTime:0.0003s ]

[ 2016-10-27T09:58:29+08:00 ] ::1 /nuotuan/
INFO: [ app_init ] --START--
INFO: Run Behavior\BuildLiteBehavior [ RunTime:0.000015s ]
INFO: [ app_init ] --END-- [ RunTime:0.000433s ]
INFO: [ app_begin ] --START--
INFO: Run Behavior\ReadHtmlCacheBehavior [ RunTime:0.000755s ]
INFO: [ app_begin ] --END-- [ RunTime:0.000819s ]
SQL: SHOW COLUMNS FROM `decodekey` [ RunTime:0.0101s ]
SQL: SELECT * FROM `decodekey` WHERE ( id = 1 ) LIMIT 1   [ RunTime:0.0003s ]

[ 2016-10-27T09:58:29+08:00 ] ::1 /nuotuan/
INFO: [ app_init ] --START--
INFO: Run Behavior\BuildLiteBehavior [ RunTime:0.000029s ]
INFO: [ app_init ] --END-- [ RunTime:0.000669s ]
INFO: [ app_begin ] --START--
INFO: Run Behavior\ReadHtmlCacheBehavior [ RunTime:0.000920s ]
INFO: [ app_begin ] --END-- [ RunTime:0.000997s ]
SQL: SHOW COLUMNS FROM `decodekey` [ RunTime:0.0100s ]
SQL: SELECT * FROM `decodekey` WHERE ( id = 1 ) LIMIT 1   [ RunTime:0.0003s ]

[ 2016-10-27T09:58:29+08:00 ] ::1 /nuotuan/
INFO: [ app_init ] --START--
INFO: Run Behavior\BuildLiteBehavior [ RunTime:0.000015s ]
INFO: [ app_init ] --END-- [ RunTime:0.000366s ]
INFO: [ app_begin ] --START--
INFO: Run Behavior\ReadHtmlCacheBehavior [ RunTime:0.000748s ]
INFO: [ app_begin ] --END-- [ RunTime:0.000812s ]
SQL: SHOW COLUMNS FROM `decodekey` [ RunTime:0.0099s ]
SQL: SELECT * FROM `decodekey` WHERE ( id = 1 ) LIMIT 1   [ RunTime:0.0003s ]

[ 2016-10-27T09:58:30+08:00 ] ::1 /nuotuan/
INFO: [ app_init ] --START--
INFO: Run Behavior\BuildLiteBehavior [ RunTime:0.000015s ]
INFO: [ app_init ] --END-- [ RunTime:0.000363s ]
INFO: [ app_begin ] --START--
INFO: Run Behavior\ReadHtmlCacheBehavior [ RunTime:0.000739s ]
INFO: [ app_begin ] --END-- [ RunTime:0.000801s ]
SQL: SHOW COLUMNS FROM `decodekey` [ RunTime:0.0099s ]
SQL: SELECT * FROM `decodekey` WHERE ( id = 1 ) LIMIT 1   [ RunTime:0.0003s ]

[ 2016-10-27T09:58:30+08:00 ] ::1 /nuotuan/
INFO: [ app_init ] --START--
INFO: Run Behavior\BuildLiteBehavior [ RunTime:0.000025s ]
INFO: [ app_init ] --END-- [ RunTime:0.000575s ]
INFO: [ app_begin ] --START--
INFO: Run Behavior\ReadHtmlCacheBehavior [ RunTime:0.000875s ]
INFO: [ app_begin ] --END-- [ RunTime:0.000956s ]
SQL: SHOW COLUMNS FROM `decodekey` [ RunTime:0.0099s ]
SQL: SELECT * FROM `decodekey` WHERE ( id = 1 ) LIMIT 1   [ RunTime:0.0003s ]

[ 2016-10-27T09:58:30+08:00 ] ::1 /nuotuan/
INFO: [ app_init ] --START--
INFO: Run Behavior\BuildLiteBehavior [ RunTime:0.000026s ]
INFO: [ app_init ] --END-- [ RunTime:0.000556s ]
INFO: [ app_begin ] --START--
INFO: Run Behavior\ReadHtmlCacheBehavior [ RunTime:0.000747s ]
INFO: [ app_begin ] --END-- [ RunTime:0.000810s ]
SQL: SHOW COLUMNS FROM `decodekey` [ RunTime:0.0100s ]
SQL: SELECT * FROM `decodekey` WHERE ( id = 1 ) LIMIT 1   [ RunTime:0.0004s ]

[ 2016-10-27T09:58:30+08:00 ] ::1 /nuotuan/
INFO: [ app_init ] --START--
INFO: Run Behavior\BuildLiteBehavior [ RunTime:0.000019s ]
INFO: [ app_init ] --END-- [ RunTime:0.000542s ]
INFO: [ app_begin ] --START--
INFO: Run Behavior\ReadHtmlCacheBehavior [ RunTime:0.000885s ]
INFO: [ app_begin ] --END-- [ RunTime:0.000967s ]
SQL: SHOW COLUMNS FROM `decodekey` [ RunTime:0.0036s ]
SQL: SELECT * FROM `decodekey` WHERE ( id = 1 ) LIMIT 1   [ RunTime:0.0003s ]

[ 2016-10-27T09:58:30+08:00 ] ::1 /nuotuan/
INFO: [ app_init ] --START--
INFO: Run Behavior\BuildLiteBehavior [ RunTime:0.000020s ]
INFO: [ app_init ] --END-- [ RunTime:0.000459s ]
INFO: [ app_begin ] --START--
INFO: Run Behavior\ReadHtmlCacheBehavior [ RunTime:0.000815s ]
INFO: [ app_begin ] --END-- [ RunTime:0.000889s ]
SQL: SHOW COLUMNS FROM `decodekey` [ RunTime:0.0102s ]
SQL: SELECT * FROM `decodekey` WHERE ( id = 1 ) LIMIT 1   [ RunTime:0.0007s ]

[ 2016-10-27T09:58:36+08:00 ] ::1 /nuotuan/
INFO: [ app_init ] --START--
INFO: Run Behavior\BuildLiteBehavior [ RunTime:0.000015s ]
INFO: [ app_init ] --END-- [ RunTime:0.000360s ]
INFO: [ app_begin ] --START--
INFO: Run Behavior\ReadHtmlCacheBehavior [ RunTime:0.000761s ]
INFO: [ app_begin ] --END-- [ RunTime:0.000825s ]
SQL: SHOW COLUMNS FROM `decodekey` [ RunTime:0.0101s ]
SQL: SELECT * FROM `decodekey` WHERE ( id = 1 ) LIMIT 1   [ RunTime:0.0003s ]

[ 2016-10-27T09:58:37+08:00 ] ::1 /nuotuan/
INFO: [ app_init ] --START--
INFO: Run Behavior\BuildLiteBehavior [ RunTime:0.000015s ]
INFO: [ app_init ] --END-- [ RunTime:0.000354s ]
INFO: [ app_begin ] --START--
INFO: Run Behavior\ReadHtmlCacheBehavior [ RunTime:0.000928s ]
INFO: [ app_begin ] --END-- [ RunTime:0.001033s ]
SQL: SHOW COLUMNS FROM `decodekey` [ RunTime:0.0106s ]
SQL: SELECT * FROM `decodekey` WHERE ( id = 1 ) LIMIT 1   [ RunTime:0.0003s ]

[ 2016-10-27T09:58:37+08:00 ] ::1 /nuotuan/
INFO: [ app_init ] --START--
INFO: Run Behavior\BuildLiteBehavior [ RunTime:0.000015s ]
INFO: [ app_init ] --END-- [ RunTime:0.000365s ]
INFO: [ app_begin ] --START--
INFO: Run Behavior\ReadHtmlCacheBehavior [ RunTime:0.000741s ]
INFO: [ app_begin ] --END-- [ RunTime:0.000804s ]
SQL: SHOW COLUMNS FROM `decodekey` [ RunTime:0.0097s ]
SQL: SELECT * FROM `decodekey` WHERE ( id = 1 ) LIMIT 1   [ RunTime:0.0003s ]

[ 2016-10-27T09:58:37+08:00 ] ::1 /nuotuan/
INFO: [ app_init ] --START--
INFO: Run Behavior\BuildLiteBehavior [ RunTime:0.000017s ]
INFO: [ app_init ] --END-- [ RunTime:0.000420s ]
INFO: [ app_begin ] --START--
INFO: Run Behavior\ReadHtmlCacheBehavior [ RunTime:0.000731s ]
INFO: [ app_begin ] --END-- [ RunTime:0.000795s ]
SQL: SHOW COLUMNS FROM `decodekey` [ RunTime:0.0101s ]
SQL: SELECT * FROM `decodekey` WHERE ( id = 1 ) LIMIT 1   [ RunTime:0.0003s ]

[ 2016-10-27T09:58:38+08:00 ] ::1 /nuotuan/
INFO: [ app_init ] --START--
INFO: Run Behavior\BuildLiteBehavior [ RunTime:0.000016s ]
INFO: [ app_init ] --END-- [ RunTime:0.000518s ]
INFO: [ app_begin ] --START--
INFO: Run Behavior\ReadHtmlCacheBehavior [ RunTime:0.000740s ]
INFO: [ app_begin ] --END-- [ RunTime:0.000804s ]
SQL: SHOW COLUMNS FROM `decodekey` [ RunTime:0.0100s ]
SQL: SELECT * FROM `decodekey` WHERE ( id = 1 ) LIMIT 1   [ RunTime:0.0003s ]

[ 2016-10-27T10:32:11+08:00 ] ::1 /nuotuan/index.php/Home/Reg/reg.html
INFO: [ app_init ] --START--
INFO: Run Behavior\BuildLiteBehavior [ RunTime:0.000036s ]
INFO: [ app_init ] --END-- [ RunTime:0.001049s ]
INFO: [ app_begin ] --START--
INFO: Run Behavior\ReadHtmlCacheBehavior [ RunTime:0.001678s ]
INFO: [ app_begin ] --END-- [ RunTime:0.001814s ]

[ 2016-10-27T10:32:24+08:00 ] ::1 /nuotuan/index.php/Home/Reg/reg.html
INFO: [ app_init ] --START--
INFO: Run Behavior\BuildLiteBehavior [ RunTime:0.000019s ]
INFO: [ app_init ] --END-- [ RunTime:0.000419s ]
INFO: [ app_begin ] --START--
INFO: Run Behavior\ReadHtmlCacheBehavior [ RunTime:0.000895s ]
INFO: [ app_begin ] --END-- [ RunTime:0.000970s ]
NOTIC: [8] Undefined index: name C:\WWW\nuotuan\Application\Home\Controller\RegController.class.php 第 46 行.

[ 2016-10-27T10:35:46+08:00 ] 192.168.1.1 /nuotuan/index.php/Home/Reg/Reg.html
INFO: [ app_init ] --START--
INFO: Run Behavior\BuildLiteBehavior [ RunTime:0.000032s ]
INFO: [ app_init ] --END-- [ RunTime:0.000758s ]
INFO: [ app_begin ] --START--
INFO: Run Behavior\ReadHtmlCacheBehavior [ RunTime:0.001915s ]
INFO: [ app_begin ] --END-- [ RunTime:0.002073s ]
SQL: SHOW COLUMNS FROM `user` [ RunTime:0.0059s ]
SQL: SELECT * FROM `user` WHERE ( phone =13111311112 ) LIMIT 1   [ RunTime:0.0005s ]
SQL: SHOW COLUMNS FROM `decodekey` [ RunTime:0.0038s ]
SQL: SELECT * FROM `decodekey` WHERE ( id = 1 ) LIMIT 1   [ RunTime:0.0003s ]
SQL: INSERT INTO `user` (`username`,`password`,`email`,`phone`,`token`) VALUES ('123456','e10adc3949ba59abbe56e057f20f883e','24@qq.com','13111311112','6vVfK6wA2bTOR2wJ1igiv4juhMY+qTWjXn6jyHHwTh5Om/uAwz3IA4SMDgAezSYy') [ RunTime:0.0005s ]

[ 2016-10-27T10:37:56+08:00 ] ::1 /nuotuan/index.php/Home/Reg/reg.html
INFO: [ app_init ] --START--
INFO: Run Behavior\BuildLiteBehavior [ RunTime:0.000016s ]
INFO: [ app_init ] --END-- [ RunTime:0.000367s ]
INFO: [ app_begin ] --START--
INFO: Run Behavior\ReadHtmlCacheBehavior [ RunTime:0.000793s ]
INFO: [ app_begin ] --END-- [ RunTime:0.000868s ]
NOTIC: [8] Undefined index: name C:\WWW\nuotuan\Application\Home\Controller\RegController.class.php 第 46 行.

[ 2016-10-27T10:37:56+08:00 ] ::1 /nuotuan/index.php/Home/Reg/reg.html
INFO: [ app_init ] --START--
INFO: Run Behavior\BuildLiteBehavior [ RunTime:0.000018s ]
INFO: [ app_init ] --END-- [ RunTime:0.000420s ]
INFO: [ app_begin ] --START--
INFO: Run Behavior\ReadHtmlCacheBehavior [ RunTime:0.001103s ]
INFO: [ app_begin ] --END-- [ RunTime:0.001196s ]
NOTIC: [8] Undefined index: name C:\WWW\nuotuan\Application\Home\Controller\RegController.class.php 第 46 行.

[ 2016-10-27T10:37:56+08:00 ] ::1 /nuotuan/index.php/Home/Reg/reg.html
INFO: [ app_init ] --START--
INFO: Run Behavior\BuildLiteBehavior [ RunTime:0.000015s ]
INFO: [ app_init ] --END-- [ RunTime:0.000377s ]
INFO: [ app_begin ] --START--
INFO: Run Behavior\ReadHtmlCacheBehavior [ RunTime:0.000739s ]
INFO: [ app_begin ] --END-- [ RunTime:0.000801s ]
NOTIC: [8] Undefined index: name C:\WWW\nuotuan\Application\Home\Controller\RegController.class.php 第 46 行.

[ 2016-10-27T10:44:20+08:00 ] ::1 /nuotuan/index.php/Home/Reg/reg.html
INFO: [ app_init ] --START--
INFO: Run Behavior\BuildLiteBehavior [ RunTime:0.000019s ]
INFO: [ app_init ] --END-- [ RunTime:0.000442s ]
INFO: [ app_begin ] --START--
INFO: Run Behavior\ReadHtmlCacheBehavior [ RunTime:0.001454s ]
INFO: [ app_begin ] --END-- [ RunTime:0.001581s ]
NOTIC: [8] Undefined index: name C:\WWW\nuotuan\Application\Home\Controller\RegController.class.php 第 46 行.

[ 2016-10-27T10:44:31+08:00 ] ::1 /nuotuan/index.php/Home/Reg/reg.html
INFO: [ app_init ] --START--
INFO: Run Behavior\BuildLiteBehavior [ RunTime:0.000018s ]
INFO: [ app_init ] --END-- [ RunTime:0.000416s ]
INFO: [ app_begin ] --START--
INFO: Run Behavior\ReadHtmlCacheBehavior [ RunTime:0.000811s ]
INFO: [ app_begin ] --END-- [ RunTime:0.000875s ]
NOTIC: [8] Undefined index: name C:\WWW\nuotuan\Application\Home\Controller\RegController.class.php 第 46 行.

[ 2016-10-27T10:44:31+08:00 ] ::1 /nuotuan/index.php/Home/Reg/reg.html
INFO: [ app_init ] --START--
INFO: Run Behavior\BuildLiteBehavior [ RunTime:0.000016s ]
INFO: [ app_init ] --END-- [ RunTime:0.000384s ]
INFO: [ app_begin ] --START--
INFO: Run Behavior\ReadHtmlCacheBehavior [ RunTime:0.000847s ]
INFO: [ app_begin ] --END-- [ RunTime:0.000932s ]
NOTIC: [8] Undefined index: name C:\WWW\nuotuan\Application\Home\Controller\RegController.class.php 第 46 行.

[ 2016-10-27T10:47:42+08:00 ] 192.168.1.1 /nuotuan/index.php/Home/Reg/Reg.html
INFO: [ app_init ] --START--
INFO: Run Behavior\BuildLiteBehavior [ RunTime:0.000050s ]
INFO: [ app_init ] --END-- [ RunTime:0.001248s ]
INFO: [ app_begin ] --START--
INFO: Run Behavior\ReadHtmlCacheBehavior [ RunTime:0.002894s ]
INFO: [ app_begin ] --END-- [ RunTime:0.003110s ]
SQL: SHOW COLUMNS FROM `user` [ RunTime:0.0180s ]
SQL: SELECT * FROM `user` WHERE ( phone =15687777122 ) LIMIT 1   [ RunTime:0.0010s ]
SQL: SHOW COLUMNS FROM `decodekey` [ RunTime:0.0102s ]
SQL: SELECT * FROM `decodekey` WHERE ( id = 1 ) LIMIT 1   [ RunTime:0.0008s ]
SQL: INSERT INTO `user` (`username`,`password`,`email`,`phone`,`token`) VALUES ('kanoyami','e10adc3949ba59abbe56e057f20f883e','12#@qq.com','15687777122','6vVfK6wA2bTOR2wJ1igiv4juhMY+qTWjXn6jyHHwTh5Om/uAwz3IA4SMDgAezSYy') [ RunTime:0.0010s ]

[ 2016-10-27T10:48:41+08:00 ] 192.168.1.1 /nuotuan/index.php?lng=102.861779&lat=24.832075
INFO: [ app_init ] --START--
INFO: Run Behavior\BuildLiteBehavior [ RunTime:0.000029s ]
INFO: [ app_init ] --END-- [ RunTime:0.000743s ]
INFO: [ app_begin ] --START--
INFO: Run Behavior\ReadHtmlCacheBehavior [ RunTime:0.002083s ]
INFO: [ app_begin ] --END-- [ RunTime:0.002247s ]
SQL: SHOW COLUMNS FROM `group` [ RunTime:0.0112s ]
SQL: SELECT * FROM `group` WHERE ( lng<102.961779 AND lng>102.761779 AND lat<24.932075 AND lat>24.732075 )  [ RunTime:0.0005s ]
NOTIC: [8] Undefined variable: url C:\WWW\nuotuan\Application\Home\Controller\IndexController.class.php 第 21 行.

[ 2016-10-27T10:49:05+08:00 ] 192.168.1.1 /nuotuan/index.php?lng=102.861781&lat=24.832073
INFO: [ app_init ] --START--
INFO: Run Behavior\BuildLiteBehavior [ RunTime:0.000031s ]
INFO: [ app_init ] --END-- [ RunTime:0.000760s ]
INFO: [ app_begin ] --START--
INFO: Run Behavior\ReadHtmlCacheBehavior [ RunTime:0.001627s ]
INFO: [ app_begin ] --END-- [ RunTime:0.001756s ]
SQL: SHOW COLUMNS FROM `group` [ RunTime:0.0125s ]
SQL: SELECT * FROM `group` WHERE ( lng<102.961781 AND lng>102.761781 AND lat<24.932073 AND lat>24.732073 )  [ RunTime:0.0006s ]
NOTIC: [8] Undefined variable: url C:\WWW\nuotuan\Application\Home\Controller\IndexController.class.php 第 21 行.

[ 2016-10-27T10:49:49+08:00 ] 192.168.1.1 /nuotuan/index.php/Home/Login/login.html
INFO: [ app_init ] --START--
INFO: Run Behavior\BuildLiteBehavior [ RunTime:0.000072s ]
INFO: [ app_init ] --END-- [ RunTime:0.001733s ]
INFO: [ app_begin ] --START--
INFO: Run Behavior\ReadHtmlCacheBehavior [ RunTime:0.004851s ]
INFO: [ app_begin ] --END-- [ RunTime:0.005072s ]
SQL: SHOW COLUMNS FROM `user` [ RunTime:0.0062s ]
SQL: SELECT * FROM `user` WHERE ( password ='e10adc3949ba59abbe56e057f20f883e' AND username ='kanoyami' ) LIMIT 1   [ RunTime:0.0006s ]

[ 2016-10-27T10:50:39+08:00 ] 192.168.1.1 /nuotuan/index.php?lng=102.861782&lat=24.832071
INFO: [ app_init ] --START--
INFO: Run Behavior\BuildLiteBehavior [ RunTime:0.000049s ]
INFO: [ app_init ] --END-- [ RunTime:0.001216s ]
INFO: [ app_begin ] --START--
INFO: Run Behavior\ReadHtmlCacheBehavior [ RunTime:0.003055s ]
INFO: [ app_begin ] --END-- [ RunTime:0.003265s ]
SQL: SHOW COLUMNS FROM `group` [ RunTime:0.0174s ]
SQL: SELECT * FROM `group` WHERE ( lng<102.961782 AND lng>102.761782 AND lat<24.932071 AND lat>24.732071 )  [ RunTime:0.0012s ]
NOTIC: [8] Undefined variable: url C:\WWW\nuotuan\Application\Home\Controller\IndexController.class.php 第 21 行.

[ 2016-10-27T10:50:43+08:00 ] 192.168.1.1 /nuotuan/index.php?lng=102.861784&lat=24.832068
INFO: [ app_init ] --START--
INFO: Run Behavior\BuildLiteBehavior [ RunTime:0.000043s ]
INFO: [ app_init ] --END-- [ RunTime:0.001064s ]
INFO: [ app_begin ] --START--
INFO: Run Behavior\ReadHtmlCacheBehavior [ RunTime:0.001911s ]
INFO: [ app_begin ] --END-- [ RunTime:0.002068s ]
SQL: SHOW COLUMNS FROM `group` [ RunTime:0.0115s ]
SQL: SELECT * FROM `group` WHERE ( lng<102.961784 AND lng>102.761784 AND lat<24.932068 AND lat>24.732068 )  [ RunTime:0.0005s ]
NOTIC: [8] Undefined variable: url C:\WWW\nuotuan\Application\Home\Controller\IndexController.class.php 第 21 行.

[ 2016-10-27T10:50:48+08:00 ] 192.168.1.1 /nuotuan/index.php?lng=102.86178&lat=24.832071
INFO: [ app_init ] --START--
INFO: Run Behavior\BuildLiteBehavior [ RunTime:0.000046s ]
INFO: [ app_init ] --END-- [ RunTime:0.001079s ]
INFO: [ app_begin ] --START--
INFO: Run Behavior\ReadHtmlCacheBehavior [ RunTime:0.001725s ]
INFO: [ app_begin ] --END-- [ RunTime:0.001903s ]
SQL: SHOW COLUMNS FROM `group` [ RunTime:0.0136s ]
SQL: SELECT * FROM `group` WHERE ( lng<102.96178 AND lng>102.76178 AND lat<24.932071 AND lat>24.732071 )  [ RunTime:0.0006s ]
NOTIC: [8] Undefined variable: url C:\WWW\nuotuan\Application\Home\Controller\IndexController.class.php 第 21 行.

[ 2016-10-27T10:51:07+08:00 ] 192.168.1.1 /nuotuan/index.php/Home/Login/login.html
INFO: [ app_init ] --START--
INFO: Run Behavior\BuildLiteBehavior [ RunTime:0.000032s ]
INFO: [ app_init ] --END-- [ RunTime:0.000789s ]
INFO: [ app_begin ] --START--
INFO: Run Behavior\ReadHtmlCacheBehavior [ RunTime:0.001644s ]
INFO: [ app_begin ] --END-- [ RunTime:0.001800s ]
SQL: SHOW COLUMNS FROM `user` [ RunTime:0.0060s ]
SQL: SELECT * FROM `user` WHERE ( password ='e10adc3949ba59abbe56e057f20f883e' AND username ='kanoyami' ) LIMIT 1   [ RunTime:0.0007s ]

[ 2016-10-27T10:51:17+08:00 ] 192.168.1.1 /nuotuan/index.php?lng=102.861784&lat=24.832068
INFO: [ app_init ] --START--
INFO: Run Behavior\BuildLiteBehavior [ RunTime:0.000052s ]
INFO: [ app_init ] --END-- [ RunTime:0.001422s ]
INFO: [ app_begin ] --START--
INFO: Run Behavior\ReadHtmlCacheBehavior [ RunTime:0.002665s ]
INFO: [ app_begin ] --END-- [ RunTime:0.002873s ]
SQL: SHOW COLUMNS FROM `group` [ RunTime:0.0174s ]
SQL: SELECT * FROM `group` WHERE ( lng<102.961784 AND lng>102.761784 AND lat<24.932068 AND lat>24.732068 )  [ RunTime:0.0011s ]
NOTIC: [8] Undefined variable: url C:\WWW\nuotuan\Application\Home\Controller\IndexController.class.php 第 21 行.

[ 2016-10-27T10:51:38+08:00 ] 192.168.1.1 /nuotuan/index.php?lng=102.861779&lat=24.832076
INFO: [ app_init ] --START--
INFO: Run Behavior\BuildLiteBehavior [ RunTime:0.000041s ]
INFO: [ app_init ] --END-- [ RunTime:0.000977s ]
INFO: [ app_begin ] --START--
INFO: Run Behavior\ReadHtmlCacheBehavior [ RunTime:0.001501s ]
INFO: [ app_begin ] --END-- [ RunTime:0.001621s ]
SQL: SHOW COLUMNS FROM `group` [ RunTime:0.0141s ]
SQL: SELECT * FROM `group` WHERE ( lng<102.961779 AND lng>102.761779 AND lat<24.932076 AND lat>24.732076 )  [ RunTime:0.0007s ]
NOTIC: [8] Undefined variable: url C:\WWW\nuotuan\Application\Home\Controller\IndexController.class.php 第 21 行.

[ 2016-10-27T10:51:38+08:00 ] 192.168.1.1 /nuotuan/index.php?lng=102.861782&lat=24.832074
INFO: [ app_init ] --START--
INFO: Run Behavior\BuildLiteBehavior [ RunTime:0.000017s ]
INFO: [ app_init ] --END-- [ RunTime:0.000428s ]
INFO: [ app_begin ] --START--
INFO: Run Behavior\ReadHtmlCacheBehavior [ RunTime:0.000933s ]
INFO: [ app_begin ] --END-- [ RunTime:0.001024s ]
SQL: SHOW COLUMNS FROM `group` [ RunTime:0.0100s ]
SQL: SELECT * FROM `group` WHERE ( lng<102.961782 AND lng>102.761782 AND lat<24.932074 AND lat>24.732074 )  [ RunTime:0.0004s ]
NOTIC: [8] Undefined variable: url C:\WWW\nuotuan\Application\Home\Controller\IndexController.class.php 第 21 行.

[ 2016-10-27T10:56:31+08:00 ] 192.168.1.1 /nuotuan/index.php?lng=102.861787&lat=24.832073
INFO: [ app_init ] --START--
INFO: Run Behavior\BuildLiteBehavior [ RunTime:0.000049s ]
INFO: [ app_init ] --END-- [ RunTime:0.001298s ]
INFO: [ app_begin ] --START--
INFO: Run Behavior\ReadHtmlCacheBehavior [ RunTime:0.002544s ]
INFO: [ app_begin ] --END-- [ RunTime:0.002739s ]
SQL: SHOW COLUMNS FROM `group` [ RunTime:0.0155s ]
SQL: SELECT * FROM `group` WHERE ( lng<102.961787 AND lng>102.761787 AND lat<24.932073 AND lat>24.732073 )  [ RunTime:0.0005s ]
NOTIC: [8] Undefined variable: url C:\WWW\nuotuan\Application\Home\Controller\IndexController.class.php 第 21 行.

[ 2016-10-27T10:56:45+08:00 ] 192.168.1.1 /nuotuan/index.php/Home/Login/login.html
INFO: [ app_init ] --START--
INFO: Run Behavior\BuildLiteBehavior [ RunTime:0.000033s ]
INFO: [ app_init ] --END-- [ RunTime:0.000857s ]
INFO: [ app_begin ] --START--
INFO: Run Behavior\ReadHtmlCacheBehavior [ RunTime:0.002210s ]
INFO: [ app_begin ] --END-- [ RunTime:0.002404s ]
SQL: SHOW COLUMNS FROM `user` [ RunTime:0.0124s ]
SQL: SELECT * FROM `user` WHERE ( password ='99bd40d188f2ca784100b16461282d46' AND username ='kanoyami' ) LIMIT 1   [ RunTime:0.0005s ]

[ 2016-10-27T10:56:50+08:00 ] 192.168.1.1 /nuotuan/index.php/Home/Login/login.html
INFO: [ app_init ] --START--
INFO: Run Behavior\BuildLiteBehavior [ RunTime:0.000074s ]
INFO: [ app_init ] --END-- [ RunTime:0.002192s ]
INFO: [ app_begin ] --START--
INFO: Run Behavior\ReadHtmlCacheBehavior [ RunTime:0.005271s ]
INFO: [ app_begin ] --END-- [ RunTime:0.005694s ]
SQL: SHOW COLUMNS FROM `user` [ RunTime:0.0179s ]
SQL: SELECT * FROM `user` WHERE ( password ='e10adc3949ba59abbe56e057f20f883e' AND username ='kanoyami' ) LIMIT 1   [ RunTime:0.0009s ]

[ 2016-10-27T11:18:45+08:00 ] ::1 /nuotuan/index.php/Home/Reg/reg.html
INFO: [ app_init ] --START--
INFO: Run Behavior\BuildLiteBehavior [ RunTime:0.000016s ]
INFO: [ app_init ] --END-- [ RunTime:0.000390s ]
INFO: [ app_begin ] --START--
INFO: Run Behavior\ReadHtmlCacheBehavior [ RunTime:0.001253s ]
INFO: [ app_begin ] --END-- [ RunTime:0.001348s ]
NOTIC: [8] Undefined index: name C:\WWW\nuotuan\Application\Home\Controller\RegController.class.php 第 46 行.

[ 2016-10-27T11:18:45+08:00 ] ::1 /nuotuan/index.php/Home/Reg/reg.html
INFO: [ app_init ] --START--
INFO: Run Behavior\BuildLiteBehavior [ RunTime:0.000015s ]
INFO: [ app_init ] --END-- [ RunTime:0.000389s ]
INFO: [ app_begin ] --START--
INFO: Run Behavior\ReadHtmlCacheBehavior [ RunTime:0.000901s ]
INFO: [ app_begin ] --END-- [ RunTime:0.000978s ]
NOTIC: [8] Undefined index: name C:\WWW\nuotuan\Application\Home\Controller\RegController.class.php 第 46 行.

[ 2016-10-27T11:18:46+08:00 ] ::1 /nuotuan/index.php/Home/Reg/reg.html
INFO: [ app_init ] --START--
INFO: Run Behavior\BuildLiteBehavior [ RunTime:0.000027s ]
INFO: [ app_init ] --END-- [ RunTime:0.000486s ]
INFO: [ app_begin ] --START--
INFO: Run Behavior\ReadHtmlCacheBehavior [ RunTime:0.000942s ]
INFO: [ app_begin ] --END-- [ RunTime:0.001021s ]
NOTIC: [8] Undefined index: name C:\WWW\nuotuan\Application\Home\Controller\RegController.class.php 第 46 行.

[ 2016-10-27T11:18:46+08:00 ] ::1 /nuotuan/index.php/Home/Reg/reg.html
INFO: [ app_init ] --START--
INFO: Run Behavior\BuildLiteBehavior [ RunTime:0.000017s ]
INFO: [ app_init ] --END-- [ RunTime:0.000418s ]
INFO: [ app_begin ] --START--
INFO: Run Behavior\ReadHtmlCacheBehavior [ RunTime:0.000912s ]
INFO: [ app_begin ] --END-- [ RunTime:0.000985s ]
NOTIC: [8] Undefined index: name C:\WWW\nuotuan\Application\Home\Controller\RegController.class.php 第 46 行.

[ 2016-10-27T11:18:46+08:00 ] ::1 /nuotuan/index.php/Home/Reg/reg.html
INFO: [ app_init ] --START--
INFO: Run Behavior\BuildLiteBehavior [ RunTime:0.000026s ]
INFO: [ app_init ] --END-- [ RunTime:0.000529s ]
INFO: [ app_begin ] --START--
INFO: Run Behavior\ReadHtmlCacheBehavior [ RunTime:0.000973s ]
INFO: [ app_begin ] --END-- [ RunTime:0.001062s ]
NOTIC: [8] Undefined index: name C:\WWW\nuotuan\Application\Home\Controller\RegController.class.php 第 46 行.

[ 2016-10-27T11:18:48+08:00 ] ::1 /nuotuan/index.php/Home/Reg/reg.html
INFO: [ app_init ] --START--
INFO: Run Behavior\BuildLiteBehavior [ RunTime:0.000029s ]
INFO: [ app_init ] --END-- [ RunTime:0.000640s ]
INFO: [ app_begin ] --START--
INFO: Run Behavior\ReadHtmlCacheBehavior [ RunTime:0.001294s ]
INFO: [ app_begin ] --END-- [ RunTime:0.001437s ]
NOTIC: [8] Undefined index: name C:\WWW\nuotuan\Application\Home\Controller\RegController.class.php 第 46 行.

[ 2016-10-27T11:18:48+08:00 ] ::1 /nuotuan/index.php/Home/Reg/reg.html
INFO: [ app_init ] --START--
INFO: Run Behavior\BuildLiteBehavior [ RunTime:0.000023s ]
INFO: [ app_init ] --END-- [ RunTime:0.000605s ]
INFO: [ app_begin ] --START--
INFO: Run Behavior\ReadHtmlCacheBehavior [ RunTime:0.000831s ]
INFO: [ app_begin ] --END-- [ RunTime:0.000894s ]
NOTIC: [8] Undefined index: name C:\WWW\nuotuan\Application\Home\Controller\RegController.class.php 第 46 行.

[ 2016-10-27T11:18:56+08:00 ] ::1 /nuotuan/index.php/Home/Login/login.html
INFO: [ app_init ] --START--
INFO: Run Behavior\BuildLiteBehavior [ RunTime:0.000018s ]
INFO: [ app_init ] --END-- [ RunTime:0.000431s ]
INFO: [ app_begin ] --START--
INFO: Run Behavior\ReadHtmlCacheBehavior [ RunTime:0.000925s ]
INFO: [ app_begin ] --END-- [ RunTime:0.001000s ]
NOTIC: [8] Undefined index: name C:\WWW\nuotuan\Application\Home\Controller\LoginController.class.php 第 6 行.
NOTIC: [8] Undefined index: passwords C:\WWW\nuotuan\Application\Home\Controller\LoginController.class.php 第 7 行.
SQL: SHOW COLUMNS FROM `user` [ RunTime:0.0052s ]
SQL: SELECT * FROM `user` WHERE ( password ='' AND username ='' ) LIMIT 1   [ RunTime:0.0007s ]

[ 2016-10-27T11:19:00+08:00 ] ::1 /nuotuan/index.php/Home/Login/login.html
INFO: [ app_init ] --START--
INFO: Run Behavior\BuildLiteBehavior [ RunTime:0.000020s ]
INFO: [ app_init ] --END-- [ RunTime:0.000503s ]
INFO: [ app_begin ] --START--
INFO: Run Behavior\ReadHtmlCacheBehavior [ RunTime:0.001263s ]
INFO: [ app_begin ] --END-- [ RunTime:0.001361s ]
NOTIC: [8] Undefined index: name C:\WWW\nuotuan\Application\Home\Controller\LoginController.class.php 第 6 行.
NOTIC: [8] Undefined index: passwords C:\WWW\nuotuan\Application\Home\Controller\LoginController.class.php 第 7 行.
SQL: SHOW COLUMNS FROM `user` [ RunTime:0.0102s ]
SQL: SELECT * FROM `user` WHERE ( password ='' AND username ='' ) LIMIT 1   [ RunTime:0.0003s ]

[ 2016-10-27T11:19:22+08:00 ] ::1 /nuotuan/index.php/Home/BasePremission
INFO: [ app_init ] --START--
INFO: Run Behavior\BuildLiteBehavior [ RunTime:0.000016s ]
INFO: [ app_init ] --END-- [ RunTime:0.000358s ]
INFO: [ app_begin ] --START--
INFO: Run Behavior\ReadHtmlCacheBehavior [ RunTime:0.000797s ]
INFO: [ app_begin ] --END-- [ RunTime:0.000870s ]
ERR: 无法加载控制器:BasePremission

[ 2016-10-27T11:19:49+08:00 ] ::1 /nuotuan/index.php/Home/BasePermission
INFO: [ app_init ] --START--
INFO: Run Behavior\BuildLiteBehavior [ RunTime:0.000016s ]
INFO: [ app_init ] --END-- [ RunTime:0.000413s ]
INFO: [ app_begin ] --START--
INFO: Run Behavior\ReadHtmlCacheBehavior [ RunTime:0.000794s ]
INFO: [ app_begin ] --END-- [ RunTime:0.000861s ]

[ 2016-10-27T11:20:03+08:00 ] ::1 /nuotuan/index.php/Home/Basepermission
INFO: [ app_init ] --START--
INFO: Run Behavior\BuildLiteBehavior [ RunTime:0.000016s ]
INFO: [ app_init ] --END-- [ RunTime:0.000359s ]
INFO: [ app_begin ] --START--
INFO: Run Behavior\ReadHtmlCacheBehavior [ RunTime:0.000778s ]
INFO: [ app_begin ] --END-- [ RunTime:0.000840s ]
ERR: 无法加载控制器:Basepermission

[ 2016-10-27T11:20:08+08:00 ] ::1 /nuotuan/index.php/Home/BasePermission
INFO: [ app_init ] --START--
INFO: Run Behavior\BuildLiteBehavior [ RunTime:0.000019s ]
INFO: [ app_init ] --END-- [ RunTime:0.000433s ]
INFO: [ app_begin ] --START--
INFO: Run Behavior\ReadHtmlCacheBehavior [ RunTime:0.001305s ]
INFO: [ app_begin ] --END-- [ RunTime:0.001414s ]

[ 2016-10-27T11:20:41+08:00 ] ::1 /nuotuan/index.php/Home/BasePermission
INFO: [ app_init ] --START--
INFO: Run Behavior\BuildLiteBehavior [ RunTime:0.000015s ]
INFO: [ app_init ] --END-- [ RunTime:0.000365s ]
INFO: [ app_begin ] --START--
INFO: Run Behavior\ReadHtmlCacheBehavior [ RunTime:0.000804s ]
INFO: [ app_begin ] --END-- [ RunTime:0.000866s ]

[ 2016-10-27T11:20:42+08:00 ] ::1 /nuotuan/index.php/Home/BasePermission
INFO: [ app_init ] --START--
INFO: Run Behavior\BuildLiteBehavior [ RunTime:0.000015s ]
INFO: [ app_init ] --END-- [ RunTime:0.000359s ]
INFO: [ app_begin ] --START--
INFO: Run Behavior\ReadHtmlCacheBehavior [ RunTime:0.000786s ]
INFO: [ app_begin ] --END-- [ RunTime:0.000847s ]

[ 2016-10-27T11:20:42+08:00 ] ::1 /nuotuan/index.php/Home/BasePermission
INFO: [ app_init ] --START--
INFO: Run Behavior\BuildLiteBehavior [ RunTime:0.000015s ]
INFO: [ app_init ] --END-- [ RunTime:0.000399s ]
INFO: [ app_begin ] --START--
INFO: Run Behavior\ReadHtmlCacheBehavior [ RunTime:0.000770s ]
INFO: [ app_begin ] --END-- [ RunTime:0.000830s ]

[ 2016-10-27T11:23:15+08:00 ] ::1 /nuotuan/index.php/Home/AdvancedPermission
INFO: [ app_init ] --START--
INFO: Run Behavior\BuildLiteBehavior [ RunTime:0.000016s ]
INFO: [ app_init ] --END-- [ RunTime:0.000375s ]
INFO: [ app_begin ] --START--
INFO: Run Behavior\ReadHtmlCacheBehavior [ RunTime:0.001360s ]
INFO: [ app_begin ] --END-- [ RunTime:0.001539s ]

[ 2016-10-27T11:25:41+08:00 ] ::1 /nuotuan/index.php/Home/Reg/reg.html
INFO: [ app_init ] --START--
INFO: Run Behavior\BuildLiteBehavior [ RunTime:0.000018s ]
INFO: [ app_init ] --END-- [ RunTime:0.000417s ]
INFO: [ app_begin ] --START--
INFO: Run Behavior\ReadHtmlCacheBehavior [ RunTime:0.000838s ]
INFO: [ app_begin ] --END-- [ RunTime:0.000911s ]

[ 2016-10-27T11:28:08+08:00 ] ::1 /nuotuan/index.php/Home/Reg/reg.html
INFO: [ app_init ] --START--
INFO: Run Behavior\BuildLiteBehavior [ RunTime:0.000017s ]
INFO: [ app_init ] --END-- [ RunTime:0.000447s ]
INFO: [ app_begin ] --START--
INFO: Run Behavior\ReadHtmlCacheBehavior [ RunTime:0.000904s ]
INFO: [ app_begin ] --END-- [ RunTime:0.000994s ]

[ 2016-10-27T11:28:08+08:00 ] ::1 /nuotuan/index.php/Home/Reg/reg.html
INFO: [ app_init ] --START--
INFO: Run Behavior\BuildLiteBehavior [ RunTime:0.000015s ]
INFO: [ app_init ] --END-- [ RunTime:0.000361s ]
INFO: [ app_begin ] --START--
INFO: Run Behavior\ReadHtmlCacheBehavior [ RunTime:0.000840s ]
INFO: [ app_begin ] --END-- [ RunTime:0.000904s ]

[ 2016-10-27T11:28:09+08:00 ] ::1 /nuotuan/index.php/Home/Reg/reg.html
INFO: [ app_init ] --START--
INFO: Run Behavior\BuildLiteBehavior [ RunTime:0.000018s ]
INFO: [ app_init ] --END-- [ RunTime:0.000441s ]
INFO: [ app_begin ] --START--
INFO: Run Behavior\ReadHtmlCacheBehavior [ RunTime:0.000935s ]
INFO: [ app_begin ] --END-- [ RunTime:0.001008s ]

[ 2016-10-27T11:28:09+08:00 ] ::1 /nuotuan/index.php/Home/Reg/reg.html
INFO: [ app_init ] --START--
INFO: Run Behavior\BuildLiteBehavior [ RunTime:0.000017s ]
INFO: [ app_init ] --END-- [ RunTime:0.000432s ]
INFO: [ app_begin ] --START--
INFO: Run Behavior\ReadHtmlCacheBehavior [ RunTime:0.000936s ]
INFO: [ app_begin ] --END-- [ RunTime:0.001016s ]

[ 2016-10-27T11:28:09+08:00 ] ::1 /nuotuan/index.php/Home/Reg/reg.html
INFO: [ app_init ] --START--
INFO: Run Behavior\BuildLiteBehavior [ RunTime:0.000021s ]
INFO: [ app_init ] --END-- [ RunTime:0.000500s ]
INFO: [ app_begin ] --START--
INFO: Run Behavior\ReadHtmlCacheBehavior [ RunTime:0.000886s ]
INFO: [ app_begin ] --END-- [ RunTime:0.000962s ]

[ 2016-10-27T11:28:23+08:00 ] ::1 /nuotuan/index.php/Home/Reg/reg.html
INFO: [ app_init ] --START--
INFO: Run Behavior\BuildLiteBehavior [ RunTime:0.000029s ]
INFO: [ app_init ] --END-- [ RunTime:0.000648s ]
INFO: [ app_begin ] --START--
INFO: Run Behavior\ReadHtmlCacheBehavior [ RunTime:0.000823s ]
INFO: [ app_begin ] --END-- [ RunTime:0.000916s ]

[ 2016-10-27T11:28:23+08:00 ] ::1 /nuotuan/index.php/Home/Reg/reg.html
INFO: [ app_init ] --START--
INFO: Run Behavior\BuildLiteBehavior [ RunTime:0.000016s ]
INFO: [ app_init ] --END-- [ RunTime:0.000373s ]
INFO: [ app_begin ] --START--
INFO: Run Behavior\ReadHtmlCacheBehavior [ RunTime:0.000796s ]
INFO: [ app_begin ] --END-- [ RunTime:0.000859s ]

[ 2016-10-27T11:28:24+08:00 ] ::1 /nuotuan/index.php/Home/Reg/reg.html
INFO: [ app_init ] --START--
INFO: Run Behavior\BuildLiteBehavior [ RunTime:0.000018s ]
INFO: [ app_init ] --END-- [ RunTime:0.000500s ]
INFO: [ app_begin ] --START--
INFO: Run Behavior\ReadHtmlCacheBehavior [ RunTime:0.001577s ]
INFO: [ app_begin ] --END-- [ RunTime:0.001710s ]

[ 2016-10-27T11:28:24+08:00 ] ::1 /nuotuan/index.php/Home/Reg/reg.html
INFO: [ app_init ] --START--
INFO: Run Behavior\BuildLiteBehavior [ RunTime:0.000018s ]
INFO: [ app_init ] --END-- [ RunTime:0.000435s ]
INFO: [ app_begin ] --START--
INFO: Run Behavior\ReadHtmlCacheBehavior [ RunTime:0.000942s ]
INFO: [ app_begin ] --END-- [ RunTime:0.001019s ]

[ 2016-10-27T11:29:02+08:00 ] ::1 /nuotuan/index.php
INFO: [ app_init ] --START--
INFO: Run Behavior\BuildLiteBehavior [ RunTime:0.000020s ]
INFO: [ app_init ] --END-- [ RunTime:0.000446s ]
INFO: [ app_begin ] --START--
INFO: Run Behavior\ReadHtmlCacheBehavior [ RunTime:0.000869s ]
INFO: [ app_begin ] --END-- [ RunTime:0.000943s ]

[ 2016-10-27T11:30:28+08:00 ] 192.168.1.1 /nuotuan/index.php?lng=102.861785&lat=24.832076
INFO: [ app_init ] --START--
INFO: Run Behavior\BuildLiteBehavior [ RunTime:0.000050s ]
INFO: [ app_init ] --END-- [ RunTime:0.001263s ]
INFO: [ app_begin ] --START--
INFO: Run Behavior\ReadHtmlCacheBehavior [ RunTime:0.003693s ]
INFO: [ app_begin ] --END-- [ RunTime:0.003952s ]
SQL: SHOW COLUMNS FROM `group` [ RunTime:0.0135s ]
SQL: SELECT * FROM `group` WHERE ( lng<102.961785 AND lng>102.761785 AND lat<24.932076 AND lat>24.732076 )  [ RunTime:0.0008s ]
NOTIC: [8] Undefined variable: url C:\WWW\nuotuan\Application\Home\Controller\IndexController.class.php 第 21 行.

[ 2016-10-27T11:30:48+08:00 ] 192.168.1.1 /nuotuan/index.php/Home/Login/login.html
INFO: [ app_init ] --START--
INFO: Run Behavior\BuildLiteBehavior [ RunTime:0.000031s ]
INFO: [ app_init ] --END-- [ RunTime:0.000985s ]
INFO: [ app_begin ] --START--
INFO: Run Behavior\ReadHtmlCacheBehavior [ RunTime:0.001731s ]
INFO: [ app_begin ] --END-- [ RunTime:0.001869s ]
SQL: SHOW COLUMNS FROM `user` [ RunTime:0.0120s ]
SQL: SELECT * FROM `user` WHERE ( password ='e10adc3949ba59abbe56e057f20f883e' AND username ='kanoyami' ) LIMIT 1   [ RunTime:0.0006s ]

[ 2016-10-27T11:31:18+08:00 ] 192.168.1.1 /nuotuan/index.php/Home/Reg/Reg.html
INFO: [ app_init ] --START--
INFO: Run Behavior\BuildLiteBehavior [ RunTime:0.000031s ]
INFO: [ app_init ] --END-- [ RunTime:0.000767s ]
INFO: [ app_begin ] --START--
INFO: Run Behavior\ReadHtmlCacheBehavior [ RunTime:0.001606s ]
INFO: [ app_begin ] --END-- [ RunTime:0.001729s ]
SQL: SHOW COLUMNS FROM `user` [ RunTime:0.0097s ]
SQL: SELECT * FROM `user` WHERE ( phone =13113113111 ) LIMIT 1   [ RunTime:0.0003s ]
SQL: SHOW COLUMNS FROM `decodekey` [ RunTime:0.0033s ]
SQL: SELECT * FROM `decodekey` WHERE ( id = 1 ) LIMIT 1   [ RunTime:0.0003s ]
SQL: INSERT INTO `user` (`username`,`password`,`email`,`phone`,`token`) VALUES ('211','e10adc3949ba59abbe56e057f20f883e','','13113113111','6vVfK6wA2bTOR2wJ1igiv4juhMY+qTWjXn6jyHHwTh5Om/uAwz3IA4SMDgAezSYy') [ RunTime:0.0005s ]

[ 2016-10-27T11:31:29+08:00 ] 192.168.1.1 /nuotuan/index.php/Home/Login/login.html
INFO: [ app_init ] --START--
INFO: Run Behavior\BuildLiteBehavior [ RunTime:0.000032s ]
INFO: [ app_init ] --END-- [ RunTime:0.000931s ]
INFO: [ app_begin ] --START--
INFO: Run Behavior\ReadHtmlCacheBehavior [ RunTime:0.002330s ]
INFO: [ app_begin ] --END-- [ RunTime:0.002519s ]
SQL: SHOW COLUMNS FROM `user` [ RunTime:0.0120s ]
SQL: SELECT * FROM `user` WHERE ( password ='e10adc3949ba59abbe56e057f20f883e' AND username ='211' ) LIMIT 1   [ RunTime:0.0004s ]

[ 2016-10-27T11:42:16+08:00 ] ::1 /nuotuan/index.php
INFO: [ app_init ] --START--
INFO: Run Behavior\BuildLiteBehavior [ RunTime:0.000032s ]
INFO: [ app_init ] --END-- [ RunTime:0.000807s ]
INFO: [ app_begin ] --START--
INFO: Run Behavior\ReadHtmlCacheBehavior [ RunTime:0.002121s ]
INFO: [ app_begin ] --END-- [ RunTime:0.002253s ]

[ 2016-10-27T11:42:17+08:00 ] ::1 /nuotuan/index.php
INFO: [ app_init ] --START--
INFO: Run Behavior\BuildLiteBehavior [ RunTime:0.000019s ]
INFO: [ app_init ] --END-- [ RunTime:0.000428s ]
INFO: [ app_begin ] --START--
INFO: Run Behavior\ReadHtmlCacheBehavior [ RunTime:0.000905s ]
INFO: [ app_begin ] --END-- [ RunTime:0.000984s ]

[ 2016-10-27T11:42:28+08:00 ] ::1 /nuotuan/index.php
INFO: [ app_init ] --START--
INFO: Run Behavior\BuildLiteBehavior [ RunTime:0.000045s ]
INFO: [ app_init ] --END-- [ RunTime:0.001053s ]
INFO: [ app_begin ] --START--
INFO: Run Behavior\ReadHtmlCacheBehavior [ RunTime:0.002392s ]
INFO: [ app_begin ] --END-- [ RunTime:0.002596s ]

[ 2016-10-27T11:42:29+08:00 ] ::1 /nuotuan/index.php
INFO: [ app_init ] --START--
INFO: Run Behavior\BuildLiteBehavior [ RunTime:0.000015s ]
INFO: [ app_init ] --END-- [ RunTime:0.000359s ]
INFO: [ app_begin ] --START--
INFO: Run Behavior\ReadHtmlCacheBehavior [ RunTime:0.000792s ]
INFO: [ app_begin ] --END-- [ RunTime:0.000854s ]

[ 2016-10-27T11:42:49+08:00 ] ::1 /nuotuan/index.php/Home/Login/login.html
INFO: [ app_init ] --START--
INFO: Run Behavior\BuildLiteBehavior [ RunTime:0.000030s ]
INFO: [ app_init ] --END-- [ RunTime:0.000638s ]
INFO: [ app_begin ] --START--
INFO: Run Behavior\ReadHtmlCacheBehavior [ RunTime:0.000836s ]
INFO: [ app_begin ] --END-- [ RunTime:0.000922s ]

[ 2016-10-27T11:42:54+08:00 ] ::1 /nuotuan/index.php/Home/Reg/reg.html
INFO: [ app_init ] --START--
INFO: Run Behavior\BuildLiteBehavior [ RunTime:0.000035s ]
INFO: [ app_init ] --END-- [ RunTime:0.000688s ]
INFO: [ app_begin ] --START--
INFO: Run Behavior\ReadHtmlCacheBehavior [ RunTime:0.000903s ]
INFO: [ app_begin ] --END-- [ RunTime:0.000983s ]

[ 2016-10-27T19:26:40+08:00 ] ::1 /nuotuan/index.php/Home/Reg/reg.html
INFO: [ app_init ] --START--
INFO: Run Behavior\BuildLiteBehavior [ RunTime:0.000025s ]
INFO: [ app_init ] --END-- [ RunTime:0.000969s ]
INFO: [ app_begin ] --START--
INFO: Run Behavior\ReadHtmlCacheBehavior [ RunTime:0.000798s ]
INFO: [ app_begin ] --END-- [ RunTime:0.000892s ]

[ 2016-10-27T19:26:44+08:00 ] ::1 /nuotuan/index.php
INFO: [ app_init ] --START--
INFO: Run Behavior\BuildLiteBehavior [ RunTime:0.000032s ]
INFO: [ app_init ] --END-- [ RunTime:0.000614s ]
INFO: [ app_begin ] --START--
INFO: Run Behavior\ReadHtmlCacheBehavior [ RunTime:0.000862s ]
INFO: [ app_begin ] --END-- [ RunTime:0.000993s ]

[ 2016-10-27T20:15:18+08:00 ] ::1 /nuotuan/index.php/Home/Reg/reg.html
INFO: [ app_init ] --START--
INFO: Run Behavior\BuildLiteBehavior [ RunTime:0.000076s ]
INFO: [ app_init ] --END-- [ RunTime:0.001060s ]
INFO: [ app_begin ] --START--
INFO: Run Behavior\ReadHtmlCacheBehavior [ RunTime:0.000692s ]
INFO: [ app_begin ] --END-- [ RunTime:0.000768s ]

[ 2016-10-27T20:16:21+08:00 ] ::1 /nuotuan/index.php/Home/GetGroupDynamic/GetGroupDynamic.html?token=6vVfK6wA2bTOR2wJ1igiv4juhMY+qTWjXn6jyHHwTh5Om/uAwz3IA4SMDgAezSYy
INFO: [ app_init ] --START--
INFO: Run Behavior\BuildLiteBehavior [ RunTime:0.000020s ]
INFO: [ app_init ] --END-- [ RunTime:0.000480s ]
INFO: [ app_begin ] --START--
INFO: Run Behavior\ReadHtmlCacheBehavior [ RunTime:0.001075s ]
INFO: [ app_begin ] --END-- [ RunTime:0.001202s ]
NOTIC: [8] Undefined index: token C:\WWW\nuotuan\Application\Home\Controller\Permission1Controller.class.php 第 48 行.
SQL: SHOW COLUMNS FROM `decodekey` [ RunTime:0.0047s ]
SQL: SELECT * FROM `decodekey` WHERE ( id = 1 ) LIMIT 1   [ RunTime:0.0003s ]

[ 2016-10-27T20:17:35+08:00 ] ::1 /nuotuan/index.php/Home/GetGroupDynamic/GetGroupDynamic.html?token=6vVfK6wA2bTOR2wJ1igiv4juhMY+qTWjXn6jyHHwTh5Om/uAwz3IA4SMDgAezSYy
INFO: [ app_init ] --START--
INFO: Run Behavior\BuildLiteBehavior [ RunTime:0.000031s ]
INFO: [ app_init ] --END-- [ RunTime:0.000400s ]
INFO: [ app_begin ] --START--
INFO: Run Behavior\ReadHtmlCacheBehavior [ RunTime:0.000601s ]
INFO: [ app_begin ] --END-- [ RunTime:0.000663s ]
NOTIC: [8] Undefined index: token C:\WWW\nuotuan\Application\Home\Controller\Permission1Controller.class.php 第 48 行.
SQL: SHOW COLUMNS FROM `decodekey` [ RunTime:0.0102s ]
SQL: SELECT * FROM `decodekey` WHERE ( id = 1 ) LIMIT 1   [ RunTime:0.0003s ]

[ 2016-10-27T20:17:36+08:00 ] ::1 /nuotuan/index.php/Home/GetGroupDynamic/GetGroupDynamic.html?token=6vVfK6wA2bTOR2wJ1igiv4juhMY+qTWjXn6jyHHwTh5Om/uAwz3IA4SMDgAezSYy
INFO: [ app_init ] --START--
INFO: Run Behavior\BuildLiteBehavior [ RunTime:0.000014s ]
INFO: [ app_init ] --END-- [ RunTime:0.000335s ]
INFO: [ app_begin ] --START--
INFO: Run Behavior\ReadHtmlCacheBehavior [ RunTime:0.000480s ]
INFO: [ app_begin ] --END-- [ RunTime:0.000541s ]
NOTIC: [8] Undefined index: token C:\WWW\nuotuan\Application\Home\Controller\Permission1Controller.class.php 第 48 行.
SQL: SHOW COLUMNS FROM `decodekey` [ RunTime:0.0035s ]
SQL: SELECT * FROM `decodekey` WHERE ( id = 1 ) LIMIT 1   [ RunTime:0.0003s ]

[ 2016-10-27T20:17:36+08:00 ] ::1 /nuotuan/index.php/Home/GetGroupDynamic/GetGroupDynamic.html?token=6vVfK6wA2bTOR2wJ1igiv4juhMY+qTWjXn6jyHHwTh5Om/uAwz3IA4SMDgAezSYy
INFO: [ app_init ] --START--
INFO: Run Behavior\BuildLiteBehavior [ RunTime:0.000017s ]
INFO: [ app_init ] --END-- [ RunTime:0.000396s ]
INFO: [ app_begin ] --START--
INFO: Run Behavior\ReadHtmlCacheBehavior [ RunTime:0.000499s ]
INFO: [ app_begin ] --END-- [ RunTime:0.000567s ]
NOTIC: [8] Undefined index: token C:\WWW\nuotuan\Application\Home\Controller\Permission1Controller.class.php 第 48 行.
SQL: SHOW COLUMNS FROM `decodekey` [ RunTime:0.0098s ]
SQL: SELECT * FROM `decodekey` WHERE ( id = 1 ) LIMIT 1   [ RunTime:0.0003s ]

[ 2016-10-27T20:17:44+08:00 ] ::1 /nuotuan/index.php/Home/GetGroupDynamic/GetGroupDynamic.html?token=6vVfK6wA2bTOR2wJ1igiv4juhMY+qTWjXn6jyHHwTh5Om/uAwz3IA4SMDgAezSYy
INFO: [ app_init ] --START--
INFO: Run Behavior\BuildLiteBehavior [ RunTime:0.000024s ]
INFO: [ app_init ] --END-- [ RunTime:0.000574s ]
INFO: [ app_begin ] --START--
INFO: Run Behavior\ReadHtmlCacheBehavior [ RunTime:0.000586s ]
INFO: [ app_begin ] --END-- [ RunTime:0.000654s ]
NOTIC: [8] Undefined index: token C:\WWW\nuotuan\Application\Home\Controller\Permission1Controller.class.php 第 48 行.
SQL: SHOW COLUMNS FROM `decodekey` [ RunTime:0.0094s ]
SQL: SELECT * FROM `decodekey` WHERE ( id = 1 ) LIMIT 1   [ RunTime:0.0003s ]
NOTIC: [8] Undefined variable: url C:\WWW\nuotuan\Application\Home\Controller\GetGroupDynamicController.class.php 第 14 行.

[ 2016-10-27T23:26:48+08:00 ] ::1 /nuotuan/index.php/Home/GetGroupDynamic/GetGroupDynamic.html?token=6vVfK6wA2bTOR2wJ1igiv4juhMY+qTWjXn6jyHHwTh5Om/uAwz3IA4SMDgAezSYy
INFO: [ app_init ] --START--
INFO: Run Behavior\BuildLiteBehavior [ RunTime:0.000071s ]
INFO: [ app_init ] --END-- [ RunTime:0.001709s ]
INFO: [ app_begin ] --START--
INFO: Run Behavior\ReadHtmlCacheBehavior [ RunTime:0.002380s ]
INFO: [ app_begin ] --END-- [ RunTime:0.002539s ]
NOTIC: [8] Undefined index: token C:\WWW\nuotuan\Application\Home\Controller\Permission1Controller.class.php 第 48 行.
SQL: SHOW COLUMNS FROM `decodekey` [ RunTime:0.0072s ]
SQL: SELECT * FROM `decodekey` WHERE ( id = 1 ) LIMIT 1   [ RunTime:0.0022s ]
NOTIC: [8] Undefined variable: url C:\WWW\nuotuan\Application\Home\Controller\GetGroupDynamicController.class.php 第 14 行.

